{"meta": {"format": 3, "version": "7.13.4", "timestamp": "2026-02-24T12:28:20.639702", "branch_coverage": false, "show_contexts": false}, "files": {"dribbble_mcp/__init__.py": {"executed_lines": [], "summary": {"covered_lines": 0, "num_statements": 1, "percent_covered": 0.0, "percent_covered_display": "0.00", "missing_lines": 1, "excluded_lines": 0, "percent_statements_covered": 0.0, "percent_statements_covered_display": "0.00"}, "missing_lines": [3], "excluded_lines": [], "functions": {"": {"executed_lines": [], "summary": {"covered_lines": 0, "num_statements": 1, "percent_covered": 0.0, "percent_covered_display": "0.00", "missing_lines": 1, "excluded_lines": 0, "percent_statements_covered": 0.0, "percent_statements_covered_display": "0.00"}, "missing_lines": [3], "excluded_lines": [], "start_line": 1}}, "classes": {"": {"executed_lines": [], "summary": {"covered_lines": 0, "num_statements": 1, "percent_covered": 0.0, "percent_covered_display": "0.00", "missing_lines": 1, "excluded_lines": 0, "percent_statements_covered": 0.0, "percent_statements_covered_display": "0.00"}, "missing_lines": [3], "excluded_lines": [], "start_line": 1}}}, "dribbble_mcp/health_check.py": {"executed_lines": [], "summary": {"covered_lines": 0, "num_statements": 18, "percent_covered": 0.0, "percent_covered_display": "0.00", "missing_lines": 18, "excluded_lines": 2, "percent_statements_covered": 0.0, "percent_statements_covered_display": "0.00"}, "missing_lines": [4, 5, 6, 7, 10, 13, 14, 15, 16, 17, 18, 21, 22, 29, 30, 32, 33, 34], "excluded_lines": [37, 38], "functions": {"main": {"executed_lines": [], "summary": {"covered_lines": 0, "num_statements": 13, "percent_covered": 0.0, "percent_covered_display": "0.00", "missing_lines": 13, "excluded_lines": 0, "percent_statements_covered": 0.0, "percent_statements_covered_display": "0.00"}, "missing_lines": [13, 14, 15, 16, 17, 18, 21, 22, 29, 30, 32, 33, 34], "excluded_lines": [], "start_line": 10}, "": {"executed_lines": [], "summary": {"covered_lines": 0, "num_statements": 5, "percent_covered": 0.0, "percent_covered_display": "0.00", "missing_lines": 5, "excluded_lines": 2, "percent_statements_covered": 0.0, "percent_statements_covered_display": "0.00"}, "missing_lines": [4, 5, 6, 7, 10], "excluded_lines": [37, 38], "start_line": 1}}, "classes": {"": {"executed_lines": [], "summary": {"covered_lines": 0, "num_statements": 18, "percent_covered": 0.0, "percent_covered_display": "0.00", "missing_lines": 18, "excluded_lines": 2, "percent_statements_covered": 0.0, "percent_statements_covered_display": "0.00"}, "missing_lines": [4, 5, 6, 7, 10, 13, 14, 15, 16, 17, 18, 21, 22, 29, 30, 32, 33, 34], "excluded_lines": [37, 38], "start_line": 1}}}, "dribbble_mcp/image_analysis.py": {"executed_lines": [], "summary": {"covered_lines": 0, "num_statements": 76, "percent_covered": 0.0, "percent_covered_display": "0.00", "missing_lines": 76, "excluded_lines": 0, "percent_statements_covered": 0.0, "percent_statements_covered_display": "0.00"}, "missing_lines": [3, 5, 6, 7, 9, 12, 14, 15, 16, 19, 22, 23, 25, 39, 40, 41, 43, 45, 46, 47, 48, 49, 50, 51, 52, 54, 56, 69, 70, 71, 72, 73, 75, 76, 77, 78, 79, 80, 82, 83, 84, 86, 88, 97, 98, 99, 108, 109, 110, 111, 112, 113, 116, 125, 126, 127, 128, 129, 130, 132, 133, 134, 135, 137, 139, 140, 141, 142, 143, 144, 145, 146, 147, 148, 149, 151], "excluded_lines": [], "functions": {"ImageAnalyzer.__init__": {"executed_lines": [], "summary": {"covered_lines": 0, "num_statements": 1, "percent_covered": 0.0, "percent_covered_display": "0.00", "missing_lines": 1, "excluded_lines": 0, "percent_statements_covered": 0.0, "percent_statements_covered_display": "0.00"}, "missing_lines": [23], "excluded_lines": [], "start_line": 22}, "ImageAnalyzer.analyze_from_url": {"executed_lines": [], "summary": {"covered_lines": 0, "num_statements": 13, "percent_covered": 0.0, "percent_covered_display": "0.00", "missing_lines": 13, "excluded_lines": 0, "percent_statements_covered": 0.0, "percent_statements_covered_display": "0.00"}, "missing_lines": [39, 40, 41, 43, 45, 46, 47, 48, 49, 50, 51, 52, 54], "excluded_lines": [], "start_line": 25}, "ImageAnalyzer.analyze_from_bytes": {"executed_lines": [], "summary": {"covered_lines": 0, "num_statements": 16, "percent_covered": 0.0, "percent_covered_display": "0.00", "missing_lines": 16, "excluded_lines": 0, "percent_statements_covered": 0.0, "percent_statements_covered_display": "0.00"}, "missing_lines": [69, 70, 71, 72, 73, 75, 76, 77, 78, 79, 80, 82, 83, 84, 86, 88], "excluded_lines": [], "start_line": 56}, "ImageAnalyzer._download": {"executed_lines": [], "summary": {"covered_lines": 0, "num_statements": 8, "percent_covered": 0.0, "percent_covered_display": "0.00", "missing_lines": 8, "excluded_lines": 0, "percent_statements_covered": 0.0, "percent_statements_covered_display": "0.00"}, "missing_lines": [98, 99, 108, 109, 110, 111, 112, 113], "excluded_lines": [], "start_line": 97}, "_extract_dominant_colors": {"executed_lines": [], "summary": {"covered_lines": 0, "num_statements": 23, "percent_covered": 0.0, "percent_covered_display": "0.00", "missing_lines": 23, "excluded_lines": 0, "percent_statements_covered": 0.0, "percent_statements_covered_display": "0.00"}, "missing_lines": [125, 126, 127, 128, 129, 130, 132, 133, 134, 135, 137, 139, 140, 141, 142, 143, 144, 145, 146, 147, 148, 149, 151], "excluded_lines": [], "start_line": 116}, "": {"executed_lines": [], "summary": {"covered_lines": 0, "num_statements": 15, "percent_covered": 0.0, "percent_covered_display": "0.00", "missing_lines": 15, "excluded_lines": 0, "percent_statements_covered": 0.0, "percent_statements_covered_display": "0.00"}, "missing_lines": [3, 5, 6, 7, 9, 12, 14, 15, 16, 19, 22, 25, 56, 97, 116], "excluded_lines": [], "start_line": 1}}, "classes": {"ImageAnalyzer": {"executed_lines": [], "summary": {"covered_lines": 0, "num_statements": 38, "percent_covered": 0.0, "percent_covered_display": "0.00", "missing_lines": 38, "excluded_lines": 0, "percent_statements_covered": 0.0, "percent_statements_covered_display": "0.00"}, "missing_lines": [23, 39, 40, 41, 43, 45, 46, 47, 48, 49, 50, 51, 52, 54, 69, 70, 71, 72, 73, 75, 76, 77, 78, 79, 80, 82, 83, 84, 86, 88, 98, 99, 108, 109, 110, 111, 112, 113], "excluded_lines": [], "start_line": 19}, "": {"executed_lines": [], "summary": {"covered_lines": 0, "num_statements": 38, "percent_covered": 0.0, "percent_covered_display": "0.00", "missing_lines": 38, "excluded_lines": 0, "percent_statements_covered": 0.0, "percent_statements_covered_display": "0.00"}, "missing_lines": [3, 5, 6, 7, 9, 12, 14, 15, 16, 19, 22, 25, 56, 97, 116, 125, 126, 127, 128, 129, 130, 132, 133, 134, 135, 137, 139, 140, 141, 142, 143, 144, 145, 146, 147, 148, 149, 151], "excluded_lines": [], "start_line": 1}}}, "dribbble_mcp/scraper.py": {"executed_lines": [], "summary": {"covered_lines": 0, "num_statements": 176, "percent_covered": 0.0, "percent_covered_display": "0.00", "missing_lines": 176, "excluded_lines": 0, "percent_statements_covered": 0.0, "percent_statements_covered_display": "0.00"}, "missing_lines": [3, 5, 6, 7, 8, 9, 11, 12, 15, 17, 18, 20, 34, 35, 47, 50, 56, 57, 58, 59, 61, 62, 63, 64, 65, 67, 68, 69, 70, 71, 73, 74, 75, 76, 77, 78, 80, 101, 102, 103, 105, 107, 108, 109, 110, 111, 112, 113, 114, 116, 117, 119, 121, 122, 123, 124, 125, 126, 127, 128, 130, 131, 133, 134, 135, 137, 138, 139, 140, 141, 143, 144, 145, 146, 148, 149, 151, 152, 153, 154, 155, 157, 158, 159, 161, 162, 164, 165, 166, 167, 169, 170, 172, 173, 174, 175, 176, 177, 179, 180, 181, 183, 184, 185, 186, 187, 189, 190, 191, 193, 204, 214, 215, 216, 218, 220, 221, 222, 223, 224, 225, 226, 227, 229, 231, 232, 234, 235, 236, 237, 239, 240, 242, 243, 244, 245, 246, 248, 249, 250, 251, 252, 254, 255, 256, 257, 258, 260, 261, 263, 264, 266, 267, 268, 269, 270, 271, 272, 274, 288, 289, 290, 291, 292, 293, 294, 295, 296, 297, 298, 299, 302, 303, 304, 305, 306], "excluded_lines": [], "functions": {"DribbbleScraper.__init__": {"executed_lines": [], "summary": {"covered_lines": 0, "num_statements": 4, "percent_covered": 0.0, "percent_covered_display": "0.00", "missing_lines": 4, "excluded_lines": 0, "percent_statements_covered": 0.0, "percent_statements_covered_display": "0.00"}, "missing_lines": [56, 57, 58, 59], "excluded_lines": [], "start_line": 50}, "DribbbleScraper._build_headers": {"executed_lines": [], "summary": {"covered_lines": 0, "num_statements": 4, "percent_covered": 0.0, "percent_covered_display": "0.00", "missing_lines": 4, "excluded_lines": 0, "percent_statements_covered": 0.0, "percent_statements_covered_display": "0.00"}, "missing_lines": [62, 63, 64, 65], "excluded_lines": [], "start_line": 61}, "DribbbleScraper._throttle": {"executed_lines": [], "summary": {"covered_lines": 0, "num_statements": 4, "percent_covered": 0.0, "percent_covered_display": "0.00", "missing_lines": 4, "excluded_lines": 0, "percent_statements_covered": 0.0, "percent_statements_covered_display": "0.00"}, "missing_lines": [68, 69, 70, 71], "excluded_lines": [], "start_line": 67}, "DribbbleScraper._get": {"executed_lines": [], "summary": {"covered_lines": 0, "num_statements": 5, "percent_covered": 0.0, "percent_covered_display": "0.00", "missing_lines": 5, "excluded_lines": 0, "percent_statements_covered": 0.0, "percent_statements_covered_display": "0.00"}, "missing_lines": [74, 75, 76, 77, 78], "excluded_lines": [], "start_line": 73}, "DribbbleScraper.search_shots": {"executed_lines": [], "summary": {"covered_lines": 0, "num_statements": 25, "percent_covered": 0.0, "percent_covered_display": "0.00", "missing_lines": 25, "excluded_lines": 0, "percent_statements_covered": 0.0, "percent_statements_covered_display": "0.00"}, "missing_lines": [101, 102, 103, 105, 107, 108, 109, 110, 111, 112, 113, 114, 116, 117, 119, 121, 122, 123, 124, 125, 126, 127, 128, 130, 131], "excluded_lines": [], "start_line": 80}, "DribbbleScraper._parse_search_results": {"executed_lines": [], "summary": {"covered_lines": 0, "num_statements": 13, "percent_covered": 0.0, "percent_covered_display": "0.00", "missing_lines": 13, "excluded_lines": 0, "percent_statements_covered": 0.0, "percent_statements_covered_display": "0.00"}, "missing_lines": [134, 135, 137, 138, 139, 140, 141, 143, 144, 145, 146, 148, 149], "excluded_lines": [], "start_line": 133}, "DribbbleScraper._extract_shot_from_list_item": {"executed_lines": [], "summary": {"covered_lines": 0, "num_statements": 33, "percent_covered": 0.0, "percent_covered_display": "0.00", "missing_lines": 33, "excluded_lines": 0, "percent_statements_covered": 0.0, "percent_statements_covered_display": "0.00"}, "missing_lines": [152, 153, 154, 155, 157, 158, 159, 161, 162, 164, 165, 166, 167, 169, 170, 172, 173, 174, 175, 176, 177, 179, 180, 181, 183, 184, 185, 186, 187, 189, 190, 191, 193], "excluded_lines": [], "start_line": 151}, "DribbbleScraper.get_shot_details": {"executed_lines": [], "summary": {"covered_lines": 0, "num_statements": 13, "percent_covered": 0.0, "percent_covered_display": "0.00", "missing_lines": 13, "excluded_lines": 0, "percent_statements_covered": 0.0, "percent_statements_covered_display": "0.00"}, "missing_lines": [214, 215, 216, 218, 220, 221, 222, 223, 224, 225, 226, 227, 229], "excluded_lines": [], "start_line": 204}, "DribbbleScraper._parse_shot_page": {"executed_lines": [], "summary": {"covered_lines": 0, "num_statements": 34, "percent_covered": 0.0, "percent_covered_display": "0.00", "missing_lines": 34, "excluded_lines": 0, "percent_statements_covered": 0.0, "percent_statements_covered_display": "0.00"}, "missing_lines": [232, 234, 235, 236, 237, 239, 240, 242, 243, 244, 245, 246, 248, 249, 250, 251, 252, 254, 255, 256, 257, 258, 260, 261, 263, 264, 266, 267, 268, 269, 270, 271, 272, 274], "excluded_lines": [], "start_line": 231}, "_parse_count": {"executed_lines": [], "summary": {"covered_lines": 0, "num_statements": 11, "percent_covered": 0.0, "percent_covered_display": "0.00", "missing_lines": 11, "excluded_lines": 0, "percent_statements_covered": 0.0, "percent_statements_covered_display": "0.00"}, "missing_lines": [289, 290, 291, 292, 293, 294, 295, 296, 297, 298, 299], "excluded_lines": [], "start_line": 288}, "_extract_hex_from_style": {"executed_lines": [], "summary": {"covered_lines": 0, "num_statements": 4, "percent_covered": 0.0, "percent_covered_display": "0.00", "missing_lines": 4, "excluded_lines": 0, "percent_statements_covered": 0.0, "percent_statements_covered_display": "0.00"}, "missing_lines": [303, 304, 305, 306], "excluded_lines": [], "start_line": 302}, "": {"executed_lines": [], "summary": {"covered_lines": 0, "num_statements": 26, "percent_covered": 0.0, "percent_covered_display": "0.00", "missing_lines": 26, "excluded_lines": 0, "percent_statements_covered": 0.0, "percent_statements_covered_display": "0.00"}, "missing_lines": [3, 5, 6, 7, 8, 9, 11, 12, 15, 17, 18, 20, 34, 35, 47, 50, 61, 67, 73, 80, 133, 151, 204, 231, 288, 302], "excluded_lines": [], "start_line": 1}}, "classes": {"DribbbleScraper": {"executed_lines": [], "summary": {"covered_lines": 0, "num_statements": 135, "percent_covered": 0.0, "percent_covered_display": "0.00", "missing_lines": 135, "excluded_lines": 0, "percent_statements_covered": 0.0, "percent_statements_covered_display": "0.00"}, "missing_lines": [56, 57, 58, 59, 62, 63, 64, 65, 68, 69, 70, 71, 74, 75, 76, 77, 78, 101, 102, 103, 105, 107, 108, 109, 110, 111, 112, 113, 114, 116, 117, 119, 121, 122, 123, 124, 125, 126, 127, 128, 130, 131, 134, 135, 137, 138, 139, 140, 141, 143, 144, 145, 146, 148, 149, 152, 153, 154, 155, 157, 158, 159, 161, 162, 164, 165, 166, 167, 169, 170, 172, 173, 174, 175, 176, 177, 179, 180, 181, 183, 184, 185, 186, 187, 189, 190, 191, 193, 214, 215, 216, 218, 220, 221, 222, 223, 224, 225, 226, 227, 229, 232, 234, 235, 236, 237, 239, 240, 242, 243, 244, 245, 246, 248, 249, 250, 251, 252, 254, 255, 256, 257, 258, 260, 261, 263, 264, 266, 267, 268, 269, 270, 271, 272, 274], "excluded_lines": [], "start_line": 47}, "": {"executed_lines": [], "summary": {"covered_lines": 0, "num_statements": 41, "percent_covered": 0.0, "percent_covered_display": "0.00", "missing_lines": 41, "excluded_lines": 0, "percent_statements_covered": 0.0, "percent_statements_covered_display": "0.00"}, "missing_lines": [3, 5, 6, 7, 8, 9, 11, 12, 15, 17, 18, 20, 34, 35, 47, 50, 61, 67, 73, 80, 133, 151, 204, 231, 288, 289, 290, 291, 292, 293, 294, 295, 296, 297, 298, 299, 302, 303, 304, 305, 306], "excluded_lines": [], "start_line": 1}}}, "dribbble_mcp/screenshot.py": {"executed_lines": [], "summary": {"covered_lines": 0, "num_statements": 80, "percent_covered": 0.0, "percent_covered_display": "0.00", "missing_lines": 80, "excluded_lines": 0, "percent_statements_covered": 0.0, "percent_statements_covered_display": "0.00"}, "missing_lines": [3, 5, 6, 7, 10, 11, 12, 13, 14, 15, 18, 20, 28, 29, 36, 39, 40, 42, 56, 57, 58, 60, 61, 62, 64, 66, 67, 68, 69, 70, 71, 72, 73, 74, 76, 77, 78, 79, 80, 81, 82, 84, 85, 87, 89, 90, 91, 92, 93, 94, 95, 96, 97, 98, 101, 112, 113, 114, 116, 117, 118, 120, 121, 122, 123, 124, 125, 126, 128, 129, 130, 131, 132, 133, 134, 135, 136, 138, 139, 141], "excluded_lines": [], "functions": {"ScreenshotCapture.__init__": {"executed_lines": [], "summary": {"covered_lines": 0, "num_statements": 1, "percent_covered": 0.0, "percent_covered_display": "0.00", "missing_lines": 1, "excluded_lines": 0, "percent_statements_covered": 0.0, "percent_statements_covered_display": "0.00"}, "missing_lines": [40], "excluded_lines": [], "start_line": 39}, "ScreenshotCapture.capture_shot": {"executed_lines": [], "summary": {"covered_lines": 0, "num_statements": 16, "percent_covered": 0.0, "percent_covered_display": "0.00", "missing_lines": 16, "excluded_lines": 0, "percent_statements_covered": 0.0, "percent_statements_covered_display": "0.00"}, "missing_lines": [56, 57, 58, 60, 61, 62, 64, 66, 67, 68, 69, 70, 71, 72, 73, 74], "excluded_lines": [], "start_line": 42}, "ScreenshotCapture._do_capture": {"executed_lines": [], "summary": {"covered_lines": 0, "num_statements": 9, "percent_covered": 0.0, "percent_covered_display": "0.00", "missing_lines": 9, "excluded_lines": 0, "percent_statements_covered": 0.0, "percent_statements_covered_display": "0.00"}, "missing_lines": [77, 78, 79, 80, 81, 82, 84, 85, 87], "excluded_lines": [], "start_line": 76}, "ScreenshotCapture._capture_element": {"executed_lines": [], "summary": {"covered_lines": 0, "num_statements": 9, "percent_covered": 0.0, "percent_covered_display": "0.00", "missing_lines": 9, "excluded_lines": 0, "percent_statements_covered": 0.0, "percent_statements_covered_display": "0.00"}, "missing_lines": [90, 91, 92, 93, 94, 95, 96, 97, 98], "excluded_lines": [], "start_line": 89}, "capture_shot_async": {"executed_lines": [], "summary": {"covered_lines": 0, "num_statements": 25, "percent_covered": 0.0, "percent_covered_display": "0.00", "missing_lines": 25, "excluded_lines": 0, "percent_statements_covered": 0.0, "percent_statements_covered_display": "0.00"}, "missing_lines": [112, 113, 114, 116, 117, 118, 120, 121, 122, 123, 124, 125, 126, 128, 129, 130, 131, 132, 133, 134, 135, 136, 138, 139, 141], "excluded_lines": [], "start_line": 101}, "": {"executed_lines": [], "summary": {"covered_lines": 0, "num_statements": 20, "percent_covered": 0.0, "percent_covered_display": "0.00", "missing_lines": 20, "excluded_lines": 0, "percent_statements_covered": 0.0, "percent_statements_covered_display": "0.00"}, "missing_lines": [3, 5, 6, 7, 10, 11, 12, 13, 14, 15, 18, 20, 28, 29, 36, 39, 42, 76, 89, 101], "excluded_lines": [], "start_line": 1}}, "classes": {"ScreenshotCapture": {"executed_lines": [], "summary": {"covered_lines": 0, "num_statements": 35, "percent_covered": 0.0, "percent_covered_display": "0.00", "missing_lines": 35, "excluded_lines": 0, "percent_statements_covered": 0.0, "percent_statements_covered_display": "0.00"}, "missing_lines": [40, 56, 57, 58, 60, 61, 62, 64, 66, 67, 68, 69, 70, 71, 72, 73, 74, 77, 78, 79, 80, 81, 82, 84, 85, 87, 90, 91, 92, 93, 94, 95, 96, 97, 98], "excluded_lines": [], "start_line": 36}, "": {"executed_lines": [], "summary": {"covered_lines": 0, "num_statements": 45, "percent_covered": 0.0, "percent_covered_display": "0.00", "missing_lines": 45, "excluded_lines": 0, "percent_statements_covered": 0.0, "percent_statements_covered_display": "0.00"}, "missing_lines": [3, 5, 6, 7, 10, 11, 12, 13, 14, 15, 18, 20, 28, 29, 36, 39, 42, 76, 89, 101, 112, 113, 114, 116, 117, 118, 120, 121, 122, 123, 124, 125, 126, 128, 129, 130, 131, 132, 133, 134, 135, 136, 138, 139, 141], "excluded_lines": [], "start_line": 1}}}, "dribbble_mcp/server.py": {"executed_lines": [], "summary": {"covered_lines": 0, "num_statements": 112, "percent_covered": 0.0, "percent_covered_display": "0.00", "missing_lines": 112, "excluded_lines": 2, "percent_statements_covered": 0.0, "percent_statements_covered_display": "0.00"}, "missing_lines": [3, 5, 6, 7, 8, 10, 11, 12, 15, 16, 17, 18, 19, 22, 24, 26, 27, 28, 29, 32, 33, 40, 41, 44, 45, 48, 49, 69, 71, 73, 74, 81, 82, 83, 84, 85, 87, 90, 91, 100, 102, 104, 105, 106, 107, 108, 109, 110, 112, 115, 116, 126, 128, 130, 131, 132, 133, 134, 135, 136, 137, 138, 140, 150, 151, 160, 162, 164, 165, 166, 167, 168, 169, 170, 171, 172, 174, 177, 178, 198, 200, 201, 202, 204, 205, 206, 207, 208, 209, 211, 212, 219, 220, 221, 222, 223, 225, 226, 227, 228, 229, 230, 231, 232, 233, 234, 235, 237, 247, 249, 250, 255], "excluded_lines": [258, 259], "functions": {"_get_scraper": {"executed_lines": [], "summary": {"covered_lines": 0, "num_statements": 1, "percent_covered": 0.0, "percent_covered_display": "0.00", "missing_lines": 1, "excluded_lines": 0, "percent_statements_covered": 0.0, "percent_statements_covered_display": "0.00"}, "missing_lines": [33], "excluded_lines": [], "start_line": 32}, "_get_analyzer": {"executed_lines": [], "summary": {"covered_lines": 0, "num_statements": 1, "percent_covered": 0.0, "percent_covered_display": "0.00", "missing_lines": 1, "excluded_lines": 0, "percent_statements_covered": 0.0, "percent_statements_covered_display": "0.00"}, "missing_lines": [41], "excluded_lines": [], "start_line": 40}, "_get_screenshot": {"executed_lines": [], "summary": {"covered_lines": 0, "num_statements": 1, "percent_covered": 0.0, "percent_covered_display": "0.00", "missing_lines": 1, "excluded_lines": 0, "percent_statements_covered": 0.0, "percent_statements_covered_display": "0.00"}, "missing_lines": [45], "excluded_lines": [], "start_line": 44}, "search_dribbble": {"executed_lines": [], "summary": {"covered_lines": 0, "num_statements": 10, "percent_covered": 0.0, "percent_covered_display": "0.00", "missing_lines": 10, "excluded_lines": 0, "percent_statements_covered": 0.0, "percent_statements_covered_display": "0.00"}, "missing_lines": [69, 71, 73, 74, 81, 82, 83, 84, 85, 87], "excluded_lines": [], "start_line": 49}, "get_shot_details": {"executed_lines": [], "summary": {"covered_lines": 0, "num_statements": 10, "percent_covered": 0.0, "percent_covered_display": "0.00", "missing_lines": 10, "excluded_lines": 0, "percent_statements_covered": 0.0, "percent_statements_covered_display": "0.00"}, "missing_lines": [100, 102, 104, 105, 106, 107, 108, 109, 110, 112], "excluded_lines": [], "start_line": 91}, "screenshot_shot": {"executed_lines": [], "summary": {"covered_lines": 0, "num_statements": 12, "percent_covered": 0.0, "percent_covered_display": "0.00", "missing_lines": 12, "excluded_lines": 0, "percent_statements_covered": 0.0, "percent_statements_covered_display": "0.00"}, "missing_lines": [126, 128, 130, 131, 132, 133, 134, 135, 136, 137, 138, 140], "excluded_lines": [], "start_line": 116}, "analyze_image": {"executed_lines": [], "summary": {"covered_lines": 0, "num_statements": 12, "percent_covered": 0.0, "percent_covered_display": "0.00", "missing_lines": 12, "excluded_lines": 0, "percent_statements_covered": 0.0, "percent_statements_covered_display": "0.00"}, "missing_lines": [160, 162, 164, 165, 166, 167, 168, 169, 170, 171, 172, 174], "excluded_lines": [], "start_line": 151}, "collect_references": {"executed_lines": [], "summary": {"covered_lines": 0, "num_statements": 29, "percent_covered": 0.0, "percent_covered_display": "0.00", "missing_lines": 29, "excluded_lines": 0, "percent_statements_covered": 0.0, "percent_statements_covered_display": "0.00"}, "missing_lines": [198, 200, 201, 202, 204, 205, 206, 207, 208, 209, 211, 212, 219, 220, 221, 222, 223, 225, 226, 227, 228, 229, 230, 231, 232, 233, 234, 235, 237], "excluded_lines": [], "start_line": 178}, "main": {"executed_lines": [], "summary": {"covered_lines": 0, "num_statements": 3, "percent_covered": 0.0, "percent_covered_display": "0.00", "missing_lines": 3, "excluded_lines": 0, "percent_statements_covered": 0.0, "percent_statements_covered_display": "0.00"}, "missing_lines": [249, 250, 255], "excluded_lines": [], "start_line": 247}, "": {"executed_lines": [], "summary": {"covered_lines": 0, "num_statements": 33, "percent_covered": 0.0, "percent_covered_display": "0.00", "missing_lines": 33, "excluded_lines": 2, "percent_statements_covered": 0.0, "percent_statements_covered_display": "0.00"}, "missing_lines": [3, 5, 6, 7, 8, 10, 11, 12, 15, 16, 17, 18, 19, 22, 24, 26, 27, 28, 29, 32, 40, 44, 48, 49, 90, 91, 115, 116, 150, 151, 177, 178, 247], "excluded_lines": [258, 259], "start_line": 1}}, "classes": {"": {"executed_lines": [], "summary": {"covered_lines": 0, "num_statements": 112, "percent_covered": 0.0, "percent_covered_display": "0.00", "missing_lines": 112, "excluded_lines": 2, "percent_statements_covered": 0.0, "percent_statements_covered_display": "0.00"}, "missing_lines": [3, 5, 6, 7, 8, 10, 11, 12, 15, 16, 17, 18, 19, 22, 24, 26, 27, 28, 29, 32, 33, 40, 41, 44, 45, 48, 49, 69, 71, 73, 74, 81, 82, 83, 84, 85, 87, 90, 91, 100, 102, 104, 105, 106, 107, 108, 109, 110, 112, 115, 116, 126, 128, 130, 131, 132, 133, 134, 135, 136, 137, 138, 140, 150, 151, 160, 162, 164, 165, 166, 167, 168, 169, 170, 171, 172, 174, 177, 178, 198, 200, 201, 202, 204, 205, 206, 207, 208, 209, 211, 212, 219, 220, 221, 222, 223, 225, 226, 227, 228, 229, 230, 231, 232, 233, 234, 235, 237, 247, 249, 250, 255], "excluded_lines": [258, 259], "start_line": 1}}}, "tool_router/__init__.py": {"executed_lines": [], "summary": {"covered_lines": 0, "num_statements": 0, "percent_covered": 100.0, "percent_covered_display": "100.00", "missing_lines": 0, "excluded_lines": 0, "percent_statements_covered": 100.0, "percent_statements_covered_display": "100.00"}, "missing_lines": [], "excluded_lines": [], "functions": {"": {"executed_lines": [], "summary": {"covered_lines": 0, "num_statements": 0, "percent_covered": 100.0, "percent_covered_display": "100.00", "missing_lines": 0, "excluded_lines": 0, "percent_statements_covered": 100.0, "percent_statements_covered_display": "100.00"}, "missing_lines": [], "excluded_lines": [], "start_line": 1}}, "classes": {"": {"executed_lines": [], "summary": {"covered_lines": 0, "num_statements": 0, "percent_covered": 100.0, "percent_covered_display": "100.00", "missing_lines": 0, "excluded_lines": 0, "percent_statements_covered": 100.0, "percent_statements_covered_display": "100.00"}, "missing_lines": [], "excluded_lines": [], "start_line": 1}}}, "tool_router/ai/__init__.py": {"executed_lines": [3, 4, 7], "summary": {"covered_lines": 3, "num_statements": 3, "percent_covered": 100.0, "percent_covered_display": "100.00", "missing_lines": 0, "excluded_lines": 0, "percent_statements_covered": 100.0, "percent_statements_covered_display": "100.00"}, "missing_lines": [], "excluded_lines": [], "functions": {"": {"executed_lines": [3, 4, 7], "summary": {"covered_lines": 3, "num_statements": 3, "percent_covered": 100.0, "percent_covered_display": "100.00", "missing_lines": 0, "excluded_lines": 0, "percent_statements_covered": 100.0, "percent_statements_covered_display": "100.00"}, "missing_lines": [], "excluded_lines": [], "start_line": 1}}, "classes": {"": {"executed_lines": [3, 4, 7], "summary": {"covered_lines": 3, "num_statements": 3, "percent_covered": 100.0, "percent_covered_display": "100.00", "missing_lines": 0, "excluded_lines": 0, "percent_statements_covered": 100.0, "percent_statements_covered_display": "100.00"}, "missing_lines": [], "excluded_lines": [], "start_line": 1}}}, "tool_router/ai/cached_feedback.py": {"executed_lines": [3, 5, 6, 7, 8, 9, 10, 11, 12, 13, 14, 15, 17, 20, 22, 23, 24, 27, 28, 31, 32, 33, 34, 35, 36, 37, 38, 39, 42, 43, 46, 47, 48, 49, 50, 51, 52, 54, 55, 56, 58, 59, 60, 61, 62, 64, 65, 67, 70, 71, 74, 75, 76, 77, 78, 81, 89, 95, 96, 97, 98, 101, 102, 103, 104, 107, 108, 110, 112, 113, 115, 118, 119, 122, 123, 126, 127, 130, 134, 135, 138, 139, 141, 143, 144, 146, 149, 150, 153, 154, 157, 158, 161, 162, 165, 166, 168, 170, 171, 174, 177, 178, 179, 182, 183, 184, 187, 188, 189, 191, 197, 207, 208, 209, 211, 221, 224, 225, 226, 227, 228, 230, 233, 234, 235, 236, 239, 240, 241, 244, 245, 246, 249, 250, 251, 252, 255, 256, 257, 258, 261, 262, 265, 266, 267, 268, 271, 272, 273, 276, 277, 278, 281, 282, 285, 286, 287, 288, 290, 291, 299, 302, 303, 304, 305, 306, 308, 309, 310, 313, 317, 318, 320, 321, 322, 325, 327, 330, 331, 333, 335, 337, 340, 341, 342, 343, 344, 346, 347, 350, 352, 355, 356, 358, 360, 362, 365, 366, 367, 368, 369, 371, 372, 376, 379, 382, 383, 386, 387, 389, 391, 393, 394, 397, 398, 399, 402, 408, 410, 412, 413, 414, 416, 426, 427, 428, 435, 436, 438, 440, 442, 443, 445, 448, 449, 450, 452, 456, 457, 460, 461, 462, 463, 465, 467, 470, 471, 472, 473, 474, 476, 479, 480, 481, 483, 485, 487, 489, 494, 495, 497, 498, 499, 500, 501, 502, 503, 504, 507, 508, 509, 510, 512, 513, 515, 517, 518, 519, 521, 523, 537, 539, 540, 541, 542, 543, 544, 545, 551, 553, 554, 555, 559, 563, 565, 566, 567, 568, 569, 570, 571, 583], "summary": {"covered_lines": 302, "num_statements": 314, "percent_covered": 96.17834394904459, "percent_covered_display": "96.18", "missing_lines": 12, "excluded_lines": 0, "percent_statements_covered": 96.17834394904459, "percent_statements_covered_display": "96.18"}, "missing_lines": [131, 348, 373, 380, 451, 453, 560, 561, 576, 577, 578, 579], "excluded_lines": [], "functions": {"ToolStats.total": {"executed_lines": [56], "summary": {"covered_lines": 1, "num_statements": 1, "percent_covered": 100.0, "percent_covered_display": "100.00", "missing_lines": 0, "excluded_lines": 0, "percent_statements_covered": 100.0, "percent_statements_covered_display": "100.00"}, "missing_lines": [], "excluded_lines": [], "start_line": 55}, "ToolStats.success_rate": {"executed_lines": [60, 61, 62], "summary": {"covered_lines": 3, "num_statements": 3, "percent_covered": 100.0, "percent_covered_display": "100.00", "missing_lines": 0, "excluded_lines": 0, "percent_statements_covered": 100.0, "percent_statements_covered_display": "100.00"}, "missing_lines": [], "excluded_lines": [], "start_line": 59}, "ToolStats.confidence_score": {"executed_lines": [67], "summary": {"covered_lines": 1, "num_statements": 1, "percent_covered": 100.0, "percent_covered_display": "100.00", "missing_lines": 0, "excluded_lines": 0, "percent_statements_covered": 100.0, "percent_statements_covered_display": "100.00"}, "missing_lines": [], "excluded_lines": [], "start_line": 65}, "CachedFeedbackStore.__init__": {"executed_lines": [95, 96, 97, 98, 101, 102, 103, 104, 107, 108, 110], "summary": {"covered_lines": 11, "num_statements": 11, "percent_covered": 100.0, "percent_covered_display": "100.00", "missing_lines": 0, "excluded_lines": 0, "percent_statements_covered": 100.0, "percent_statements_covered_display": "100.00"}, "missing_lines": [], "excluded_lines": [], "start_line": 89}, "CachedFeedbackStore._classify_task_type": {"executed_lines": [115, 118, 119, 122, 123, 126, 127, 130, 134, 135, 138, 139, 141], "summary": {"covered_lines": 13, "num_statements": 14, "percent_covered": 92.85714285714286, "percent_covered_display": "92.86", "missing_lines": 1, "excluded_lines": 0, "percent_statements_covered": 92.85714285714286, "percent_statements_covered_display": "92.86"}, "missing_lines": [131], "excluded_lines": [], "start_line": 113}, "CachedFeedbackStore._classify_intent": {"executed_lines": [146, 149, 150, 153, 154, 157, 158, 161, 162, 165, 166, 168], "summary": {"covered_lines": 12, "num_statements": 12, "percent_covered": 100.0, "percent_covered_display": "100.00", "missing_lines": 0, "excluded_lines": 0, "percent_statements_covered": 100.0, "percent_statements_covered_display": "100.00"}, "missing_lines": [], "excluded_lines": [], "start_line": 144}, "CachedFeedbackStore._extract_entities": {"executed_lines": [174, 177, 178, 179, 182, 183, 184, 187, 188, 189, 191], "summary": {"covered_lines": 11, "num_statements": 11, "percent_covered": 100.0, "percent_covered_display": "100.00", "missing_lines": 0, "excluded_lines": 0, "percent_statements_covered": 100.0, "percent_statements_covered_display": "100.00"}, "missing_lines": [], "excluded_lines": [], "start_line": 171}, "CachedFeedbackStore.record": {"executed_lines": [207, 208, 209, 211, 221, 224, 225, 226, 227, 228, 230, 233, 234, 235, 236, 239, 240, 241, 244, 245, 246, 249, 250, 251, 252, 255, 256, 257, 258, 261, 262, 265, 266, 267, 268, 271, 272, 273, 276, 277, 278, 281, 282, 285, 286, 287, 288, 290, 291], "summary": {"covered_lines": 49, "num_statements": 49, "percent_covered": 100.0, "percent_covered_display": "100.00", "missing_lines": 0, "excluded_lines": 0, "percent_statements_covered": 100.0, "percent_statements_covered_display": "100.00"}, "missing_lines": [], "excluded_lines": [], "start_line": 197}, "CachedFeedbackStore.get_boost": {"executed_lines": [302, 303, 304, 305, 306, 308, 309, 310, 313, 317, 318, 320, 321, 322, 325, 327, 330, 331, 333], "summary": {"covered_lines": 19, "num_statements": 19, "percent_covered": 100.0, "percent_covered_display": "100.00", "missing_lines": 0, "excluded_lines": 0, "percent_statements_covered": 100.0, "percent_statements_covered_display": "100.00"}, "missing_lines": [], "excluded_lines": [], "start_line": 299}, "CachedFeedbackStore.get_task_type_boost": {"executed_lines": [337, 340, 341, 342, 343, 344, 346, 347, 350, 352, 355, 356, 358], "summary": {"covered_lines": 13, "num_statements": 14, "percent_covered": 92.85714285714286, "percent_covered_display": "92.86", "missing_lines": 1, "excluded_lines": 0, "percent_statements_covered": 92.85714285714286, "percent_statements_covered_display": "92.86"}, "missing_lines": [348], "excluded_lines": [], "start_line": 335}, "CachedFeedbackStore.get_intent_boost": {"executed_lines": [362, 365, 366, 367, 368, 369, 371, 372, 376, 379, 382, 383, 386, 387, 389], "summary": {"covered_lines": 15, "num_statements": 17, "percent_covered": 88.23529411764706, "percent_covered_display": "88.24", "missing_lines": 2, "excluded_lines": 0, "percent_statements_covered": 88.23529411764706, "percent_statements_covered_display": "88.24"}, "missing_lines": [373, 380], "excluded_lines": [], "start_line": 360}, "CachedFeedbackStore.get_comprehensive_boost": {"executed_lines": [393, 394, 397, 398, 399, 402, 408], "summary": {"covered_lines": 7, "num_statements": 7, "percent_covered": 100.0, "percent_covered_display": "100.00", "missing_lines": 0, "excluded_lines": 0, "percent_statements_covered": 100.0, "percent_statements_covered_display": "100.00"}, "missing_lines": [], "excluded_lines": [], "start_line": 391}, "CachedFeedbackStore.get_learning_insights": {"executed_lines": [412, 413, 414, 416, 426, 427, 428, 435, 436, 438], "summary": {"covered_lines": 10, "num_statements": 10, "percent_covered": 100.0, "percent_covered_display": "100.00", "missing_lines": 0, "excluded_lines": 0, "percent_statements_covered": 100.0, "percent_statements_covered_display": "100.00"}, "missing_lines": [], "excluded_lines": [], "start_line": 410}, "CachedFeedbackStore.get_adaptive_hints": {"executed_lines": [442, 443, 445, 448, 449, 450, 452, 456, 457, 460, 461, 462, 463, 465], "summary": {"covered_lines": 14, "num_statements": 16, "percent_covered": 87.5, "percent_covered_display": "87.50", "missing_lines": 2, "excluded_lines": 0, "percent_statements_covered": 87.5, "percent_statements_covered_display": "87.50"}, "missing_lines": [451, 453], "excluded_lines": [], "start_line": 440}, "CachedFeedbackStore.get_stats": {"executed_lines": [470, 471, 472, 473, 474, 476, 479, 480, 481, 483], "summary": {"covered_lines": 10, "num_statements": 10, "percent_covered": 100.0, "percent_covered_display": "100.00", "missing_lines": 0, "excluded_lines": 0, "percent_statements_covered": 100.0, "percent_statements_covered_display": "100.00"}, "missing_lines": [], "excluded_lines": [], "start_line": 467}, "CachedFeedbackStore.get_all_stats": {"executed_lines": [487], "summary": {"covered_lines": 1, "num_statements": 1, "percent_covered": 100.0, "percent_covered_display": "100.00", "missing_lines": 0, "excluded_lines": 0, "percent_statements_covered": 100.0, "percent_statements_covered_display": "100.00"}, "missing_lines": [], "excluded_lines": [], "start_line": 485}, "CachedFeedbackStore.similar_task_tools": {"executed_lines": [494, 495, 497, 498, 499, 500, 501, 502, 503, 504, 507, 508, 509, 510, 512, 513], "summary": {"covered_lines": 16, "num_statements": 16, "percent_covered": 100.0, "percent_covered_display": "100.00", "missing_lines": 0, "excluded_lines": 0, "percent_statements_covered": 100.0, "percent_statements_covered_display": "100.00"}, "missing_lines": [], "excluded_lines": [], "start_line": 489}, "CachedFeedbackStore.get_cache_metrics": {"executed_lines": [517, 518, 519, 521, 523], "summary": {"covered_lines": 5, "num_statements": 5, "percent_covered": 100.0, "percent_covered_display": "100.00", "missing_lines": 0, "excluded_lines": 0, "percent_statements_covered": 100.0, "percent_statements_covered_display": "100.00"}, "missing_lines": [], "excluded_lines": [], "start_line": 515}, "CachedFeedbackStore.clear_caches": {"executed_lines": [539, 540, 541, 542, 543, 544, 545], "summary": {"covered_lines": 7, "num_statements": 7, "percent_covered": 100.0, "percent_covered_display": "100.00", "missing_lines": 0, "excluded_lines": 0, "percent_statements_covered": 100.0, "percent_statements_covered_display": "100.00"}, "missing_lines": [], "excluded_lines": [], "start_line": 537}, "CachedFeedbackStore._persist": {"executed_lines": [553, 554, 555, 559], "summary": {"covered_lines": 4, "num_statements": 6, "percent_covered": 66.66666666666667, "percent_covered_display": "66.67", "missing_lines": 2, "excluded_lines": 0, "percent_statements_covered": 66.66666666666667, "percent_statements_covered_display": "66.67"}, "missing_lines": [560, 561], "excluded_lines": [], "start_line": 551}, "CachedFeedbackStore._load": {"executed_lines": [565, 566, 567, 568, 569, 570, 571], "summary": {"covered_lines": 7, "num_statements": 11, "percent_covered": 63.63636363636363, "percent_covered_display": "63.64", "missing_lines": 4, "excluded_lines": 0, "percent_statements_covered": 63.63636363636363, "percent_statements_covered_display": "63.64"}, "missing_lines": [576, 577, 578, 579], "excluded_lines": [], "start_line": 563}, "": {"executed_lines": [3, 5, 6, 7, 8, 9, 10, 11, 12, 13, 14, 15, 17, 20, 22, 23, 24, 27, 28, 31, 32, 33, 34, 35, 36, 37, 38, 39, 42, 43, 46, 47, 48, 49, 50, 51, 52, 54, 55, 58, 59, 64, 65, 70, 71, 74, 75, 76, 77, 78, 81, 89, 112, 113, 143, 144, 170, 171, 197, 299, 335, 360, 391, 410, 440, 467, 485, 489, 515, 537, 551, 563, 583], "summary": {"covered_lines": 73, "num_statements": 73, "percent_covered": 100.0, "percent_covered_display": "100.00", "missing_lines": 0, "excluded_lines": 0, "percent_statements_covered": 100.0, "percent_statements_covered_display": "100.00"}, "missing_lines": [], "excluded_lines": [], "start_line": 1}}, "classes": {"FeedbackEntry": {"executed_lines": [], "summary": {"covered_lines": 0, "num_statements": 0, "percent_covered": 100.0, "percent_covered_display": "100.00", "missing_lines": 0, "excluded_lines": 0, "percent_statements_covered": 100.0, "percent_statements_covered_display": "100.00"}, "missing_lines": [], "excluded_lines": [], "start_line": 28}, "ToolStats": {"executed_lines": [56, 60, 61, 62, 67], "summary": {"covered_lines": 5, "num_statements": 5, "percent_covered": 100.0, "percent_covered_display": "100.00", "missing_lines": 0, "excluded_lines": 0, "percent_statements_covered": 100.0, "percent_statements_covered_display": "100.00"}, "missing_lines": [], "excluded_lines": [], "start_line": 43}, "TaskPattern": {"executed_lines": [], "summary": {"covered_lines": 0, "num_statements": 0, "percent_covered": 100.0, "percent_covered_display": "100.00", "missing_lines": 0, "excluded_lines": 0, "percent_statements_covered": 100.0, "percent_statements_covered_display": "100.00"}, "missing_lines": [], "excluded_lines": [], "start_line": 71}, "CachedFeedbackStore": {"executed_lines": [95, 96, 97, 98, 101, 102, 103, 104, 107, 108, 110, 115, 118, 119, 122, 123, 126, 127, 130, 134, 135, 138, 139, 141, 146, 149, 150, 153, 154, 157, 158, 161, 162, 165, 166, 168, 174, 177, 178, 179, 182, 183, 184, 187, 188, 189, 191, 207, 208, 209, 211, 221, 224, 225, 226, 227, 228, 230, 233, 234, 235, 236, 239, 240, 241, 244, 245, 246, 249, 250, 251, 252, 255, 256, 257, 258, 261, 262, 265, 266, 267, 268, 271, 272, 273, 276, 277, 278, 281, 282, 285, 286, 287, 288, 290, 291, 302, 303, 304, 305, 306, 308, 309, 310, 313, 317, 318, 320, 321, 322, 325, 327, 330, 331, 333, 337, 340, 341, 342, 343, 344, 346, 347, 350, 352, 355, 356, 358, 362, 365, 366, 367, 368, 369, 371, 372, 376, 379, 382, 383, 386, 387, 389, 393, 394, 397, 398, 399, 402, 408, 412, 413, 414, 416, 426, 427, 428, 435, 436, 438, 442, 443, 445, 448, 449, 450, 452, 456, 457, 460, 461, 462, 463, 465, 470, 471, 472, 473, 474, 476, 479, 480, 481, 483, 487, 494, 495, 497, 498, 499, 500, 501, 502, 503, 504, 507, 508, 509, 510, 512, 513, 517, 518, 519, 521, 523, 539, 540, 541, 542, 543, 544, 545, 553, 554, 555, 559, 565, 566, 567, 568, 569, 570, 571], "summary": {"covered_lines": 224, "num_statements": 236, "percent_covered": 94.91525423728814, "percent_covered_display": "94.92", "missing_lines": 12, "excluded_lines": 0, "percent_statements_covered": 94.91525423728814, "percent_statements_covered_display": "94.92"}, "missing_lines": [131, 348, 373, 380, 451, 453, 560, 561, 576, 577, 578, 579], "excluded_lines": [], "start_line": 81}, "": {"executed_lines": [3, 5, 6, 7, 8, 9, 10, 11, 12, 13, 14, 15, 17, 20, 22, 23, 24, 27, 28, 31, 32, 33, 34, 35, 36, 37, 38, 39, 42, 43, 46, 47, 48, 49, 50, 51, 52, 54, 55, 58, 59, 64, 65, 70, 71, 74, 75, 76, 77, 78, 81, 89, 112, 113, 143, 144, 170, 171, 197, 299, 335, 360, 391, 410, 440, 467, 485, 489, 515, 537, 551, 563, 583], "summary": {"covered_lines": 73, "num_statements": 73, "percent_covered": 100.0, "percent_covered_display": "100.00", "missing_lines": 0, "excluded_lines": 0, "percent_statements_covered": 100.0, "percent_statements_covered_display": "100.00"}, "missing_lines": [], "excluded_lines": [], "start_line": 1}}}, "tool_router/ai/enhanced_selector.py": {"executed_lines": [3, 5, 6, 7, 8, 9, 11, 13, 16, 19, 22, 23, 24, 27, 31, 32, 33, 34, 35, 36, 39, 40, 41, 44, 45, 48, 49, 52, 54, 55, 57, 89, 91, 92, 95, 109, 111, 112, 114, 122, 124, 125, 127, 128, 129, 130, 131, 132, 133, 138, 139, 146, 147, 150, 153, 166, 167, 168, 169, 192, 195, 203, 204, 206, 214, 215, 217, 220, 227, 228, 229, 231, 232, 233, 235, 236, 241, 243, 245, 253, 254, 256, 259, 266, 267, 270, 271, 274, 282, 284, 286, 287, 288, 300, 301, 302, 303, 304, 305, 306, 307, 308, 309, 310, 311, 313, 315, 316, 317, 318, 319, 320, 322, 324, 325, 326, 328, 329, 330, 331, 340, 342, 344, 345, 346, 347, 351, 353, 357, 361, 362, 366, 367, 368, 372, 380, 383, 386, 387, 388, 389, 390, 391, 393, 400, 403, 404, 410, 411, 414, 416, 417, 418, 421, 422, 424, 425, 428, 430, 437, 440, 461, 462, 463, 464, 465, 466, 467, 468, 469, 471, 473, 481, 488, 489, 492, 493, 494, 495, 496, 498, 503, 505, 512, 514, 523, 531, 533, 540, 542, 543, 545, 552, 562, 563, 566, 569, 572, 575, 585, 588, 589, 590, 595, 597, 598, 599, 600, 601, 603, 608, 610, 611, 613, 614, 615, 616, 619, 620, 622, 624, 634, 638, 639, 641, 643, 652, 653, 654, 655, 656, 658, 665, 668, 669, 671, 672, 673, 674, 675, 678, 679, 681, 683, 685, 688, 689, 696, 705, 706, 707, 710, 712, 715, 717, 723, 725, 735, 737, 740, 748, 750, 758], "summary": {"covered_lines": 263, "num_statements": 317, "percent_covered": 82.96529968454259, "percent_covered_display": "82.97", "missing_lines": 54, "excluded_lines": 18, "percent_statements_covered": 82.96529968454259, "percent_statements_covered_display": "82.97"}, "missing_lines": [268, 272, 275, 280, 333, 334, 335, 336, 337, 338, 348, 349, 354, 355, 358, 359, 363, 364, 369, 370, 373, 374, 375, 376, 377, 378, 432, 433, 434, 500, 576, 579, 581, 582, 591, 592, 604, 605, 635, 644, 647, 648, 649, 659, 660, 661, 662, 663, 666, 690, 691, 692, 693, 694], "excluded_lines": [171, 172, 173, 174, 175, 176, 177, 178, 179, 181, 182, 183, 184, 185, 186, 187, 188, 189], "functions": {"AIModel.get_hardware_requirements": {"executed_lines": [57, 89], "summary": {"covered_lines": 2, "num_statements": 2, "percent_covered": 100.0, "percent_covered_display": "100.00", "missing_lines": 0, "excluded_lines": 0, "percent_statements_covered": 100.0, "percent_statements_covered_display": "100.00"}, "missing_lines": [], "excluded_lines": [], "start_line": 55}, "AIModel.get_cost_per_million_tokens": {"executed_lines": [95, 109], "summary": {"covered_lines": 2, "num_statements": 2, "percent_covered": 100.0, "percent_covered_display": "100.00", "missing_lines": 0, "excluded_lines": 0, "percent_statements_covered": 100.0, "percent_statements_covered_display": "100.00"}, "missing_lines": [], "excluded_lines": [], "start_line": 92}, "AIModel.is_local_model": {"executed_lines": [114, 122], "summary": {"covered_lines": 2, "num_statements": 2, "percent_covered": 100.0, "percent_covered_display": "100.00", "missing_lines": 0, "excluded_lines": 0, "percent_statements_covered": 100.0, "percent_statements_covered_display": "100.00"}, "missing_lines": [], "excluded_lines": [], "start_line": 112}, "AIModel.get_model_tier": {"executed_lines": [127, 128, 129, 130, 131, 132, 133, 138, 139, 146, 147], "summary": {"covered_lines": 11, "num_statements": 11, "percent_covered": 100.0, "percent_covered_display": "100.00", "missing_lines": 0, "excluded_lines": 0, "percent_statements_covered": 100.0, "percent_statements_covered_display": "100.00"}, "missing_lines": [], "excluded_lines": [], "start_line": 125}, "BaseAISelector.__init__": {"executed_lines": [166, 167, 168, 169], "summary": {"covered_lines": 4, "num_statements": 4, "percent_covered": 100.0, "percent_covered_display": "100.00", "missing_lines": 0, "excluded_lines": 0, "percent_statements_covered": 100.0, "percent_statements_covered_display": "100.00"}, "missing_lines": [], "excluded_lines": [], "start_line": 153}, "BaseAISelector.select_tool": {"executed_lines": [], "summary": {"covered_lines": 0, "num_statements": 0, "percent_covered": 100.0, "percent_covered_display": "100.00", "missing_lines": 0, "excluded_lines": 1, "percent_statements_covered": 100.0, "percent_statements_covered_display": "100.00"}, "missing_lines": [], "excluded_lines": [179], "start_line": 172}, "BaseAISelector.select_tools_multi": {"executed_lines": [], "summary": {"covered_lines": 0, "num_statements": 0, "percent_covered": 100.0, "percent_covered_display": "100.00", "missing_lines": 0, "excluded_lines": 1, "percent_statements_covered": 100.0, "percent_statements_covered_display": "100.00"}, "missing_lines": [], "excluded_lines": [189], "start_line": 182}, "OllamaSelector.__init__": {"executed_lines": [203, 204], "summary": {"covered_lines": 2, "num_statements": 2, "percent_covered": 100.0, "percent_covered_display": "100.00", "missing_lines": 0, "excluded_lines": 0, "percent_statements_covered": 100.0, "percent_statements_covered_display": "100.00"}, "missing_lines": [], "excluded_lines": [], "start_line": 195}, "OllamaSelector.select_tool": {"executed_lines": [214, 215, 217, 220, 227, 228, 229, 231, 232, 233, 235, 236, 241, 243], "summary": {"covered_lines": 14, "num_statements": 14, "percent_covered": 100.0, "percent_covered_display": "100.00", "missing_lines": 0, "excluded_lines": 0, "percent_statements_covered": 100.0, "percent_statements_covered_display": "100.00"}, "missing_lines": [], "excluded_lines": [], "start_line": 206}, "OllamaSelector.select_tools_multi": {"executed_lines": [253, 254, 256, 259, 266, 267, 270, 271, 274, 282], "summary": {"covered_lines": 10, "num_statements": 14, "percent_covered": 71.42857142857143, "percent_covered_display": "71.43", "missing_lines": 4, "excluded_lines": 0, "percent_statements_covered": 71.42857142857143, "percent_statements_covered_display": "71.43"}, "missing_lines": [268, 272, 275, 280], "excluded_lines": [], "start_line": 245}, "OllamaSelector._call_ollama": {"executed_lines": [286, 287, 288, 300, 301, 302, 303, 304, 305, 306, 307, 308, 309, 310, 311], "summary": {"covered_lines": 15, "num_statements": 15, "percent_covered": 100.0, "percent_covered_display": "100.00", "missing_lines": 0, "excluded_lines": 0, "percent_statements_covered": 100.0, "percent_statements_covered_display": "100.00"}, "missing_lines": [], "excluded_lines": [], "start_line": 284}, "OllamaSelector._parse_response": {"executed_lines": [315, 316, 317, 318, 319, 320, 322, 324, 325, 326, 328, 329, 330, 331, 340], "summary": {"covered_lines": 15, "num_statements": 21, "percent_covered": 71.42857142857143, "percent_covered_display": "71.43", "missing_lines": 6, "excluded_lines": 0, "percent_statements_covered": 71.42857142857143, "percent_statements_covered_display": "71.43"}, "missing_lines": [333, 334, 335, 336, 337, 338], "excluded_lines": [], "start_line": 313}, "OllamaSelector._parse_multi_response": {"executed_lines": [344, 345, 346, 347, 351, 353, 357, 361, 362, 366, 367, 368, 372, 380], "summary": {"covered_lines": 14, "num_statements": 30, "percent_covered": 46.666666666666664, "percent_covered_display": "46.67", "missing_lines": 16, "excluded_lines": 0, "percent_statements_covered": 46.666666666666664, "percent_statements_covered_display": "46.67"}, "missing_lines": [348, 349, 354, 355, 358, 359, 363, 364, 369, 370, 373, 374, 375, 376, 377, 378], "excluded_lines": [], "start_line": 342}, "CostTracker.__init__": {"executed_lines": [387, 388, 389, 390, 391], "summary": {"covered_lines": 5, "num_statements": 5, "percent_covered": 100.0, "percent_covered_display": "100.00", "missing_lines": 0, "excluded_lines": 0, "percent_statements_covered": 100.0, "percent_statements_covered_display": "100.00"}, "missing_lines": [], "excluded_lines": [], "start_line": 386}, "CostTracker.track_selection": {"executed_lines": [400, 403, 404, 410, 411, 414, 416, 417, 418, 421, 422, 424, 425, 428], "summary": {"covered_lines": 14, "num_statements": 14, "percent_covered": 100.0, "percent_covered_display": "100.00", "missing_lines": 0, "excluded_lines": 0, "percent_statements_covered": 100.0, "percent_statements_covered_display": "100.00"}, "missing_lines": [], "excluded_lines": [], "start_line": 393}, "CostTracker.record_response_time": {"executed_lines": [], "summary": {"covered_lines": 0, "num_statements": 3, "percent_covered": 0.0, "percent_covered_display": "0.00", "missing_lines": 3, "excluded_lines": 0, "percent_statements_covered": 0.0, "percent_statements_covered_display": "0.00"}, "missing_lines": [432, 433, 434], "excluded_lines": [], "start_line": 430}, "EnhancedAISelector.__init__": {"executed_lines": [461, 462, 463, 464, 465, 466, 467, 468, 469], "summary": {"covered_lines": 9, "num_statements": 9, "percent_covered": 100.0, "percent_covered_display": "100.00", "missing_lines": 0, "excluded_lines": 0, "percent_statements_covered": 100.0, "percent_statements_covered_display": "100.00"}, "missing_lines": [], "excluded_lines": [], "start_line": 440}, "EnhancedAISelector._get_default_hardware_constraints": {"executed_lines": [473], "summary": {"covered_lines": 1, "num_statements": 1, "percent_covered": 100.0, "percent_covered_display": "100.00", "missing_lines": 0, "excluded_lines": 0, "percent_statements_covered": 100.0, "percent_statements_covered_display": "100.00"}, "missing_lines": [], "excluded_lines": [], "start_line": 471}, "EnhancedAISelector.select_optimal_model": {"executed_lines": [488, 489, 492, 493, 494, 495, 496, 498, 503, 505, 512, 514, 523, 531], "summary": {"covered_lines": 14, "num_statements": 15, "percent_covered": 93.33333333333333, "percent_covered_display": "93.33", "missing_lines": 1, "excluded_lines": 0, "percent_statements_covered": 93.33333333333333, "percent_statements_covered_display": "93.33"}, "missing_lines": [500], "excluded_lines": [], "start_line": 481}, "EnhancedAISelector.estimate_request_cost": {"executed_lines": [540, 542, 543, 545], "summary": {"covered_lines": 4, "num_statements": 4, "percent_covered": 100.0, "percent_covered_display": "100.00", "missing_lines": 0, "excluded_lines": 0, "percent_statements_covered": 100.0, "percent_statements_covered_display": "100.00"}, "missing_lines": [], "excluded_lines": [], "start_line": 533}, "EnhancedAISelector.select_tool_with_cost_optimization": {"executed_lines": [562, 563, 566, 569, 572, 575, 585, 588, 589, 590, 595, 597, 598, 599, 600, 601, 603, 608, 610, 611, 613, 614, 615, 616, 619, 620, 622], "summary": {"covered_lines": 27, "num_statements": 35, "percent_covered": 77.14285714285714, "percent_covered_display": "77.14", "missing_lines": 8, "excluded_lines": 0, "percent_statements_covered": 77.14285714285714, "percent_statements_covered_display": "77.14"}, "missing_lines": [576, 579, 581, 582, 591, 592, 604, 605], "excluded_lines": [], "start_line": 552}, "EnhancedAISelector.select_tools_multi_with_cost_optimization": {"executed_lines": [634, 638, 639, 641, 643, 652, 653, 654, 655, 656, 658, 665, 668, 669, 671, 672, 673, 674, 675, 678, 679, 681], "summary": {"covered_lines": 22, "num_statements": 33, "percent_covered": 66.66666666666667, "percent_covered_display": "66.67", "missing_lines": 11, "excluded_lines": 0, "percent_statements_covered": 66.66666666666667, "percent_statements_covered_display": "66.67"}, "missing_lines": [635, 644, 647, 648, 649, 659, 660, 661, 662, 663, 666], "excluded_lines": [], "start_line": 624}, "EnhancedAISelector._analyze_task_complexity": {"executed_lines": [685, 688, 689], "summary": {"covered_lines": 3, "num_statements": 8, "percent_covered": 37.5, "percent_covered_display": "37.50", "missing_lines": 5, "excluded_lines": 0, "percent_statements_covered": 37.5, "percent_statements_covered_display": "37.50"}, "missing_lines": [690, 691, 692, 693, 694], "excluded_lines": [], "start_line": 683}, "EnhancedAISelector._estimate_token_usage": {"executed_lines": [705, 706, 707, 710, 712, 715, 717], "summary": {"covered_lines": 7, "num_statements": 7, "percent_covered": 100.0, "percent_covered_display": "100.00", "missing_lines": 0, "excluded_lines": 0, "percent_statements_covered": 100.0, "percent_statements_covered_display": "100.00"}, "missing_lines": [], "excluded_lines": [], "start_line": 696}, "EnhancedAISelector.get_performance_metrics": {"executed_lines": [725], "summary": {"covered_lines": 1, "num_statements": 1, "percent_covered": 100.0, "percent_covered_display": "100.00", "missing_lines": 0, "excluded_lines": 0, "percent_statements_covered": 100.0, "percent_statements_covered_display": "100.00"}, "missing_lines": [], "excluded_lines": [], "start_line": 723}, "EnhancedAISelector.clear_cache": {"executed_lines": [737], "summary": {"covered_lines": 1, "num_statements": 1, "percent_covered": 100.0, "percent_covered_display": "100.00", "missing_lines": 0, "excluded_lines": 0, "percent_statements_covered": 100.0, "percent_statements_covered_display": "100.00"}, "missing_lines": [], "excluded_lines": [], "start_line": 735}, "EnhancedAISelector.select_tool": {"executed_lines": [748], "summary": {"covered_lines": 1, "num_statements": 1, "percent_covered": 100.0, "percent_covered_display": "100.00", "missing_lines": 0, "excluded_lines": 0, "percent_statements_covered": 100.0, "percent_statements_covered_display": "100.00"}, "missing_lines": [], "excluded_lines": [], "start_line": 740}, "EnhancedAISelector.select_tools_multi": {"executed_lines": [758], "summary": {"covered_lines": 1, "num_statements": 1, "percent_covered": 100.0, "percent_covered_display": "100.00", "missing_lines": 0, "excluded_lines": 0, "percent_statements_covered": 100.0, "percent_statements_covered_display": "100.00"}, "missing_lines": [], "excluded_lines": [], "start_line": 750}, "": {"executed_lines": [3, 5, 6, 7, 8, 9, 11, 13, 16, 19, 22, 23, 24, 27, 31, 32, 33, 34, 35, 36, 39, 40, 41, 44, 45, 48, 49, 52, 54, 55, 91, 92, 111, 112, 124, 125, 150, 153, 192, 195, 206, 245, 284, 313, 342, 383, 386, 393, 430, 437, 440, 471, 481, 533, 552, 624, 683, 696, 723, 735, 740, 750], "summary": {"covered_lines": 62, "num_statements": 62, "percent_covered": 100.0, "percent_covered_display": "100.00", "missing_lines": 0, "excluded_lines": 16, "percent_statements_covered": 100.0, "percent_statements_covered_display": "100.00"}, "missing_lines": [], "excluded_lines": [171, 172, 173, 174, 175, 176, 177, 178, 181, 182, 183, 184, 185, 186, 187, 188], "start_line": 1}}, "classes": {"AIProvider": {"executed_lines": [], "summary": {"covered_lines": 0, "num_statements": 0, "percent_covered": 100.0, "percent_covered_display": "100.00", "missing_lines": 0, "excluded_lines": 0, "percent_statements_covered": 100.0, "percent_statements_covered_display": "100.00"}, "missing_lines": [], "excluded_lines": [], "start_line": 19}, "AIModel": {"executed_lines": [57, 89, 95, 109, 114, 122, 127, 128, 129, 130, 131, 132, 133, 138, 139, 146, 147], "summary": {"covered_lines": 17, "num_statements": 17, "percent_covered": 100.0, "percent_covered_display": "100.00", "missing_lines": 0, "excluded_lines": 0, "percent_statements_covered": 100.0, "percent_statements_covered_display": "100.00"}, "missing_lines": [], "excluded_lines": [], "start_line": 27}, "BaseAISelector": {"executed_lines": [166, 167, 168, 169], "summary": {"covered_lines": 4, "num_statements": 4, "percent_covered": 100.0, "percent_covered_display": "100.00", "missing_lines": 0, "excluded_lines": 2, "percent_statements_covered": 100.0, "percent_statements_covered_display": "100.00"}, "missing_lines": [], "excluded_lines": [179, 189], "start_line": 150}, "OllamaSelector": {"executed_lines": [203, 204, 214, 215, 217, 220, 227, 228, 229, 231, 232, 233, 235, 236, 241, 243, 253, 254, 256, 259, 266, 267, 270, 271, 274, 282, 286, 287, 288, 300, 301, 302, 303, 304, 305, 306, 307, 308, 309, 310, 311, 315, 316, 317, 318, 319, 320, 322, 324, 325, 326, 328, 329, 330, 331, 340, 344, 345, 346, 347, 351, 353, 357, 361, 362, 366, 367, 368, 372, 380], "summary": {"covered_lines": 70, "num_statements": 96, "percent_covered": 72.91666666666667, "percent_covered_display": "72.92", "missing_lines": 26, "excluded_lines": 0, "percent_statements_covered": 72.91666666666667, "percent_statements_covered_display": "72.92"}, "missing_lines": [268, 272, 275, 280, 333, 334, 335, 336, 337, 338, 348, 349, 354, 355, 358, 359, 363, 364, 369, 370, 373, 374, 375, 376, 377, 378], "excluded_lines": [], "start_line": 192}, "CostTracker": {"executed_lines": [387, 388, 389, 390, 391, 400, 403, 404, 410, 411, 414, 416, 417, 418, 421, 422, 424, 425, 428], "summary": {"covered_lines": 19, "num_statements": 22, "percent_covered": 86.36363636363636, "percent_covered_display": "86.36", "missing_lines": 3, "excluded_lines": 0, "percent_statements_covered": 86.36363636363636, "percent_statements_covered_display": "86.36"}, "missing_lines": [432, 433, 434], "excluded_lines": [], "start_line": 383}, "EnhancedAISelector": {"executed_lines": [461, 462, 463, 464, 465, 466, 467, 468, 469, 473, 488, 489, 492, 493, 494, 495, 496, 498, 503, 505, 512, 514, 523, 531, 540, 542, 543, 545, 562, 563, 566, 569, 572, 575, 585, 588, 589, 590, 595, 597, 598, 599, 600, 601, 603, 608, 610, 611, 613, 614, 615, 616, 619, 620, 622, 634, 638, 639, 641, 643, 652, 653, 654, 655, 656, 658, 665, 668, 669, 671, 672, 673, 674, 675, 678, 679, 681, 685, 688, 689, 705, 706, 707, 710, 712, 715, 717, 725, 737, 748, 758], "summary": {"covered_lines": 91, "num_statements": 116, "percent_covered": 78.44827586206897, "percent_covered_display": "78.45", "missing_lines": 25, "excluded_lines": 0, "percent_statements_covered": 78.44827586206897, "percent_statements_covered_display": "78.45"}, "missing_lines": [500, 576, 579, 581, 582, 591, 592, 604, 605, 635, 644, 647, 648, 649, 659, 660, 661, 662, 663, 666, 690, 691, 692, 693, 694], "excluded_lines": [], "start_line": 437}, "": {"executed_lines": [3, 5, 6, 7, 8, 9, 11, 13, 16, 19, 22, 23, 24, 27, 31, 32, 33, 34, 35, 36, 39, 40, 41, 44, 45, 48, 49, 52, 54, 55, 91, 92, 111, 112, 124, 125, 150, 153, 192, 195, 206, 245, 284, 313, 342, 383, 386, 393, 430, 437, 440, 471, 481, 533, 552, 624, 683, 696, 723, 735, 740, 750], "summary": {"covered_lines": 62, "num_statements": 62, "percent_covered": 100.0, "percent_covered_display": "100.00", "missing_lines": 0, "excluded_lines": 16, "percent_statements_covered": 100.0, "percent_statements_covered_display": "100.00"}, "missing_lines": [], "excluded_lines": [171, 172, 173, 174, 175, 176, 177, 178, 181, 182, 183, 184, 185, 186, 187, 188], "start_line": 1}}}, "tool_router/ai/feedback.py": {"executed_lines": [3, 4, 5, 6, 7, 8, 9, 10, 11, 14, 16, 17, 18, 21, 22, 25, 26, 27, 28, 29, 30, 31, 32, 33, 36, 37, 40, 41, 42, 43, 44, 45, 46, 48, 49, 50, 52, 53, 54, 56, 58, 59, 61, 64, 65, 68, 69, 70, 71, 72, 75, 83, 84, 85, 86, 87, 88, 90, 91, 93, 96, 97, 100, 101, 104, 105, 108, 112, 113, 116, 117, 119, 121, 122, 124, 127, 128, 131, 132, 135, 136, 139, 140, 143, 144, 146, 148, 149, 152, 155, 156, 157, 160, 161, 162, 165, 166, 167, 169, 175, 185, 186, 187, 189, 199, 202, 203, 204, 205, 206, 208, 211, 212, 213, 214, 217, 218, 219, 222, 223, 224, 227, 228, 229, 230, 233, 234, 235, 236, 239, 240, 243, 244, 245, 246, 249, 250, 251, 254, 255, 256, 259, 260, 262, 263, 271, 273, 274, 275, 278, 282, 283, 285, 286, 287, 290, 293, 295, 297, 298, 299, 301, 303, 305, 307, 308, 309, 312, 315, 318, 319, 321, 323, 324, 327, 328, 329, 332, 338, 340, 342, 343, 344, 346, 356, 357, 358, 365, 366, 368, 370, 372, 373, 375, 378, 379, 380, 382, 383, 386, 387, 390, 391, 392, 393, 395, 397, 399, 401, 403, 405, 410, 411, 413, 414, 415, 416, 417, 418, 419, 420, 423, 424, 425, 426, 428, 429, 435, 437, 438, 439, 443, 447, 449, 450, 451, 452, 453, 454, 455, 460, 461, 462, 463], "summary": {"covered_lines": 244, "num_statements": 250, "percent_covered": 97.6, "percent_covered_display": "97.60", "missing_lines": 6, "excluded_lines": 0, "percent_statements_covered": 97.6, "percent_statements_covered_display": "97.60"}, "missing_lines": [55, 109, 316, 381, 444, 445], "excluded_lines": [], "functions": {"ToolStats.total": {"executed_lines": [50], "summary": {"covered_lines": 1, "num_statements": 1, "percent_covered": 100.0, "percent_covered_display": "100.00", "missing_lines": 0, "excluded_lines": 0, "percent_statements_covered": 100.0, "percent_statements_covered_display": "100.00"}, "missing_lines": [], "excluded_lines": [], "start_line": 49}, "ToolStats.success_rate": {"executed_lines": [54, 56], "summary": {"covered_lines": 2, "num_statements": 3, "percent_covered": 66.66666666666667, "percent_covered_display": "66.67", "missing_lines": 1, "excluded_lines": 0, "percent_statements_covered": 66.66666666666667, "percent_statements_covered_display": "66.67"}, "missing_lines": [55], "excluded_lines": [], "start_line": 53}, "ToolStats.confidence_score": {"executed_lines": [61], "summary": {"covered_lines": 1, "num_statements": 1, "percent_covered": 100.0, "percent_covered_display": "100.00", "missing_lines": 0, "excluded_lines": 0, "percent_statements_covered": 100.0, "percent_statements_covered_display": "100.00"}, "missing_lines": [], "excluded_lines": [], "start_line": 59}, "FeedbackStore.__init__": {"executed_lines": [84, 85, 86, 87, 88], "summary": {"covered_lines": 5, "num_statements": 5, "percent_covered": 100.0, "percent_covered_display": "100.00", "missing_lines": 0, "excluded_lines": 0, "percent_statements_covered": 100.0, "percent_statements_covered_display": "100.00"}, "missing_lines": [], "excluded_lines": [], "start_line": 83}, "FeedbackStore._classify_task_type": {"executed_lines": [93, 96, 97, 100, 101, 104, 105, 108, 112, 113, 116, 117, 119], "summary": {"covered_lines": 13, "num_statements": 14, "percent_covered": 92.85714285714286, "percent_covered_display": "92.86", "missing_lines": 1, "excluded_lines": 0, "percent_statements_covered": 92.85714285714286, "percent_statements_covered_display": "92.86"}, "missing_lines": [109], "excluded_lines": [], "start_line": 91}, "FeedbackStore._classify_intent": {"executed_lines": [124, 127, 128, 131, 132, 135, 136, 139, 140, 143, 144, 146], "summary": {"covered_lines": 12, "num_statements": 12, "percent_covered": 100.0, "percent_covered_display": "100.00", "missing_lines": 0, "excluded_lines": 0, "percent_statements_covered": 100.0, "percent_statements_covered_display": "100.00"}, "missing_lines": [], "excluded_lines": [], "start_line": 122}, "FeedbackStore._extract_entities": {"executed_lines": [152, 155, 156, 157, 160, 161, 162, 165, 166, 167, 169], "summary": {"covered_lines": 11, "num_statements": 11, "percent_covered": 100.0, "percent_covered_display": "100.00", "missing_lines": 0, "excluded_lines": 0, "percent_statements_covered": 100.0, "percent_statements_covered_display": "100.00"}, "missing_lines": [], "excluded_lines": [], "start_line": 149}, "FeedbackStore.record": {"executed_lines": [185, 186, 187, 189, 199, 202, 203, 204, 205, 206, 208, 211, 212, 213, 214, 217, 218, 219, 222, 223, 224, 227, 228, 229, 230, 233, 234, 235, 236, 239, 240, 243, 244, 245, 246, 249, 250, 251, 254, 255, 256, 259, 260, 262, 263], "summary": {"covered_lines": 45, "num_statements": 45, "percent_covered": 100.0, "percent_covered_display": "100.00", "missing_lines": 0, "excluded_lines": 0, "percent_statements_covered": 100.0, "percent_statements_covered_display": "100.00"}, "missing_lines": [], "excluded_lines": [], "start_line": 175}, "FeedbackStore.get_boost": {"executed_lines": [273, 274, 275, 278, 282, 283, 285, 286, 287, 290, 293], "summary": {"covered_lines": 11, "num_statements": 11, "percent_covered": 100.0, "percent_covered_display": "100.00", "missing_lines": 0, "excluded_lines": 0, "percent_statements_covered": 100.0, "percent_statements_covered_display": "100.00"}, "missing_lines": [], "excluded_lines": [], "start_line": 271}, "FeedbackStore.get_task_type_boost": {"executed_lines": [297, 298, 299, 301, 303], "summary": {"covered_lines": 5, "num_statements": 5, "percent_covered": 100.0, "percent_covered_display": "100.00", "missing_lines": 0, "excluded_lines": 0, "percent_statements_covered": 100.0, "percent_statements_covered_display": "100.00"}, "missing_lines": [], "excluded_lines": [], "start_line": 295}, "FeedbackStore.get_intent_boost": {"executed_lines": [307, 308, 309, 312, 315, 318, 319], "summary": {"covered_lines": 7, "num_statements": 8, "percent_covered": 87.5, "percent_covered_display": "87.50", "missing_lines": 1, "excluded_lines": 0, "percent_statements_covered": 87.5, "percent_statements_covered_display": "87.50"}, "missing_lines": [316], "excluded_lines": [], "start_line": 305}, "FeedbackStore.get_comprehensive_boost": {"executed_lines": [323, 324, 327, 328, 329, 332, 338], "summary": {"covered_lines": 7, "num_statements": 7, "percent_covered": 100.0, "percent_covered_display": "100.00", "missing_lines": 0, "excluded_lines": 0, "percent_statements_covered": 100.0, "percent_statements_covered_display": "100.00"}, "missing_lines": [], "excluded_lines": [], "start_line": 321}, "FeedbackStore.get_learning_insights": {"executed_lines": [342, 343, 344, 346, 356, 357, 358, 365, 366, 368], "summary": {"covered_lines": 10, "num_statements": 10, "percent_covered": 100.0, "percent_covered_display": "100.00", "missing_lines": 0, "excluded_lines": 0, "percent_statements_covered": 100.0, "percent_statements_covered_display": "100.00"}, "missing_lines": [], "excluded_lines": [], "start_line": 340}, "FeedbackStore.get_adaptive_hints": {"executed_lines": [372, 373, 375, 378, 379, 380, 382, 383, 386, 387, 390, 391, 392, 393, 395], "summary": {"covered_lines": 15, "num_statements": 16, "percent_covered": 93.75, "percent_covered_display": "93.75", "missing_lines": 1, "excluded_lines": 0, "percent_statements_covered": 93.75, "percent_statements_covered_display": "93.75"}, "missing_lines": [381], "excluded_lines": [], "start_line": 370}, "FeedbackStore.get_stats": {"executed_lines": [399], "summary": {"covered_lines": 1, "num_statements": 1, "percent_covered": 100.0, "percent_covered_display": "100.00", "missing_lines": 0, "excluded_lines": 0, "percent_statements_covered": 100.0, "percent_statements_covered_display": "100.00"}, "missing_lines": [], "excluded_lines": [], "start_line": 397}, "FeedbackStore.get_all_stats": {"executed_lines": [403], "summary": {"covered_lines": 1, "num_statements": 1, "percent_covered": 100.0, "percent_covered_display": "100.00", "missing_lines": 0, "excluded_lines": 0, "percent_statements_covered": 100.0, "percent_statements_covered_display": "100.00"}, "missing_lines": [], "excluded_lines": [], "start_line": 401}, "FeedbackStore.similar_task_tools": {"executed_lines": [410, 411, 413, 414, 415, 416, 417, 418, 419, 420, 423, 424, 425, 426, 428, 429], "summary": {"covered_lines": 16, "num_statements": 16, "percent_covered": 100.0, "percent_covered_display": "100.00", "missing_lines": 0, "excluded_lines": 0, "percent_statements_covered": 100.0, "percent_statements_covered_display": "100.00"}, "missing_lines": [], "excluded_lines": [], "start_line": 405}, "FeedbackStore._persist": {"executed_lines": [437, 438, 439, 443], "summary": {"covered_lines": 4, "num_statements": 6, "percent_covered": 66.66666666666667, "percent_covered_display": "66.67", "missing_lines": 2, "excluded_lines": 0, "percent_statements_covered": 66.66666666666667, "percent_statements_covered_display": "66.67"}, "missing_lines": [444, 445], "excluded_lines": [], "start_line": 435}, "FeedbackStore._load": {"executed_lines": [449, 450, 451, 452, 453, 454, 455, 460, 461, 462, 463], "summary": {"covered_lines": 11, "num_statements": 11, "percent_covered": 100.0, "percent_covered_display": "100.00", "missing_lines": 0, "excluded_lines": 0, "percent_statements_covered": 100.0, "percent_statements_covered_display": "100.00"}, "missing_lines": [], "excluded_lines": [], "start_line": 447}, "": {"executed_lines": [3, 4, 5, 6, 7, 8, 9, 10, 11, 14, 16, 17, 18, 21, 22, 25, 26, 27, 28, 29, 30, 31, 32, 33, 36, 37, 40, 41, 42, 43, 44, 45, 46, 48, 49, 52, 53, 58, 59, 64, 65, 68, 69, 70, 71, 72, 75, 83, 90, 91, 121, 122, 148, 149, 175, 271, 295, 305, 321, 340, 370, 397, 401, 405, 435, 447], "summary": {"covered_lines": 66, "num_statements": 66, "percent_covered": 100.0, "percent_covered_display": "100.00", "missing_lines": 0, "excluded_lines": 0, "percent_statements_covered": 100.0, "percent_statements_covered_display": "100.00"}, "missing_lines": [], "excluded_lines": [], "start_line": 1}}, "classes": {"FeedbackEntry": {"executed_lines": [], "summary": {"covered_lines": 0, "num_statements": 0, "percent_covered": 100.0, "percent_covered_display": "100.00", "missing_lines": 0, "excluded_lines": 0, "percent_statements_covered": 100.0, "percent_statements_covered_display": "100.00"}, "missing_lines": [], "excluded_lines": [], "start_line": 22}, "ToolStats": {"executed_lines": [50, 54, 56, 61], "summary": {"covered_lines": 4, "num_statements": 5, "percent_covered": 80.0, "percent_covered_display": "80.00", "missing_lines": 1, "excluded_lines": 0, "percent_statements_covered": 80.0, "percent_statements_covered_display": "80.00"}, "missing_lines": [55], "excluded_lines": [], "start_line": 37}, "TaskPattern": {"executed_lines": [], "summary": {"covered_lines": 0, "num_statements": 0, "percent_covered": 100.0, "percent_covered_display": "100.00", "missing_lines": 0, "excluded_lines": 0, "percent_statements_covered": 100.0, "percent_statements_covered_display": "100.00"}, "missing_lines": [], "excluded_lines": [], "start_line": 65}, "FeedbackStore": {"executed_lines": [84, 85, 86, 87, 88, 93, 96, 97, 100, 101, 104, 105, 108, 112, 113, 116, 117, 119, 124, 127, 128, 131, 132, 135, 136, 139, 140, 143, 144, 146, 152, 155, 156, 157, 160, 161, 162, 165, 166, 167, 169, 185, 186, 187, 189, 199, 202, 203, 204, 205, 206, 208, 211, 212, 213, 214, 217, 218, 219, 222, 223, 224, 227, 228, 229, 230, 233, 234, 235, 236, 239, 240, 243, 244, 245, 246, 249, 250, 251, 254, 255, 256, 259, 260, 262, 263, 273, 274, 275, 278, 282, 283, 285, 286, 287, 290, 293, 297, 298, 299, 301, 303, 307, 308, 309, 312, 315, 318, 319, 323, 324, 327, 328, 329, 332, 338, 342, 343, 344, 346, 356, 357, 358, 365, 366, 368, 372, 373, 375, 378, 379, 380, 382, 383, 386, 387, 390, 391, 392, 393, 395, 399, 403, 410, 411, 413, 414, 415, 416, 417, 418, 419, 420, 423, 424, 425, 426, 428, 429, 437, 438, 439, 443, 449, 450, 451, 452, 453, 454, 455, 460, 461, 462, 463], "summary": {"covered_lines": 174, "num_statements": 179, "percent_covered": 97.20670391061452, "percent_covered_display": "97.21", "missing_lines": 5, "excluded_lines": 0, "percent_statements_covered": 97.20670391061452, "percent_statements_covered_display": "97.21"}, "missing_lines": [109, 316, 381, 444, 445], "excluded_lines": [], "start_line": 75}, "": {"executed_lines": [3, 4, 5, 6, 7, 8, 9, 10, 11, 14, 16, 17, 18, 21, 22, 25, 26, 27, 28, 29, 30, 31, 32, 33, 36, 37, 40, 41, 42, 43, 44, 45, 46, 48, 49, 52, 53, 58, 59, 64, 65, 68, 69, 70, 71, 72, 75, 83, 90, 91, 121, 122, 148, 149, 175, 271, 295, 305, 321, 340, 370, 397, 401, 405, 435, 447], "summary": {"covered_lines": 66, "num_statements": 66, "percent_covered": 100.0, "percent_covered_display": "100.00", "missing_lines": 0, "excluded_lines": 0, "percent_statements_covered": 100.0, "percent_statements_covered_display": "100.00"}, "missing_lines": [], "excluded_lines": [], "start_line": 1}}}, "tool_router/ai/prompt_architect.py": {"executed_lines": [3, 5, 6, 7, 8, 9, 12, 15, 18, 19, 20, 21, 22, 23, 24, 25, 26, 27, 30, 33, 34, 35, 36, 37, 38, 39, 40, 43, 44, 47, 48, 49, 50, 53, 54, 57, 58, 59, 60, 61, 62, 65, 68, 69, 158, 160, 163, 164, 165, 166, 167, 169, 170, 173, 175, 177, 178, 181, 184, 185, 186, 196, 197, 207, 208, 218, 228, 238, 239, 248, 250, 252, 255, 258, 263, 268, 271, 272, 277, 280, 281, 284, 289, 294, 296, 298, 300, 303, 306, 311, 312, 315, 320, 321, 324, 329, 330, 332, 335, 338, 339, 365, 381, 384, 387, 388, 391, 392, 395, 398, 400, 402, 405, 439, 440, 441, 442, 444, 447, 450, 451, 460, 462, 465, 466, 468, 469, 471, 472, 474, 475, 477, 479, 482, 483, 485, 487, 489, 490, 491, 492, 493, 495, 497, 499, 501, 502, 503, 504, 505, 507, 509, 512, 520, 521, 523, 526, 529, 530, 531, 532, 533, 535, 544, 545, 548, 551, 552, 555, 556, 557, 559, 562, 565, 568, 569, 570, 572, 586, 588, 591, 592, 595, 596, 597, 598, 599, 604, 605, 607, 609, 611, 612, 613, 614, 615, 616, 617, 619, 622, 623, 626, 627, 629, 631, 634, 635, 637, 639, 642, 643, 645, 647, 650, 651, 652, 653, 654, 657, 659, 668, 671, 672, 674, 675, 676, 677, 678, 680, 682, 684, 687, 688, 689, 690, 691, 693, 695, 698, 699, 702, 703, 705, 706, 707, 709, 711, 713, 715, 716, 717, 718, 719, 721, 724, 731, 733, 735, 738, 740, 742, 743, 746, 747, 748, 750, 752, 754], "summary": {"covered_lines": 268, "num_statements": 270, "percent_covered": 99.25925925925925, "percent_covered_display": "99.26", "missing_lines": 2, "excluded_lines": 0, "percent_statements_covered": 99.25925925925925, "percent_statements_covered_display": "99.26"}, "missing_lines": [600, 601], "excluded_lines": [], "functions": {"TaskAnalyzer.__init__": {"executed_lines": [69], "summary": {"covered_lines": 1, "num_statements": 1, "percent_covered": 100.0, "percent_covered_display": "100.00", "missing_lines": 0, "excluded_lines": 0, "percent_statements_covered": 100.0, "percent_statements_covered_display": "100.00"}, "missing_lines": [], "excluded_lines": [], "start_line": 68}, "TaskAnalyzer.identify_task_type": {"executed_lines": [160, 163, 164, 165, 166, 167, 169, 170, 173], "summary": {"covered_lines": 9, "num_statements": 9, "percent_covered": 100.0, "percent_covered_display": "100.00", "missing_lines": 0, "excluded_lines": 0, "percent_statements_covered": 100.0, "percent_statements_covered_display": "100.00"}, "missing_lines": [], "excluded_lines": [], "start_line": 158}, "TaskAnalyzer.extract_requirements": {"executed_lines": [177, 178, 181, 184, 185, 186, 196, 197, 207, 208, 218, 228, 238, 239, 248], "summary": {"covered_lines": 15, "num_statements": 15, "percent_covered": 100.0, "percent_covered_display": "100.00", "missing_lines": 0, "excluded_lines": 0, "percent_statements_covered": 100.0, "percent_statements_covered_display": "100.00"}, "missing_lines": [], "excluded_lines": [], "start_line": 175}, "TaskAnalyzer._extract_constraints": {"executed_lines": [252, 255, 258, 263, 268, 271, 272, 277, 280, 281, 284, 289, 294, 296], "summary": {"covered_lines": 14, "num_statements": 14, "percent_covered": 100.0, "percent_covered_display": "100.00", "missing_lines": 0, "excluded_lines": 0, "percent_statements_covered": 100.0, "percent_statements_covered_display": "100.00"}, "missing_lines": [], "excluded_lines": [], "start_line": 250}, "TaskAnalyzer._extract_functional_requirements": {"executed_lines": [300, 303, 306, 311, 312, 315, 320, 321, 324, 329, 330, 332], "summary": {"covered_lines": 12, "num_statements": 12, "percent_covered": 100.0, "percent_covered_display": "100.00", "missing_lines": 0, "excluded_lines": 0, "percent_statements_covered": 100.0, "percent_statements_covered_display": "100.00"}, "missing_lines": [], "excluded_lines": [], "start_line": 298}, "TokenOptimizer.__init__": {"executed_lines": [339, 365], "summary": {"covered_lines": 2, "num_statements": 2, "percent_covered": 100.0, "percent_covered_display": "100.00", "missing_lines": 0, "excluded_lines": 0, "percent_statements_covered": 100.0, "percent_statements_covered_display": "100.00"}, "missing_lines": [], "excluded_lines": [], "start_line": 338}, "TokenOptimizer.minimize_tokens": {"executed_lines": [384, 387, 388, 391, 392, 395, 398, 400], "summary": {"covered_lines": 8, "num_statements": 8, "percent_covered": 100.0, "percent_covered_display": "100.00", "missing_lines": 0, "excluded_lines": 0, "percent_statements_covered": 100.0, "percent_statements_covered_display": "100.00"}, "missing_lines": [], "excluded_lines": [], "start_line": 381}, "TokenOptimizer._restore_technical_capitalization": {"executed_lines": [405, 439, 440, 441, 442, 444], "summary": {"covered_lines": 6, "num_statements": 6, "percent_covered": 100.0, "percent_covered_display": "100.00", "missing_lines": 0, "excluded_lines": 0, "percent_statements_covered": 100.0, "percent_statements_covered_display": "100.00"}, "missing_lines": [], "excluded_lines": [], "start_line": 402}, "PromptRefiner.__init__": {"executed_lines": [451], "summary": {"covered_lines": 1, "num_statements": 1, "percent_covered": 100.0, "percent_covered_display": "100.00", "missing_lines": 0, "excluded_lines": 0, "percent_statements_covered": 100.0, "percent_statements_covered_display": "100.00"}, "missing_lines": [], "excluded_lines": [], "start_line": 450}, "PromptRefiner.refine_prompt": {"executed_lines": [462, 465, 466, 468, 469, 471, 472, 474, 475, 477], "summary": {"covered_lines": 10, "num_statements": 10, "percent_covered": 100.0, "percent_covered_display": "100.00", "missing_lines": 0, "excluded_lines": 0, "percent_statements_covered": 100.0, "percent_statements_covered_display": "100.00"}, "missing_lines": [], "excluded_lines": [], "start_line": 460}, "PromptRefiner._clarify_requirements": {"executed_lines": [482, 483, 485], "summary": {"covered_lines": 3, "num_statements": 3, "percent_covered": 100.0, "percent_covered_display": "100.00", "missing_lines": 0, "excluded_lines": 0, "percent_statements_covered": 100.0, "percent_statements_covered_display": "100.00"}, "missing_lines": [], "excluded_lines": [], "start_line": 479}, "PromptRefiner._add_missing_elements": {"executed_lines": [489, 490, 491, 492, 493, 495], "summary": {"covered_lines": 6, "num_statements": 6, "percent_covered": 100.0, "percent_covered_display": "100.00", "missing_lines": 0, "excluded_lines": 0, "percent_statements_covered": 100.0, "percent_statements_covered_display": "100.00"}, "missing_lines": [], "excluded_lines": [], "start_line": 487}, "PromptRefiner._shorten_prompt": {"executed_lines": [499, 501, 502, 503, 504, 505, 507], "summary": {"covered_lines": 7, "num_statements": 7, "percent_covered": 100.0, "percent_covered_display": "100.00", "missing_lines": 0, "excluded_lines": 0, "percent_statements_covered": 100.0, "percent_statements_covered_display": "100.00"}, "missing_lines": [], "excluded_lines": [], "start_line": 497}, "PromptRefiner._add_specificity": {"executed_lines": [512, 520, 521, 523], "summary": {"covered_lines": 4, "num_statements": 4, "percent_covered": 100.0, "percent_covered_display": "100.00", "missing_lines": 0, "excluded_lines": 0, "percent_statements_covered": 100.0, "percent_statements_covered_display": "100.00"}, "missing_lines": [], "excluded_lines": [], "start_line": 509}, "PromptArchitect.__init__": {"executed_lines": [530, 531, 532, 533], "summary": {"covered_lines": 4, "num_statements": 4, "percent_covered": 100.0, "percent_covered_display": "100.00", "missing_lines": 0, "excluded_lines": 0, "percent_statements_covered": 100.0, "percent_statements_covered_display": "100.00"}, "missing_lines": [], "excluded_lines": [], "start_line": 529}, "PromptArchitect.optimize_prompt": {"executed_lines": [544, 545, 548, 551, 552, 5
[...]
overed_display": "66.67", "missing_lines": 1, "excluded_lines": 0, "percent_statements_covered": 66.66666666666667, "percent_statements_covered_display": "66.67"}, "missing_lines": [241], "excluded_lines": [], "start_line": 228}, "KnowledgeBase.get_top_patterns": {"executed_lines": [], "summary": {"covered_lines": 0, "num_statements": 3, "percent_covered": 0.0, "percent_covered_display": "0.00", "missing_lines": 3, "excluded_lines": 0, "percent_statements_covered": 0.0, "percent_statements_covered_display": "0.00"}, "missing_lines": [245, 246, 256], "excluded_lines": [], "start_line": 243}, "KnowledgeBase.update_usage_count": {"executed_lines": [], "summary": {"covered_lines": 0, "num_statements": 2, "percent_covered": 0.0, "percent_covered_display": "0.00", "missing_lines": 2, "excluded_lines": 0, "percent_statements_covered": 0.0, "percent_statements_covered_display": "0.00"}, "missing_lines": [260, 261], "excluded_lines": [], "start_line": 258}, "KnowledgeBase.add_user_rating": {"executed_lines": [], "summary": {"covered_lines": 0, "num_statements": 6, "percent_covered": 0.0, "percent_covered_display": "0.00", "missing_lines": 6, "excluded_lines": 0, "percent_statements_covered": 0.0, "percent_statements_covered_display": "0.00"}, "missing_lines": [272, 273, 274, 275, 277, 278], "excluded_lines": [], "start_line": 270}, "KnowledgeBase.get_statistics": {"executed_lines": [293, 295, 296, 299, 305, 308, 319, 322, 329, 331], "summary": {"covered_lines": 10, "num_statements": 10, "percent_covered": 100.0, "percent_covered_display": "100.00", "missing_lines": 0, "excluded_lines": 0, "percent_statements_covered": 100.0, "percent_statements_covered_display": "100.00"}, "missing_lines": [], "excluded_lines": [], "start_line": 291}, "KnowledgeBase._row_to_knowledge_item": {"executed_lines": [340], "summary": {"covered_lines": 1, "num_statements": 1, "percent_covered": 100.0, "percent_covered_display": "100.00", "missing_lines": 0, "excluded_lines": 0, "percent_statements_covered": 100.0, "percent_statements_covered_display": "100.00"}, "missing_lines": [], "excluded_lines": [], "start_line": 338}, "KnowledgeBase._generate_item_id": {"executed_lines": [360, 361], "summary": {"covered_lines": 2, "num_statements": 2, "percent_covered": 100.0, "percent_covered_display": "100.00", "missing_lines": 0, "excluded_lines": 0, "percent_statements_covered": 100.0, "percent_statements_covered_display": "100.00"}, "missing_lines": [], "excluded_lines": [], "start_line": 358}, "KnowledgeBase.export_knowledge": {"executed_lines": [], "summary": {"covered_lines": 0, "num_statements": 8, "percent_covered": 0.0, "percent_covered_display": "0.00", "missing_lines": 8, "excluded_lines": 0, "percent_statements_covered": 0.0, "percent_statements_covered_display": "0.00"}, "missing_lines": [365, 367, 368, 369, 370, 371, 388, 389], "excluded_lines": [], "start_line": 363}, "KnowledgeBase.import_knowledge": {"executed_lines": [393, 394, 396, 397, 398, 399, 417, 419], "summary": {"covered_lines": 8, "num_statements": 11, "percent_covered": 72.72727272727273, "percent_covered_display": "72.73", "missing_lines": 3, "excluded_lines": 0, "percent_statements_covered": 72.72727272727273, "percent_statements_covered_display": "72.73"}, "missing_lines": [414, 415, 421], "excluded_lines": [], "start_line": 391}, "KnowledgeIndexer.__init__": {"executed_lines": [428, 429], "summary": {"covered_lines": 2, "num_statements": 2, "percent_covered": 100.0, "percent_covered_display": "100.00", "missing_lines": 0, "excluded_lines": 0, "percent_statements_covered": 100.0, "percent_statements_covered_display": "100.00"}, "missing_lines": [], "excluded_lines": [], "start_line": 427}, "KnowledgeIndexer._build_indexes": {"executed_lines": [433, 434, 435, 438, 439, 445, 446, 447, 448, 449, 450], "summary": {"covered_lines": 11, "num_statements": 26, "percent_covered": 42.30769230769231, "percent_covered_display": "42.31", "missing_lines": 15, "excluded_lines": 0, "percent_statements_covered": 42.30769230769231, "percent_statements_covered_display": "42.31"}, "missing_lines": [451, 454, 455, 456, 459, 460, 461, 462, 465, 466, 468, 469, 470, 471, 472], "excluded_lines": [], "start_line": 431}, "KnowledgeIndexer.find_by_tags": {"executed_lines": [], "summary": {"covered_lines": 0, "num_statements": 5, "percent_covered": 0.0, "percent_covered_display": "0.00", "missing_lines": 5, "excluded_lines": 0, "percent_statements_covered": 0.0, "percent_statements_covered_display": "0.00"}, "missing_lines": [476, 478, 479, 480, 482], "excluded_lines": [], "start_line": 474}, "KnowledgeIndexer.find_by_category": {"executed_lines": [], "summary": {"covered_lines": 0, "num_statements": 1, "percent_covered": 0.0, "percent_covered_display": "0.00", "missing_lines": 1, "excluded_lines": 0, "percent_statements_covered": 0.0, "percent_statements_covered_display": "0.00"}, "missing_lines": [486], "excluded_lines": [], "start_line": 484}, "KnowledgeIndexer.find_by_keywords": {"executed_lines": [], "summary": {"covered_lines": 0, "num_statements": 6, "percent_covered": 0.0, "percent_covered_display": "0.00", "missing_lines": 6, "excluded_lines": 0, "percent_statements_covered": 0.0, "percent_statements_covered_display": "0.00"}, "missing_lines": [490, 492, 493, 494, 495, 497], "excluded_lines": [], "start_line": 488}, "KnowledgeIndexer.get_related_items": {"executed_lines": [], "summary": {"covered_lines": 0, "num_statements": 15, "percent_covered": 0.0, "percent_covered_display": "0.00", "missing_lines": 15, "excluded_lines": 0, "percent_statements_covered": 0.0, "percent_statements_covered_display": "0.00"}, "missing_lines": [501, 502, 503, 506, 507, 508, 509, 512, 515, 516, 517, 518, 519, 522, 524], "excluded_lines": [], "start_line": 499}, "": {"executed_lines": [11, 12, 13, 14, 15, 16, 17, 18, 20, 23, 26, 27, 28, 29, 32, 33, 36, 37, 38, 39, 40, 41, 42, 43, 44, 45, 46, 47, 48, 49, 50, 52, 58, 59, 65, 66, 78, 81, 91, 130, 149, 181, 197, 224, 228, 243, 258, 270, 291, 338, 358, 363, 391, 424, 427, 431, 474, 484, 488, 499], "summary": {"covered_lines": 60, "num_statements": 60, "percent_covered": 100.0, "percent_covered_display": "100.00", "missing_lines": 0, "excluded_lines": 5, "percent_statements_covered": 100.0, "percent_statements_covered_display": "100.00"}, "missing_lines": [], "excluded_lines": [527, 529, 531, 535, 539], "start_line": 1}}, "classes": {"KnowledgeStatus": {"executed_lines": [], "summary": {"covered_lines": 0, "num_statements": 0, "percent_covered": 100.0, "percent_covered_display": "100.00", "missing_lines": 0, "excluded_lines": 0, "percent_statements_covered": 100.0, "percent_statements_covered_display": "100.00"}, "missing_lines": [], "excluded_lines": [], "start_line": 23}, "KnowledgeItem": {"executed_lines": [53, 54, 55, 56], "summary": {"covered_lines": 4, "num_statements": 13, "percent_covered": 30.76923076923077, "percent_covered_display": "30.77", "missing_lines": 9, "excluded_lines": 0, "percent_statements_covered": 30.76923076923077, "percent_statements_covered_display": "30.77"}, "missing_lines": [61, 62, 63, 68, 69, 70, 72, 73, 75], "excluded_lines": [], "start_line": 33}, "KnowledgeBase": {"executed_lines": [83, 84, 86, 87, 89, 93, 94, 114, 118, 122, 132, 134, 183, 184, 191, 192, 195, 230, 231, 293, 295, 296, 299, 305, 308, 319, 322, 329, 331, 340, 360, 361, 393, 394, 396, 397, 398, 399, 417, 419], "summary": {"covered_lines": 40, "num_statements": 79, "percent_covered": 50.63291139240506, "percent_covered_display": "50.63", "missing_lines": 39, "excluded_lines": 0, "percent_statements_covered": 50.63291139240506, "percent_statements_covered_display": "50.63"}, "missing_lines": [147, 151, 152, 179, 193, 201, 202, 211, 213, 214, 215, 217, 218, 220, 222, 226, 241, 245, 246, 256, 260, 261, 272, 273, 274, 275, 277, 278, 365, 367, 368, 369, 370, 371, 388, 389, 414, 415, 421], "excluded_lines": [], "start_line": 78}, "KnowledgeIndexer": {"executed_lines": [428, 429, 433, 434, 435, 438, 439, 445, 446, 447, 448, 449, 450], "summary": {"covered_lines": 13, "num_statements": 55, "percent_covered": 23.636363636363637, "percent_covered_display": "23.64", "missing_lines": 42, "excluded_lines": 0, "percent_statements_covered": 23.636363636363637, "percent_statements_covered_display": "23.64"}, "missing_lines": [451, 454, 455, 456, 459, 460, 461, 462, 465, 466, 468, 469, 470, 471, 472, 476, 478, 479, 480, 482, 486, 490, 492, 493, 494, 495, 497, 501, 502, 503, 506, 507, 508, 509, 512, 515, 516, 517, 518, 519, 522, 524], "excluded_lines": [], "start_line": 424}, "": {"executed_lines": [11, 12, 13, 14, 15, 16, 17, 18, 20, 23, 26, 27, 28, 29, 32, 33, 36, 37, 38, 39, 40, 41, 42, 43, 44, 45, 46, 47, 48, 49, 50, 52, 58, 59, 65, 66, 78, 81, 91, 130, 149, 181, 197, 224, 228, 243, 258, 270, 291, 338, 358, 363, 391, 424, 427, 431, 474, 484, 488, 499], "summary": {"covered_lines": 60, "num_statements": 60, "percent_covered": 100.0, "percent_covered_display": "100.00", "missing_lines": 0, "excluded_lines": 5, "percent_statements_covered": 100.0, "percent_statements_covered_display": "100.00"}, "missing_lines": [], "excluded_lines": [527, 529, 531, 535, 539], "start_line": 1}}}, "tool_router/training/training_pipeline.py": {"executed_lines": [12, 13, 14, 15, 16, 18, 19, 22, 25, 28, 30, 31, 32, 35, 36, 37, 40, 49, 51, 53, 55, 56, 59, 60, 63, 64, 67, 68, 71, 72, 75, 76, 79, 91, 92, 94, 95, 96, 97, 98, 100, 102, 104, 105, 106, 108, 109, 111, 113, 114, 115, 116, 118, 120, 122, 124, 126, 127, 128, 131, 132, 133, 136, 141, 142, 144, 145, 147, 149, 151, 153, 155, 162, 163, 165, 167, 174, 175, 179, 181, 183, 184, 187, 188, 190, 192, 194, 195, 197, 198, 200, 202, 204, 206, 207, 208, 209, 211, 213, 214, 215, 216, 218, 219, 221, 223, 224, 225, 226, 227, 228, 229, 231, 233, 236, 239, 240, 242, 243, 256, 258, 260, 262, 265, 266, 269, 270, 271, 272, 274, 275, 276, 278, 286, 292, 294, 296, 299, 302, 303, 306, 309, 318, 319, 321, 323, 334, 336, 338, 341, 342, 343, 344, 347, 348, 351, 352, 353, 355, 356, 357, 361, 363, 381, 383, 384, 387, 388, 393, 394, 396, 397, 401], "summary": {"covered_lines": 173, "num_statements": 183, "percent_covered": 94.53551912568307, "percent_covered_display": "94.54", "missing_lines": 10, "excluded_lines": 38, "percent_statements_covered": 94.53551912568307, "percent_statements_covered_display": "94.54"}, "missing_lines": [137, 138, 177, 365, 373, 376, 377, 379, 389, 390], "excluded_lines": [454, 456, 458, 460, 461, 463, 464, 465, 466, 467, 469, 470, 471, 472, 473, 474, 476, 477, 478, 480, 481, 482, 483, 484, 485, 487, 488, 489, 490, 492, 493, 495, 496, 497, 498, 501, 502, 503], "functions": {"TrainingPipeline.__init__": {"executed_lines": [30, 31, 32, 35, 36, 37, 40], "summary": {"covered_lines": 7, "num_statements": 7, "percent_covered": 100.0, "percent_covered_display": "100.00", "missing_lines": 0, "excluded_lines": 0, "percent_statements_covered": 100.0, "percent_statements_covered_display": "100.00"}, "missing_lines": [], "excluded_lines": [], "start_line": 28}, "TrainingPipeline.run_training_pipeline": {"executed_lines": [51, 53, 55, 56, 59, 60, 63, 64, 67, 68, 71, 72, 75, 76, 79, 91, 92, 94, 95, 96, 97, 98], "summary": {"covered_lines": 22, "num_statements": 22, "percent_covered": 100.0, "percent_covered_display": "100.00", "missing_lines": 0, "excluded_lines": 0, "percent_statements_covered": 100.0, "percent_statements_covered_display": "100.00"}, "missing_lines": [], "excluded_lines": [], "start_line": 49}, "TrainingPipeline._extract_patterns": {"executed_lines": [102, 104, 105, 106, 108, 109, 111, 113, 114, 115, 116, 118], "summary": {"covered_lines": 12, "num_statements": 12, "percent_covered": 100.0, "percent_covered_display": "100.00", "missing_lines": 0, "excluded_lines": 0, "percent_statements_covered": 100.0, "percent_statements_covered_display": "100.00"}, "missing_lines": [], "excluded_lines": [], "start_line": 100}, "TrainingPipeline._validate_patterns": {"executed_lines": [122, 124, 126, 127, 128, 131, 132, 133, 136, 141, 142, 144, 145], "summary": {"covered_lines": 13, "num_statements": 15, "percent_covered": 86.66666666666667, "percent_covered_display": "86.67", "missing_lines": 2, "excluded_lines": 0, "percent_statements_covered": 86.66666666666667, "percent_statements_covered_display": "86.67"}, "missing_lines": [137, 138], "excluded_lines": [], "start_line": 120}, "TrainingPipeline._validate_pattern_by_category": {"executed_lines": [149, 151, 153, 155, 162, 163, 165, 167, 174, 175], "summary": {"covered_lines": 10, "num_statements": 11, "percent_covered": 90.9090909090909, "percent_covered_display": "90.91", "missing_lines": 1, "excluded_lines": 0, "percent_statements_covered": 90.9090909090909, "percent_statements_covered_display": "90.91"}, "missing_lines": [177], "excluded_lines": [], "start_line": 147}, "TrainingPipeline._is_duplicate_pattern": {"executed_lines": [181, 183, 184, 187, 188, 190], "summary": {"covered_lines": 6, "num_statements": 6, "percent_covered": 100.0, "percent_covered_display": "100.00", "missing_lines": 0, "excluded_lines": 0, "percent_statements_covered": 100.0, "percent_statements_covered_display": "100.00"}, "missing_lines": [], "excluded_lines": [], "start_line": 179}, "TrainingPipeline._text_similarity": {"executed_lines": [194, 195, 197, 198, 200], "summary": {"covered_lines": 5, "num_statements": 5, "percent_covered": 100.0, "percent_covered_display": "100.00", "missing_lines": 0, "excluded_lines": 0, "percent_statements_covered": 100.0, "percent_statements_covered_display": "100.00"}, "missing_lines": [], "excluded_lines": [], "start_line": 192}, "TrainingPipeline._populate_knowledge_base": {"executed_lines": [204, 206, 207, 208, 209, 211, 213, 214, 215, 216, 218, 219], "summary": {"covered_lines": 12, "num_statements": 12, "percent_covered": 100.0, "percent_covered_display": "100.00", "missing_lines": 0, "excluded_lines": 0, "percent_statements_covered": 100.0, "percent_statements_covered_display": "100.00"}, "missing_lines": [], "excluded_lines": [], "start_line": 202}, "TrainingPipeline._build_indexes": {"executed_lines": [223, 224, 225, 226, 227, 228, 229], "summary": {"covered_lines": 7, "num_statements": 7, "percent_covered": 100.0, "percent_covered_display": "100.00", "missing_lines": 0, "excluded_lines": 0, "percent_statements_covered": 100.0, "percent_statements_covered_display": "100.00"}, "missing_lines": [], "excluded_lines": [], "start_line": 221}, "TrainingPipeline._train_specialists": {"executed_lines": [233, 236, 239, 240, 242, 243, 256, 258], "summary": {"covered_lines": 8, "num_statements": 8, "percent_covered": 100.0, "percent_covered_display": "100.00", "missing_lines": 0, "excluded_lines": 0, "percent_statements_covered": 100.0, "percent_statements_covered_display": "100.00"}, "missing_lines": [], "excluded_lines": [], "start_line": 231}, "TrainingPipeline._evaluate_training": {"executed_lines": [262, 265, 266, 269, 270, 271, 272, 274, 275, 276, 278, 286, 292], "summary": {"covered_lines": 13, "num_statements": 13, "percent_covered": 100.0, "percent_covered_display": "100.00", "missing_lines": 0, "excluded_lines": 0, "percent_statements_covered": 100.0, "percent_statements_covered_display": "100.00"}, "missing_lines": [], "excluded_lines": [], "start_line": 260}, "TrainingPipeline.run_continuous_learning": {"executed_lines": [296, 299, 302, 303, 306, 309, 318, 319], "summary": {"covered_lines": 8, "num_statements": 8, "percent_covered": 100.0, "percent_covered_display": "100.00", "missing_lines": 0, "excluded_lines": 0, "percent_statements_covered": 100.0, "percent_statements_covered_display": "100.00"}, "missing_lines": [], "excluded_lines": [], "start_line": 294}, "TrainingPipeline.get_training_report": {"executed_lines": [323], "summary": {"covered_lines": 1, "num_statements": 1, "percent_covered": 100.0, "percent_covered_display": "100.00", "missing_lines": 0, "excluded_lines": 0, "percent_statements_covered": 100.0, "percent_statements_covered_display": "100.00"}, "missing_lines": [], "excluded_lines": [], "start_line": 321}, "TrainingPipeline._generate_recommendations": {"executed_lines": [336, 338, 341, 342, 343, 344, 347, 348, 351, 352, 353, 355, 356, 357, 361], "summary": {"covered_lines": 15, "num_statements": 15, "percent_covered": 100.0, "percent_covered_display": "100.00", "missing_lines": 0, "excluded_lines": 0, "percent_statements_covered": 100.0, "percent_statements_covered_display": "100.00"}, "missing_lines": [], "excluded_lines": [], "start_line": 334}, "TrainingPipeline.export_training_data": {"executed_lines": [], "summary": {"covered_lines": 0, "num_statements": 5, "percent_covered": 0.0, "percent_covered_display": "0.00", "missing_lines": 5, "excluded_lines": 0, "percent_statements_covered": 0.0, "percent_statements_covered_display": "0.00"}, "missing_lines": [365, 373, 376, 377, 379], "excluded_lines": [], "start_line": 363}, "TrainingPipeline.import_training_data": {"executed_lines": [383, 384, 387, 388, 393, 394, 396, 397], "summary": {"covered_lines": 8, "num_statements": 10, "percent_covered": 80.0, "percent_covered_display": "80.00", "missing_lines": 2, "excluded_lines": 0, "percent_statements_covered": 80.0, "percent_statements_covered_display": "80.00"}, "missing_lines": [389, 390], "excluded_lines": [], "start_line": 381}, "": {"executed_lines": [12, 13, 14, 15, 16, 18, 19, 22, 25, 28, 49, 100, 120, 147, 179, 192, 202, 221, 231, 260, 294, 321, 334, 363, 381, 401], "summary": {"covered_lines": 26, "num_statements": 26, "percent_covered": 100.0, "percent_covered_display": "100.00", "missing_lines": 0, "excluded_lines": 38, "percent_statements_covered": 100.0, "percent_statements_covered_display": "100.00"}, "missing_lines": [], "excluded_lines": [454, 456, 458, 460, 461, 463, 464, 465, 466, 467, 469, 470, 471, 472, 473, 474, 476, 477, 478, 480, 481, 482, 483, 484, 485, 487, 488, 489, 490, 492, 493, 495, 496, 497, 498, 501, 502, 503], "start_line": 1}}, "classes": {"TrainingPipeline": {"executed_lines": [30, 31, 32, 35, 36, 37, 40, 51, 53, 55, 56, 59, 60, 63, 64, 67, 68, 71, 72, 75, 76, 79, 91, 92, 94, 95, 96, 97, 98, 102, 104, 105, 106, 108, 109, 111, 113, 114, 115, 116, 118, 122, 124, 126, 127, 128, 131, 132, 133, 136, 141, 142, 144, 145, 149, 151, 153, 155, 162, 163, 165, 167, 174, 175, 181, 183, 184, 187, 188, 190, 194, 195, 197, 198, 200, 204, 206, 207, 208, 209, 211, 213, 214, 215, 216, 218, 219, 223, 224, 225, 226, 227, 228, 229, 233, 236, 239, 240, 242, 243, 256, 258, 262, 265, 266, 269, 270, 271, 272, 274, 275, 276, 278, 286, 292, 296, 299, 302, 303, 306, 309, 318, 319, 323, 336, 338, 341, 342, 343, 344, 347, 348, 351, 352, 353, 355, 356, 357, 361, 383, 384, 387, 388, 393, 394, 396, 397], "summary": {"covered_lines": 147, "num_statements": 157, "percent_covered": 93.63057324840764, "percent_covered_display": "93.63", "missing_lines": 10, "excluded_lines": 0, "percent_statements_covered": 93.63057324840764, "percent_statements_covered_display": "93.63"}, "missing_lines": [137, 138, 177, 365, 373, 376, 377, 379, 389, 390], "excluded_lines": [], "start_line": 25}, "": {"executed_lines": [12, 13, 14, 15, 16, 18, 19, 22, 25, 28, 49, 100, 120, 147, 179, 192, 202, 221, 231, 260, 294, 321, 334, 363, 381, 401], "summary": {"covered_lines": 26, "num_statements": 26, "percent_covered": 100.0, "percent_covered_display": "100.00", "missing_lines": 0, "excluded_lines": 38, "percent_statements_covered": 100.0, "percent_statements_covered_display": "100.00"}, "missing_lines": [], "excluded_lines": [454, 456, 458, 460, 461, 463, 464, 465, 466, 467, 469, 470, 471, 472, 473, 474, 476, 477, 478, 480, 481, 482, 483, 484, 485, 487, 488, 489, 490, 492, 493, 495, 496, 497, 498, 501, 502, 503], "start_line": 1}}}}, "totals": {"covered_lines": 5064, "num_statements": 8190, "percent_covered": 61.83150183150183, "percent_covered_display": "61.83", "missing_lines": 3126, "excluded_lines": 130, "percent_statements_covered": 61.83150183150183, "percent_statements_covered_display": "61.83"}}