{
  "meta": {
    "format": 3,
    "version": "7.13.4",
    "timestamp": "2026-02-20T16:18:42.200629",
    "branch_coverage": false,
    "show_contexts": false
  },
  "files": {
    "dribbble_mcp/__init__.py": {
      "executed_lines": [3],
      "summary": {
        "covered_lines": 1,
        "num_statements": 1,
        "percent_covered": 100.0,
        "percent_covered_display": "100.00",
        "missing_lines": 0,
        "excluded_lines": 0,
        "percent_statements_covered": 100.0,
        "percent_statements_covered_display": "100.00"
      },
      "missing_lines": [],
      "excluded_lines": [],
      "functions": {
        "": {
          "executed_lines": [3],
          "summary": {
            "covered_lines": 1,
            "num_statements": 1,
            "percent_covered": 100.0,
            "percent_covered_display": "100.00",
            "missing_lines": 0,
            "excluded_lines": 0,
            "percent_statements_covered": 100.0,
            "percent_statements_covered_display": "100.00"
          },
          "missing_lines": [],
          "excluded_lines": [],
          "start_line": 1
        }
      },
      "classes": {
        "": {
          "executed_lines": [3],
          "summary": {
            "covered_lines": 1,
            "num_statements": 1,
            "percent_covered": 100.0,
            "percent_covered_display": "100.00",
            "missing_lines": 0,
            "excluded_lines": 0,
            "percent_statements_covered": 100.0,
            "percent_statements_covered_display": "100.00"
          },
          "missing_lines": [],
          "excluded_lines": [],
          "start_line": 1
        }
      }
    },
    "dribbble_mcp/health_check.py": {
      "executed_lines": [],
      "summary": {
        "covered_lines": 0,
        "num_statements": 18,
        "percent_covered": 0.0,
        "percent_covered_display": "0.00",
        "missing_lines": 18,
        "excluded_lines": 2,
        "percent_statements_covered": 0.0,
        "percent_statements_covered_display": "0.00"
      },
      "missing_lines": [
        4, 5, 6, 7, 10, 13, 14, 15, 16, 17, 18, 21, 22, 28, 29, 31, 32, 33
      ],
      "excluded_lines": [36, 37],
      "functions": {
        "main": {
          "executed_lines": [],
          "summary": {
            "covered_lines": 0,
            "num_statements": 13,
            "percent_covered": 0.0,
            "percent_covered_display": "0.00",
            "missing_lines": 13,
            "excluded_lines": 0,
            "percent_statements_covered": 0.0,
            "percent_statements_covered_display": "0.00"
          },
          "missing_lines": [13, 14, 15, 16, 17, 18, 21, 22, 28, 29, 31, 32, 33],
          "excluded_lines": [],
          "start_line": 10
        },
        "": {
          "executed_lines": [],
          "summary": {
            "covered_lines": 0,
            "num_statements": 5,
            "percent_covered": 0.0,
            "percent_covered_display": "0.00",
            "missing_lines": 5,
            "excluded_lines": 2,
            "percent_statements_covered": 0.0,
            "percent_statements_covered_display": "0.00"
          },
          "missing_lines": [4, 5, 6, 7, 10],
          "excluded_lines": [36, 37],
          "start_line": 1
        }
      },
      "classes": {
        "": {
          "executed_lines": [],
          "summary": {
            "covered_lines": 0,
            "num_statements": 18,
            "percent_covered": 0.0,
            "percent_covered_display": "0.00",
            "missing_lines": 18,
            "excluded_lines": 2,
            "percent_statements_covered": 0.0,
            "percent_statements_covered_display": "0.00"
          },
          "missing_lines": [
            4, 5, 6, 7, 10, 13, 14, 15, 16, 17, 18, 21, 22, 28, 29, 31, 32, 33
          ],
          "excluded_lines": [36, 37],
          "start_line": 1
        }
      }
    },
    "dribbble_mcp/image_analysis.py": {
      "executed_lines": [
        3, 5, 6, 7, 9, 12, 14, 15, 16, 19, 22, 23, 25, 39, 40, 41, 43, 45, 46,
        47, 48, 49, 50, 51, 52, 54, 56, 69, 70, 75, 76, 77, 78, 79, 80, 82, 83,
        84, 86, 88, 97, 98, 99, 108, 109, 110, 113, 116, 125, 126, 127, 128,
        129, 132, 133, 134, 135, 137, 139, 140, 141, 142, 143, 144, 145, 146,
        147, 148, 149, 151
      ],
      "summary": {
        "covered_lines": 70,
        "num_statements": 76,
        "percent_covered": 92.10526315789474,
        "percent_covered_display": "92.11",
        "missing_lines": 6,
        "excluded_lines": 0,
        "percent_statements_covered": 92.10526315789474,
        "percent_statements_covered_display": "92.11"
      },
      "missing_lines": [71, 72, 73, 111, 112, 130],
      "excluded_lines": [],
      "functions": {
        "ImageAnalyzer.__init__": {
          "executed_lines": [23],
          "summary": {
            "covered_lines": 1,
            "num_statements": 1,
            "percent_covered": 100.0,
            "percent_covered_display": "100.00",
            "missing_lines": 0,
            "excluded_lines": 0,
            "percent_statements_covered": 100.0,
            "percent_statements_covered_display": "100.00"
          },
          "missing_lines": [],
          "excluded_lines": [],
          "start_line": 22
        },
        "ImageAnalyzer.analyze_from_url": {
          "executed_lines": [
            39, 40, 41, 43, 45, 46, 47, 48, 49, 50, 51, 52, 54
          ],
          "summary": {
            "covered_lines": 13,
            "num_statements": 13,
            "percent_covered": 100.0,
            "percent_covered_display": "100.00",
            "missing_lines": 0,
            "excluded_lines": 0,
            "percent_statements_covered": 100.0,
            "percent_statements_covered_display": "100.00"
          },
          "missing_lines": [],
          "excluded_lines": [],
          "start_line": 25
        },
        "ImageAnalyzer.analyze_from_bytes": {
          "executed_lines": [
            69, 70, 75, 76, 77, 78, 79, 80, 82, 83, 84, 86, 88
          ],
          "summary": {
            "covered_lines": 13,
            "num_statements": 16,
            "percent_covered": 81.25,
            "percent_covered_display": "81.25",
            "missing_lines": 3,
            "excluded_lines": 0,
            "percent_statements_covered": 81.25,
            "percent_statements_covered_display": "81.25"
          },
          "missing_lines": [71, 72, 73],
          "excluded_lines": [],
          "start_line": 56
        },
        "ImageAnalyzer._download": {
          "executed_lines": [98, 99, 108, 109, 110, 113],
          "summary": {
            "covered_lines": 6,
            "num_statements": 8,
            "percent_covered": 75.0,
            "percent_covered_display": "75.00",
            "missing_lines": 2,
            "excluded_lines": 0,
            "percent_statements_covered": 75.0,
            "percent_statements_covered_display": "75.00"
          },
          "missing_lines": [111, 112],
          "excluded_lines": [],
          "start_line": 97
        },
        "_extract_dominant_colors": {
          "executed_lines": [
            125, 126, 127, 128, 129, 132, 133, 134, 135, 137, 139, 140, 141,
            142, 143, 144, 145, 146, 147, 148, 149, 151
          ],
          "summary": {
            "covered_lines": 22,
            "num_statements": 23,
            "percent_covered": 95.65217391304348,
            "percent_covered_display": "95.65",
            "missing_lines": 1,
            "excluded_lines": 0,
            "percent_statements_covered": 95.65217391304348,
            "percent_statements_covered_display": "95.65"
          },
          "missing_lines": [130],
          "excluded_lines": [],
          "start_line": 116
        },
        "": {
          "executed_lines": [
            3, 5, 6, 7, 9, 12, 14, 15, 16, 19, 22, 25, 56, 97, 116
          ],
          "summary": {
            "covered_lines": 15,
            "num_statements": 15,
            "percent_covered": 100.0,
            "percent_covered_display": "100.00",
            "missing_lines": 0,
            "excluded_lines": 0,
            "percent_statements_covered": 100.0,
            "percent_statements_covered_display": "100.00"
          },
          "missing_lines": [],
          "excluded_lines": [],
          "start_line": 1
        }
      },
      "classes": {
        "ImageAnalyzer": {
          "executed_lines": [
            23, 39, 40, 41, 43, 45, 46, 47, 48, 49, 50, 51, 52, 54, 69, 70, 75,
            76, 77, 78, 79, 80, 82, 83, 84, 86, 88, 98, 99, 108, 109, 110, 113
          ],
          "summary": {
            "covered_lines": 33,
            "num_statements": 38,
            "percent_covered": 86.84210526315789,
            "percent_covered_display": "86.84",
            "missing_lines": 5,
            "excluded_lines": 0,
            "percent_statements_covered": 86.84210526315789,
            "percent_statements_covered_display": "86.84"
          },
          "missing_lines": [71, 72, 73, 111, 112],
          "excluded_lines": [],
          "start_line": 19
        },
        "": {
          "executed_lines": [
            3, 5, 6, 7, 9, 12, 14, 15, 16, 19, 22, 25, 56, 97, 116, 125, 126,
            127, 128, 129, 132, 133, 134, 135, 137, 139, 140, 141, 142, 143,
            144, 145, 146, 147, 148, 149, 151
          ],
          "summary": {
            "covered_lines": 37,
            "num_statements": 38,
            "percent_covered": 97.36842105263158,
            "percent_covered_display": "97.37",
            "missing_lines": 1,
            "excluded_lines": 0,
            "percent_statements_covered": 97.36842105263158,
            "percent_statements_covered_display": "97.37"
          },
          "missing_lines": [130],
          "excluded_lines": [],
          "start_line": 1
        }
      }
    },
    "dribbble_mcp/scraper.py": {
      "executed_lines": [
        3, 5, 6, 7, 8, 9, 11, 12, 15, 17, 18, 20, 34, 35, 47, 50, 56, 57, 58,
        59, 61, 62, 63, 64, 65, 67, 68, 69, 70, 71, 73, 80, 101, 102, 103, 105,
        107, 108, 109, 110, 111, 112, 113, 114, 116, 117, 119, 121, 122, 123,
        124, 125, 126, 127, 128, 130, 131, 133, 134, 135, 137, 138, 139, 140,
        141, 143, 144, 145, 146, 148, 149, 151, 152, 153, 154, 157, 158, 161,
        162, 164, 165, 166, 167, 174, 175, 177, 178, 179, 180, 181, 184, 185,
        186, 188, 189, 190, 191, 192, 198, 209, 219, 220, 221, 223, 225, 226,
        227, 228, 229, 234, 236, 237, 239, 240, 241, 244, 245, 247, 248, 249,
        250, 251, 253, 254, 255, 256, 257, 259, 260, 261, 262, 263, 265, 266,
        268, 269, 271, 272, 273, 274, 275, 276, 277, 279, 293, 294, 295, 296,
        297, 300, 301, 302, 303, 304, 307, 308, 309, 310, 311
      ],
      "summary": {
        "covered_lines": 159,
        "num_statements": 176,
        "percent_covered": 90.3409090909091,
        "percent_covered_display": "90.34",
        "missing_lines": 17,
        "excluded_lines": 0,
        "percent_statements_covered": 90.3409090909091,
        "percent_statements_covered_display": "90.34"
      },
      "missing_lines": [
        74, 75, 76, 77, 78, 155, 159, 182, 194, 195, 196, 230, 231, 232, 242,
        298, 299
      ],
      "excluded_lines": [],
      "functions": {
        "DribbbleScraper.__init__": {
          "executed_lines": [56, 57, 58, 59],
          "summary": {
            "covered_lines": 4,
            "num_statements": 4,
            "percent_covered": 100.0,
            "percent_covered_display": "100.00",
            "missing_lines": 0,
            "excluded_lines": 0,
            "percent_statements_covered": 100.0,
            "percent_statements_covered_display": "100.00"
          },
          "missing_lines": [],
          "excluded_lines": [],
          "start_line": 50
        },
        "DribbbleScraper._build_headers": {
          "executed_lines": [62, 63, 64, 65],
          "summary": {
            "covered_lines": 4,
            "num_statements": 4,
            "percent_covered": 100.0,
            "percent_covered_display": "100.00",
            "missing_lines": 0,
            "excluded_lines": 0,
            "percent_statements_covered": 100.0,
            "percent_statements_covered_display": "100.00"
          },
          "missing_lines": [],
          "excluded_lines": [],
          "start_line": 61
        },
        "DribbbleScraper._throttle": {
          "executed_lines": [68, 69, 70, 71],
          "summary": {
            "covered_lines": 4,
            "num_statements": 4,
            "percent_covered": 100.0,
            "percent_covered_display": "100.00",
            "missing_lines": 0,
            "excluded_lines": 0,
            "percent_statements_covered": 100.0,
            "percent_statements_covered_display": "100.00"
          },
          "missing_lines": [],
          "excluded_lines": [],
          "start_line": 67
        },
        "DribbbleScraper._get": {
          "executed_lines": [],
          "summary": {
            "covered_lines": 0,
            "num_statements": 5,
            "percent_covered": 0.0,
            "percent_covered_display": "0.00",
            "missing_lines": 5,
            "excluded_lines": 0,
            "percent_statements_covered": 0.0,
            "percent_statements_covered_display": "0.00"
          },
          "missing_lines": [74, 75, 76, 77, 78],
          "excluded_lines": [],
          "start_line": 73
        },
        "DribbbleScraper.search_shots": {
          "executed_lines": [
            101, 102, 103, 105, 107, 108, 109, 110, 111, 112, 113, 114, 116,
            117, 119, 121, 122, 123, 124, 125, 126, 127, 128, 130, 131
          ],
          "summary": {
            "covered_lines": 25,
            "num_statements": 25,
            "percent_covered": 100.0,
            "percent_covered_display": "100.00",
            "missing_lines": 0,
            "excluded_lines": 0,
            "percent_statements_covered": 100.0,
            "percent_statements_covered_display": "100.00"
          },
          "missing_lines": [],
          "excluded_lines": [],
          "start_line": 80
        },
        "DribbbleScraper._parse_search_results": {
          "executed_lines": [
            134, 135, 137, 138, 139, 140, 141, 143, 144, 145, 146, 148, 149
          ],
          "summary": {
            "covered_lines": 13,
            "num_statements": 13,
            "percent_covered": 100.0,
            "percent_covered_display": "100.00",
            "missing_lines": 0,
            "excluded_lines": 0,
            "percent_statements_covered": 100.0,
            "percent_statements_covered_display": "100.00"
          },
          "missing_lines": [],
          "excluded_lines": [],
          "start_line": 133
        },
        "DribbbleScraper._extract_shot_from_list_item": {
          "executed_lines": [
            152, 153, 154, 157, 158, 161, 162, 164, 165, 166, 167, 174, 175,
            177, 178, 179, 180, 181, 184, 185, 186, 188, 189, 190, 191, 192, 198
          ],
          "summary": {
            "covered_lines": 27,
            "num_statements": 33,
            "percent_covered": 81.81818181818181,
            "percent_covered_display": "81.82",
            "missing_lines": 6,
            "excluded_lines": 0,
            "percent_statements_covered": 81.81818181818181,
            "percent_statements_covered_display": "81.82"
          },
          "missing_lines": [155, 159, 182, 194, 195, 196],
          "excluded_lines": [],
          "start_line": 151
        },
        "DribbbleScraper.get_shot_details": {
          "executed_lines": [219, 220, 221, 223, 225, 226, 227, 228, 229, 234],
          "summary": {
            "covered_lines": 10,
            "num_statements": 13,
            "percent_covered": 76.92307692307692,
            "percent_covered_display": "76.92",
            "missing_lines": 3,
            "excluded_lines": 0,
            "percent_statements_covered": 76.92307692307692,
            "percent_statements_covered_display": "76.92"
          },
          "missing_lines": [230, 231, 232],
          "excluded_lines": [],
          "start_line": 209
        },
        "DribbbleScraper._parse_shot_page": {
          "executed_lines": [
            237, 239, 240, 241, 244, 245, 247, 248, 249, 250, 251, 253, 254,
            255, 256, 257, 259, 260, 261, 262, 263, 265, 266, 268, 269, 271,
            272, 273, 274, 275, 276, 277, 279
          ],
          "summary": {
            "covered_lines": 33,
            "num_statements": 34,
            "percent_covered": 97.05882352941177,
            "percent_covered_display": "97.06",
            "missing_lines": 1,
            "excluded_lines": 0,
            "percent_statements_covered": 97.05882352941177,
            "percent_statements_covered_display": "97.06"
          },
          "missing_lines": [242],
          "excluded_lines": [],
          "start_line": 236
        },
        "_parse_count": {
          "executed_lines": [294, 295, 296, 297, 300, 301, 302, 303, 304],
          "summary": {
            "covered_lines": 9,
            "num_statements": 11,
            "percent_covered": 81.81818181818181,
            "percent_covered_display": "81.82",
            "missing_lines": 2,
            "excluded_lines": 0,
            "percent_statements_covered": 81.81818181818181,
            "percent_statements_covered_display": "81.82"
          },
          "missing_lines": [298, 299],
          "excluded_lines": [],
          "start_line": 293
        },
        "_extract_hex_from_style": {
          "executed_lines": [308, 309, 310, 311],
          "summary": {
            "covered_lines": 4,
            "num_statements": 4,
            "percent_covered": 100.0,
            "percent_covered_display": "100.00",
            "missing_lines": 0,
            "excluded_lines": 0,
            "percent_statements_covered": 100.0,
            "percent_statements_covered_display": "100.00"
          },
          "missing_lines": [],
          "excluded_lines": [],
          "start_line": 307
        },
        "": {
          "executed_lines": [
            3, 5, 6, 7, 8, 9, 11, 12, 15, 17, 18, 20, 34, 35, 47, 50, 61, 67,
            73, 80, 133, 151, 209, 236, 293, 307
          ],
          "summary": {
            "covered_lines": 26,
            "num_statements": 26,
            "percent_covered": 100.0,
            "percent_covered_display": "100.00",
            "missing_lines": 0,
            "excluded_lines": 0,
            "percent_statements_covered": 100.0,
            "percent_statements_covered_display": "100.00"
          },
          "missing_lines": [],
          "excluded_lines": [],
          "start_line": 1
        }
      },
      "classes": {
        "DribbbleScraper": {
          "executed_lines": [
            56, 57, 58, 59, 62, 63, 64, 65, 68, 69, 70, 71, 101, 102, 103, 105,
            107, 108, 109, 110, 111, 112, 113, 114, 116, 117, 119, 121, 122,
            123, 124, 125, 126, 127, 128, 130, 131, 134, 135, 137, 138, 139,
            140, 141, 143, 144, 145, 146, 148, 149, 152, 153, 154, 157, 158,
            161, 162, 164, 165, 166, 167, 174, 175, 177, 178, 179, 180, 181,
            184, 185, 186, 188, 189, 190, 191, 192, 198, 219, 220, 221, 223,
            225, 226, 227, 228, 229, 234, 237, 239, 240, 241, 244, 245, 247,
            248, 249, 250, 251, 253, 254, 255, 256, 257, 259, 260, 261, 262,
            263, 265, 266, 268, 269, 271, 272, 273, 274, 275, 276, 277, 279
          ],
          "summary": {
            "covered_lines": 120,
            "num_statements": 135,
            "percent_covered": 88.88888888888889,
            "percent_covered_display": "88.89",
            "missing_lines": 15,
            "excluded_lines": 0,
            "percent_statements_covered": 88.88888888888889,
            "percent_statements_covered_display": "88.89"
          },
          "missing_lines": [
            74, 75, 76, 77, 78, 155, 159, 182, 194, 195, 196, 230, 231, 232, 242
          ],
          "excluded_lines": [],
          "start_line": 47
        },
        "": {
          "executed_lines": [
            3, 5, 6, 7, 8, 9, 11, 12, 15, 17, 18, 20, 34, 35, 47, 50, 61, 67,
            73, 80, 133, 151, 209, 236, 293, 294, 295, 296, 297, 300, 301, 302,
            303, 304, 307, 308, 309, 310, 311
          ],
          "summary": {
            "covered_lines": 39,
            "num_statements": 41,
            "percent_covered": 95.1219512195122,
            "percent_covered_display": "95.12",
            "missing_lines": 2,
            "excluded_lines": 0,
            "percent_statements_covered": 95.1219512195122,
            "percent_statements_covered_display": "95.12"
          },
          "missing_lines": [298, 299],
          "excluded_lines": [],
          "start_line": 1
        }
      }
    },
    "dribbble_mcp/screenshot.py": {
      "executed_lines": [
        3, 5, 6, 7, 10, 11, 12, 18, 20, 28, 29, 36, 39, 40, 42, 56, 57, 58, 60,
        61, 62, 64, 66, 67, 68, 69, 71, 72, 73, 74, 76, 77, 78, 79, 80, 81, 82,
        84, 89, 91, 93, 94, 95, 96, 97, 98, 99, 100, 101, 102, 105, 116, 117,
        118, 120, 121, 122, 124, 125, 126, 127, 128, 129, 130, 132, 133, 134,
        135, 136, 137, 145
      ],
      "summary": {
        "covered_lines": 71,
        "num_statements": 80,
        "percent_covered": 88.75,
        "percent_covered_display": "88.75",
        "missing_lines": 9,
        "excluded_lines": 0,
        "percent_statements_covered": 88.75,
        "percent_statements_covered_display": "88.75"
      },
      "missing_lines": [13, 14, 15, 70, 138, 139, 140, 142, 143],
      "excluded_lines": [],
      "functions": {
        "ScreenshotCapture.__init__": {
          "executed_lines": [40],
          "summary": {
            "covered_lines": 1,
            "num_statements": 1,
            "percent_covered": 100.0,
            "percent_covered_display": "100.00",
            "missing_lines": 0,
            "excluded_lines": 0,
            "percent_statements_covered": 100.0,
            "percent_statements_covered_display": "100.00"
          },
          "missing_lines": [],
          "excluded_lines": [],
          "start_line": 39
        },
        "ScreenshotCapture.capture_shot": {
          "executed_lines": [
            56, 57, 58, 60, 61, 62, 64, 66, 67, 68, 69, 71, 72, 73, 74
          ],
          "summary": {
            "covered_lines": 15,
            "num_statements": 16,
            "percent_covered": 93.75,
            "percent_covered_display": "93.75",
            "missing_lines": 1,
            "excluded_lines": 0,
            "percent_statements_covered": 93.75,
            "percent_statements_covered_display": "93.75"
          },
          "missing_lines": [70],
          "excluded_lines": [],
          "start_line": 42
        },
        "ScreenshotCapture._do_capture": {
          "executed_lines": [77, 78, 79, 80, 81, 82, 84, 89, 91],
          "summary": {
            "covered_lines": 9,
            "num_statements": 9,
            "percent_covered": 100.0,
            "percent_covered_display": "100.00",
            "missing_lines": 0,
            "excluded_lines": 0,
            "percent_statements_covered": 100.0,
            "percent_statements_covered_display": "100.00"
          },
          "missing_lines": [],
          "excluded_lines": [],
          "start_line": 76
        },
        "ScreenshotCapture._capture_element": {
          "executed_lines": [94, 95, 96, 97, 98, 99, 100, 101, 102],
          "summary": {
            "covered_lines": 9,
            "num_statements": 9,
            "percent_covered": 100.0,
            "percent_covered_display": "100.00",
            "missing_lines": 0,
            "excluded_lines": 0,
            "percent_statements_covered": 100.0,
            "percent_statements_covered_display": "100.00"
          },
          "missing_lines": [],
          "excluded_lines": [],
          "start_line": 93
        },
        "capture_shot_async": {
          "executed_lines": [
            116, 117, 118, 120, 121, 122, 124, 125, 126, 127, 128, 129, 130,
            132, 133, 134, 135, 136, 137, 145
          ],
          "summary": {
            "covered_lines": 20,
            "num_statements": 25,
            "percent_covered": 80.0,
            "percent_covered_display": "80.00",
            "missing_lines": 5,
            "excluded_lines": 0,
            "percent_statements_covered": 80.0,
            "percent_statements_covered_display": "80.00"
          },
          "missing_lines": [138, 139, 140, 142, 143],
          "excluded_lines": [],
          "start_line": 105
        },
        "": {
          "executed_lines": [
            3, 5, 6, 7, 10, 11, 12, 18, 20, 28, 29, 36, 39, 42, 76, 93, 105
          ],
          "summary": {
            "covered_lines": 17,
            "num_statements": 20,
            "percent_covered": 85.0,
            "percent_covered_display": "85.00",
            "missing_lines": 3,
            "excluded_lines": 0,
            "percent_statements_covered": 85.0,
            "percent_statements_covered_display": "85.00"
          },
          "missing_lines": [13, 14, 15],
          "excluded_lines": [],
          "start_line": 1
        }
      },
      "classes": {
        "ScreenshotCapture": {
          "executed_lines": [
            40, 56, 57, 58, 60, 61, 62, 64, 66, 67, 68, 69, 71, 72, 73, 74, 77,
            78, 79, 80, 81, 82, 84, 89, 91, 94, 95, 96, 97, 98, 99, 100, 101,
            102
          ],
          "summary": {
            "covered_lines": 34,
            "num_statements": 35,
            "percent_covered": 97.14285714285714,
            "percent_covered_display": "97.14",
            "missing_lines": 1,
            "excluded_lines": 0,
            "percent_statements_covered": 97.14285714285714,
            "percent_statements_covered_display": "97.14"
          },
          "missing_lines": [70],
          "excluded_lines": [],
          "start_line": 36
        },
        "": {
          "executed_lines": [
            3, 5, 6, 7, 10, 11, 12, 18, 20, 28, 29, 36, 39, 42, 76, 93, 105,
            116, 117, 118, 120, 121, 122, 124, 125, 126, 127, 128, 129, 130,
            132, 133, 134, 135, 136, 137, 145
          ],
          "summary": {
            "covered_lines": 37,
            "num_statements": 45,
            "percent_covered": 82.22222222222223,
            "percent_covered_display": "82.22",
            "missing_lines": 8,
            "excluded_lines": 0,
            "percent_statements_covered": 82.22222222222223,
            "percent_statements_covered_display": "82.22"
          },
          "missing_lines": [13, 14, 15, 138, 139, 140, 142, 143],
          "excluded_lines": [],
          "start_line": 1
        }
      }
    },
    "dribbble_mcp/server.py": {
      "executed_lines": [
        3, 5, 6, 7, 8, 10, 11, 12, 15, 16, 22, 24, 26, 27, 28, 29, 32, 33, 40,
        41, 44, 48, 49, 69, 71, 73, 74, 81, 82, 83, 84, 85, 87, 90, 91, 100,
        102, 104, 105, 106, 107, 108, 109, 110, 112, 115, 116, 126, 128, 130,
        131, 132, 133, 134, 135, 140, 150, 151, 160, 162, 164, 165, 166, 167,
        168, 169, 174, 177, 178, 198, 200, 201, 202, 204, 205, 206, 207, 208,
        209, 211, 212, 219, 221, 222, 223, 225, 226, 227, 228, 229, 230, 231,
        232, 233, 234, 235, 237, 247
      ],
      "summary": {
        "covered_lines": 98,
        "num_statements": 112,
        "percent_covered": 87.5,
        "percent_covered_display": "87.50",
        "missing_lines": 14,
        "excluded_lines": 2,
        "percent_statements_covered": 87.5,
        "percent_statements_covered_display": "87.50"
      },
      "missing_lines": [
        17, 18, 19, 45, 136, 137, 138, 170, 171, 172, 220, 249, 250, 255
      ],
      "excluded_lines": [258, 259],
      "functions": {
        "_get_scraper": {
          "executed_lines": [33],
          "summary": {
            "covered_lines": 1,
            "num_statements": 1,
            "percent_covered": 100.0,
            "percent_covered_display": "100.00",
            "missing_lines": 0,
            "excluded_lines": 0,
            "percent_statements_covered": 100.0,
            "percent_statements_covered_display": "100.00"
          },
          "missing_lines": [],
          "excluded_lines": [],
          "start_line": 32
        },
        "_get_analyzer": {
          "executed_lines": [41],
          "summary": {
            "covered_lines": 1,
            "num_statements": 1,
            "percent_covered": 100.0,
            "percent_covered_display": "100.00",
            "missing_lines": 0,
            "excluded_lines": 0,
            "percent_statements_covered": 100.0,
            "percent_statements_covered_display": "100.00"
          },
          "missing_lines": [],
          "excluded_lines": [],
          "start_line": 40
        },
        "_get_screenshot": {
          "executed_lines": [],
          "summary": {
            "covered_lines": 0,
            "num_statements": 1,
            "percent_covered": 0.0,
            "percent_covered_display": "0.00",
            "missing_lines": 1,
            "excluded_lines": 0,
            "percent_statements_covered": 0.0,
            "percent_statements_covered_display": "0.00"
          },
          "missing_lines": [45],
          "excluded_lines": [],
          "start_line": 44
        },
        "search_dribbble": {
          "executed_lines": [69, 71, 73, 74, 81, 82, 83, 84, 85, 87],
          "summary": {
            "covered_lines": 10,
            "num_statements": 10,
            "percent_covered": 100.0,
            "percent_covered_display": "100.00",
            "missing_lines": 0,
            "excluded_lines": 0,
            "percent_statements_covered": 100.0,
            "percent_statements_covered_display": "100.00"
          },
          "missing_lines": [],
          "excluded_lines": [],
          "start_line": 49
        },
        "get_shot_details": {
          "executed_lines": [100, 102, 104, 105, 106, 107, 108, 109, 110, 112],
          "summary": {
            "covered_lines": 10,
            "num_statements": 10,
            "percent_covered": 100.0,
            "percent_covered_display": "100.00",
            "missing_lines": 0,
            "excluded_lines": 0,
            "percent_statements_covered": 100.0,
            "percent_statements_covered_display": "100.00"
          },
          "missing_lines": [],
          "excluded_lines": [],
          "start_line": 91
        },
        "screenshot_shot": {
          "executed_lines": [126, 128, 130, 131, 132, 133, 134, 135, 140],
          "summary": {
            "covered_lines": 9,
            "num_statements": 12,
            "percent_covered": 75.0,
            "percent_covered_display": "75.00",
            "missing_lines": 3,
            "excluded_lines": 0,
            "percent_statements_covered": 75.0,
            "percent_statements_covered_display": "75.00"
          },
          "missing_lines": [136, 137, 138],
          "excluded_lines": [],
          "start_line": 116
        },
        "analyze_image": {
          "executed_lines": [160, 162, 164, 165, 166, 167, 168, 169, 174],
          "summary": {
            "covered_lines": 9,
            "num_statements": 12,
            "percent_covered": 75.0,
            "percent_covered_display": "75.00",
            "missing_lines": 3,
            "excluded_lines": 0,
            "percent_statements_covered": 75.0,
            "percent_statements_covered_display": "75.00"
          },
          "missing_lines": [170, 171, 172],
          "excluded_lines": [],
          "start_line": 151
        },
        "collect_references": {
          "executed_lines": [
            198, 200, 201, 202, 204, 205, 206, 207, 208, 209, 211, 212, 219,
            221, 222, 223, 225, 226, 227, 228, 229, 230, 231, 232, 233, 234,
            235, 237
          ],
          "summary": {
            "covered_lines": 28,
            "num_statements": 29,
            "percent_covered": 96.55172413793103,
            "percent_covered_display": "96.55",
            "missing_lines": 1,
            "excluded_lines": 0,
            "percent_statements_covered": 96.55172413793103,
            "percent_statements_covered_display": "96.55"
          },
          "missing_lines": [220],
          "excluded_lines": [],
          "start_line": 178
        },
        "main": {
          "executed_lines": [],
          "summary": {
            "covered_lines": 0,
            "num_statements": 3,
            "percent_covered": 0.0,
            "percent_covered_display": "0.00",
            "missing_lines": 3,
            "excluded_lines": 0,
            "percent_statements_covered": 0.0,
            "percent_statements_covered_display": "0.00"
          },
          "missing_lines": [249, 250, 255],
          "excluded_lines": [],
          "start_line": 247
        },
        "": {
          "executed_lines": [
            3, 5, 6, 7, 8, 10, 11, 12, 15, 16, 22, 24, 26, 27, 28, 29, 32, 40,
            44, 48, 49, 90, 91, 115, 116, 150, 151, 177, 178, 247
          ],
          "summary": {
            "covered_lines": 30,
            "num_statements": 33,
            "percent_covered": 90.9090909090909,
            "percent_covered_display": "90.91",
            "missing_lines": 3,
            "excluded_lines": 2,
            "percent_statements_covered": 90.9090909090909,
            "percent_statements_covered_display": "90.91"
          },
          "missing_lines": [17, 18, 19],
          "excluded_lines": [258, 259],
          "start_line": 1
        }
      },
      "classes": {
        "": {
          "executed_lines": [
            3, 5, 6, 7, 8, 10, 11, 12, 15, 16, 22, 24, 26, 27, 28, 29, 32, 33,
            40, 41, 44, 48, 49, 69, 71, 73, 74, 81, 82, 83, 84, 85, 87, 90, 91,
            100, 102, 104, 105, 106, 107, 108, 109, 110, 112, 115, 116, 126,
            128, 130, 131, 132, 133, 134, 135, 140, 150, 151, 160, 162, 164,
            165, 166, 167, 168, 169, 174, 177, 178, 198, 200, 201, 202, 204,
            205, 206, 207, 208, 209, 211, 212, 219, 221, 222, 223, 225, 226,
            227, 228, 229, 230, 231, 232, 233, 234, 235, 237, 247
          ],
          "summary": {
            "covered_lines": 98,
            "num_statements": 112,
            "percent_covered": 87.5,
            "percent_covered_display": "87.50",
            "missing_lines": 14,
            "excluded_lines": 2,
            "percent_statements_covered": 87.5,
            "percent_statements_covered_display": "87.50"
          },
          "missing_lines": [
            17, 18, 19, 45, 136, 137, 138, 170, 171, 172, 220, 249, 250, 255
          ],
          "excluded_lines": [258, 259],
          "start_line": 1
        }
      }
    },
    "tool_router/__init__.py": {
      "executed_lines": [],
      "summary": {
        "covered_lines": 0,
        "num_statements": 0,
        "percent_covered": 100.0,
        "percent_covered_display": "100.00",
        "missing_lines": 0,
        "excluded_lines": 0,
        "percent_statements_covered": 100.0,
        "percent_statements_covered_display": "100.00"
      },
      "missing_lines": [],
      "excluded_lines": [],
      "functions": {
        "": {
          "executed_lines": [],
          "summary": {
            "covered_lines": 0,
            "num_statements": 0,
            "percent_covered": 100.0,
            "percent_covered_display": "100.00",
            "missing_lines": 0,
            "excluded_lines": 0,
            "percent_statements_covered": 100.0,
            "percent_statements_covered_display": "100.00"
          },
          "missing_lines": [],
          "excluded_lines": [],
          "start_line": 1
        }
      },
      "classes": {
        "": {
          "executed_lines": [],
          "summary": {
            "covered_lines": 0,
            "num_statements": 0,
            "percent_covered": 100.0,
            "percent_covered_display": "100.00",
            "missing_lines": 0,
            "excluded_lines": 0,
            "percent_statements_covered": 100.0,
            "percent_statements_covered_display": "100.00"
          },
          "missing_lines": [],
          "excluded_lines": [],
          "start_line": 1
        }
      }
    },
    "tool_router/ai/__init__.py": {
      "executed_lines": [3, 4, 7],
      "summary": {
        "covered_lines": 3,
        "num_statements": 3,
        "percent_covered": 100.0,
        "percent_covered_display": "100.00",
        "missing_lines": 0,
        "excluded_lines": 0,
        "percent_statements_covered": 100.0,
        "percent_statements_covered_display": "100.00"
      },
      "missing_lines": [],
      "excluded_lines": [],
      "functions": {
        "": {
          "executed_lines": [3, 4, 7],
          "summary": {
            "covered_lines": 3,
            "num_statements": 3,
            "percent_covered": 100.0,
            "percent_covered_display": "100.00",
            "missing_lines": 0,
            "excluded_lines": 0,
            "percent_statements_covered": 100.0,
            "percent_statements_covered_display": "100.00"
          },
          "missing_lines": [],
          "excluded_lines": [],
          "start_line": 1
        }
      },
      "classes": {
        "": {
          "executed_lines": [3, 4, 7],
          "summary": {
            "covered_lines": 3,
            "num_statements": 3,
            "percent_covered": 100.0,
            "percent_covered_display": "100.00",
            "missing_lines": 0,
            "excluded_lines": 0,
            "percent_statements_covered": 100.0,
            "percent_statements_covered_display": "100.00"
          },
          "missing_lines": [],
          "excluded_lines": [],
          "start_line": 1
        }
      }
    },
    "tool_router/ai/enhanced_selector.py": {
      "executed_lines": [
        3, 5, 6, 7, 8, 9, 11, 13, 15, 18, 20, 21, 22, 25, 28, 29, 30, 31, 32,
        33, 36, 37, 38, 41, 42, 45, 46, 49, 51, 52, 54, 62, 64, 65, 68, 85, 87,
        88, 90, 94, 96, 97, 99, 100, 101, 102, 103, 104, 105, 106, 107, 108,
        110, 113, 116, 129, 130, 131, 132, 157, 160, 168, 169, 171, 179, 180,
        182, 186, 193, 194, 195, 197, 198, 201, 202, 207, 209, 211, 219, 220,
        222, 226, 233, 234, 237, 238, 241, 249, 251, 253, 254, 255, 267, 268,
        269, 270, 271, 272, 273, 276, 277, 278, 280, 282, 283, 284, 285, 286,
        287, 289, 291, 292, 293, 295, 296, 307, 309, 313, 314, 315, 316, 320,
        322, 326, 330, 331, 335, 336, 337, 341, 349, 352, 355, 356, 357, 358,
        359, 360, 362, 369, 372, 373, 379, 380, 383, 385, 386, 387, 391, 392,
        394, 395, 399, 401, 408, 411, 432, 433, 434, 435, 436, 437, 438, 439,
        440, 442, 444, 452, 459, 460, 463, 464, 465, 466, 467, 469, 474, 476,
        481, 483, 490, 496, 498, 505, 507, 508, 510, 517, 527, 528, 531, 534,
        537, 540, 548, 551, 552, 553, 558, 560, 561, 562, 563, 564, 566, 571,
        573, 574, 576, 577, 578, 579, 580, 581, 583, 585, 595, 599, 600, 602,
        604, 611, 612, 613, 614, 615, 617, 624, 627, 628, 630, 631, 632, 633,
        634, 635, 636, 638, 640, 642, 645, 646, 654, 663, 664, 665, 668, 670,
        673, 675, 681, 683, 693, 695, 698, 706, 708, 716
      ],
      "summary": {
        "covered_lines": 258,
        "num_statements": 317,
        "percent_covered": 81.38801261829653,
        "percent_covered_display": "81.39",
        "missing_lines": 59,
        "excluded_lines": 20,
        "percent_statements_covered": 81.38801261829653,
        "percent_statements_covered_display": "81.39"
      },
      "missing_lines": [
        199, 235, 239, 242, 247, 274, 275, 297, 298, 300, 301, 302, 303, 304,
        305, 317, 318, 323, 324, 327, 328, 332, 333, 338, 339, 342, 343, 344,
        345, 346, 347, 403, 404, 405, 471, 541, 542, 544, 545, 554, 555, 567,
        568, 596, 605, 606, 607, 608, 618, 619, 620, 621, 622, 625, 647, 648,
        649, 650, 652
      ],
      "excluded_lines": [
        134, 135, 136, 137, 138, 139, 140, 141, 142, 143, 145, 146, 147, 148,
        149, 150, 151, 152, 153, 154
      ],
      "functions": {
        "AIModel.get_hardware_requirements": {
          "executed_lines": [54, 62],
          "summary": {
            "covered_lines": 2,
            "num_statements": 2,
            "percent_covered": 100.0,
            "percent_covered_display": "100.00",
            "missing_lines": 0,
            "excluded_lines": 0,
            "percent_statements_covered": 100.0,
            "percent_statements_covered_display": "100.00"
          },
          "missing_lines": [],
          "excluded_lines": [],
          "start_line": 52
        },
        "AIModel.get_cost_per_million_tokens": {
          "executed_lines": [68, 85],
          "summary": {
            "covered_lines": 2,
            "num_statements": 2,
            "percent_covered": 100.0,
            "percent_covered_display": "100.00",
            "missing_lines": 0,
            "excluded_lines": 0,
            "percent_statements_covered": 100.0,
            "percent_statements_covered_display": "100.00"
          },
          "missing_lines": [],
          "excluded_lines": [],
          "start_line": 65
        },
        "AIModel.is_local_model": {
          "executed_lines": [90, 94],
          "summary": {
            "covered_lines": 2,
            "num_statements": 2,
            "percent_covered": 100.0,
            "percent_covered_display": "100.00",
            "missing_lines": 0,
            "excluded_lines": 0,
            "percent_statements_covered": 100.0,
            "percent_statements_covered_display": "100.00"
          },
          "missing_lines": [],
          "excluded_lines": [],
          "start_line": 88
        },
        "AIModel.get_model_tier": {
          "executed_lines": [
            99, 100, 101, 102, 103, 104, 105, 106, 107, 108, 110
          ],
          "summary": {
            "covered_lines": 11,
            "num_statements": 11,
            "percent_covered": 100.0,
            "percent_covered_display": "100.00",
            "missing_lines": 0,
            "excluded_lines": 0,
            "percent_statements_covered": 100.0,
            "percent_statements_covered_display": "100.00"
          },
          "missing_lines": [],
          "excluded_lines": [],
          "start_line": 97
        },
        "BaseAISelector.__init__": {
          "executed_lines": [129, 130, 131, 132],
          "summary": {
            "covered_lines": 4,
            "num_statements": 4,
            "percent_covered": 100.0,
            "percent_covered_display": "100.00",
            "missing_lines": 0,
            "excluded_lines": 0,
            "percent_statements_covered": 100.0,
            "percent_statements_covered_display": "100.00"
          },
          "missing_lines": [],
          "excluded_lines": [],
          "start_line": 116
        },
        "BaseAISelector.select_tool": {
          "executed_lines": [],
          "summary": {
            "covered_lines": 0,
            "num_statements": 0,
            "percent_covered": 100.0,
            "percent_covered_display": "100.00",
            "missing_lines": 0,
            "excluded_lines": 2,
            "percent_statements_covered": 100.0,
            "percent_statements_covered_display": "100.00"
          },
          "missing_lines": [],
          "excluded_lines": [142, 143],
          "start_line": 135
        },
        "BaseAISelector.select_tools_multi": {
          "executed_lines": [],
          "summary": {
            "covered_lines": 0,
            "num_statements": 0,
            "percent_covered": 100.0,
            "percent_covered_display": "100.00",
            "missing_lines": 0,
            "excluded_lines": 2,
            "percent_statements_covered": 100.0,
            "percent_statements_covered_display": "100.00"
          },
          "missing_lines": [],
          "excluded_lines": [153, 154],
          "start_line": 146
        },
        "OllamaSelector.__init__": {
          "executed_lines": [168, 169],
          "summary": {
            "covered_lines": 2,
            "num_statements": 2,
            "percent_covered": 100.0,
            "percent_covered_display": "100.00",
            "missing_lines": 0,
            "excluded_lines": 0,
            "percent_statements_covered": 100.0,
            "percent_statements_covered_display": "100.00"
          },
          "missing_lines": [],
          "excluded_lines": [],
          "start_line": 160
        },
        "OllamaSelector.select_tool": {
          "executed_lines": [
            179, 180, 182, 186, 193, 194, 195, 197, 198, 201, 202, 207, 209
          ],
          "summary": {
            "covered_lines": 13,
            "num_statements": 14,
            "percent_covered": 92.85714285714286,
            "percent_covered_display": "92.86",
            "missing_lines": 1,
            "excluded_lines": 0,
            "percent_statements_covered": 92.85714285714286,
            "percent_statements_covered_display": "92.86"
          },
          "missing_lines": [199],
          "excluded_lines": [],
          "start_line": 171
        },
        "OllamaSelector.select_tools_multi": {
          "executed_lines": [219, 220, 222, 226, 233, 234, 237, 238, 241, 249],
          "summary": {
            "covered_lines": 10,
            "num_statements": 14,
            "percent_covered": 71.42857142857143,
            "percent_covered_display": "71.43",
            "missing_lines": 4,
            "excluded_lines": 0,
            "percent_statements_covered": 71.42857142857143,
            "percent_statements_covered_display": "71.43"
          },
          "missing_lines": [235, 239, 242, 247],
          "excluded_lines": [],
          "start_line": 211
        },
        "OllamaSelector._call_ollama": {
          "executed_lines": [
            253, 254, 255, 267, 268, 269, 270, 271, 272, 273, 276, 277, 278
          ],
          "summary": {
            "covered_lines": 13,
            "num_statements": 15,
            "percent_covered": 86.66666666666667,
            "percent_covered_display": "86.67",
            "missing_lines": 2,
            "excluded_lines": 0,
            "percent_statements_covered": 86.66666666666667,
            "percent_statements_covered_display": "86.67"
          },
          "missing_lines": [274, 275],
          "excluded_lines": [],
          "start_line": 251
        },
        "OllamaSelector._parse_response": {
          "executed_lines": [
            282, 283, 284, 285, 286, 287, 289, 291, 292, 293, 295, 296, 307
          ],
          "summary": {
            "covered_lines": 13,
            "num_statements": 21,
            "percent_covered": 61.904761904761905,
            "percent_covered_display": "61.90",
            "missing_lines": 8,
            "excluded_lines": 0,
            "percent_statements_covered": 61.904761904761905,
            "percent_statements_covered_display": "61.90"
          },
          "missing_lines": [297, 298, 300, 301, 302, 303, 304, 305],
          "excluded_lines": [],
          "start_line": 280
        },
        "OllamaSelector._parse_multi_response": {
          "executed_lines": [
            313, 314, 315, 316, 320, 322, 326, 330, 331, 335, 336, 337, 341, 349
          ],
          "summary": {
            "covered_lines": 14,
            "num_statements": 30,
            "percent_covered": 46.666666666666664,
            "percent_covered_display": "46.67",
            "missing_lines": 16,
            "excluded_lines": 0,
            "percent_statements_covered": 46.666666666666664,
            "percent_statements_covered_display": "46.67"
          },
          "missing_lines": [
            317, 318, 323, 324, 327, 328, 332, 333, 338, 339, 342, 343, 344,
            345, 346, 347
          ],
          "excluded_lines": [],
          "start_line": 309
        },
        "CostTracker.__init__": {
          "executed_lines": [356, 357, 358, 359, 360],
          "summary": {
            "covered_lines": 5,
            "num_statements": 5,
            "percent_covered": 100.0,
            "percent_covered_display": "100.00",
            "missing_lines": 0,
            "excluded_lines": 0,
            "percent_statements_covered": 100.0,
            "percent_statements_covered_display": "100.00"
          },
          "missing_lines": [],
          "excluded_lines": [],
          "start_line": 355
        },
        "CostTracker.track_selection": {
          "executed_lines": [
            369, 372, 373, 379, 380, 383, 385, 386, 387, 391, 392, 394, 395, 399
          ],
          "summary": {
            "covered_lines": 14,
            "num_statements": 14,
            "percent_covered": 100.0,
            "percent_covered_display": "100.00",
            "missing_lines": 0,
            "excluded_lines": 0,
            "percent_statements_covered": 100.0,
            "percent_statements_covered_display": "100.00"
          },
          "missing_lines": [],
          "excluded_lines": [],
          "start_line": 362
        },
        "CostTracker.record_response_time": {
          "executed_lines": [],
          "summary": {
            "covered_lines": 0,
            "num_statements": 3,
            "percent_covered": 0.0,
            "percent_covered_display": "0.00",
            "missing_lines": 3,
            "excluded_lines": 0,
            "percent_statements_covered": 0.0,
            "percent_statements_covered_display": "0.00"
          },
          "missing_lines": [403, 404, 405],
          "excluded_lines": [],
          "start_line": 401
        },
        "EnhancedAISelector.__init__": {
          "executed_lines": [432, 433, 434, 435, 436, 437, 438, 439, 440],
          "summary": {
            "covered_lines": 9,
            "num_statements": 9,
            "percent_covered": 100.0,
            "percent_covered_display": "100.00",
            "missing_lines": 0,
            "excluded_lines": 0,
            "percent_statements_covered": 100.0,
            "percent_statements_covered_display": "100.00"
          },
          "missing_lines": [],
          "excluded_lines": [],
          "start_line": 411
        },
        "EnhancedAISelector._get_default_hardware_constraints": {
          "executed_lines": [444],
          "summary": {
            "covered_lines": 1,
            "num_statements": 1,
            "percent_covered": 100.0,
            "percent_covered_display": "100.00",
            "missing_lines": 0,
            "excluded_lines": 0,
            "percent_statements_covered": 100.0,
            "percent_statements_covered_display": "100.00"
          },
          "missing_lines": [],
          "excluded_lines": [],
          "start_line": 442
        },
        "EnhancedAISelector.select_optimal_model": {
          "executed_lines": [
            459, 460, 463, 464, 465, 466, 467, 469, 474, 476, 481, 483, 490, 496
          ],
          "summary": {
            "covered_lines": 14,
            "num_statements": 15,
            "percent_covered": 93.33333333333333,
            "percent_covered_display": "93.33",
            "missing_lines": 1,
            "excluded_lines": 0,
            "percent_statements_covered": 93.33333333333333,
            "percent_statements_covered_display": "93.33"
          },
          "missing_lines": [471],
          "excluded_lines": [],
          "start_line": 452
        },
        "EnhancedAISelector.estimate_request_cost": {
          "executed_lines": [505, 507, 508, 510],
          "summary": {
            "covered_lines": 4,
            "num_statements": 4,
            "percent_covered": 100.0,
            "percent_covered_display": "100.00",
            "missing_lines": 0,
            "excluded_lines": 0,
            "percent_statements_covered": 100.0,
            "percent_statements_covered_display": "100.00"
          },
          "missing_lines": [],
          "excluded_lines": [],
          "start_line": 498
        },
        "EnhancedAISelector.select_tool_with_cost_optimization": {
          "executed_lines": [
            527, 528, 531, 534, 537, 540, 548, 551, 552, 553, 558, 560, 561,
            562, 563, 564, 566, 571, 573, 574, 576, 577, 578, 579, 580, 581, 583
          ],
          "summary": {
            "covered_lines": 27,
            "num_statements": 35,
            "percent_covered": 77.14285714285714,
            "percent_covered_display": "77.14",
            "missing_lines": 8,
            "excluded_lines": 0,
            "percent_statements_covered": 77.14285714285714,
            "percent_statements_covered_display": "77.14"
          },
          "missing_lines": [541, 542, 544, 545, 554, 555, 567, 568],
          "excluded_lines": [],
          "start_line": 517
        },
        "EnhancedAISelector.select_tools_multi_with_cost_optimization": {
          "executed_lines": [
            595, 599, 600, 602, 604, 611, 612, 613, 614, 615, 617, 624, 627,
            628, 630, 631, 632, 633, 634, 635, 636, 638
          ],
          "summary": {
            "covered_lines": 22,
            "num_statements": 33,
            "percent_covered": 66.66666666666667,
            "percent_covered_display": "66.67",
            "missing_lines": 11,
            "excluded_lines": 0,
            "percent_statements_covered": 66.66666666666667,
            "percent_statements_covered_display": "66.67"
          },
          "missing_lines": [
            596, 605, 606, 607, 608, 618, 619, 620, 621, 622, 625
          ],
          "excluded_lines": [],
          "start_line": 585
        },
        "EnhancedAISelector._analyze_task_complexity": {
          "executed_lines": [642, 645, 646],
          "summary": {
            "covered_lines": 3,
            "num_statements": 8,
            "percent_covered": 37.5,
            "percent_covered_display": "37.50",
            "missing_lines": 5,
            "excluded_lines": 0,
            "percent_statements_covered": 37.5,
            "percent_statements_covered_display": "37.50"
          },
          "missing_lines": [647, 648, 649, 650, 652],
          "excluded_lines": [],
          "start_line": 640
        },
        "EnhancedAISelector._estimate_token_usage": {
          "executed_lines": [663, 664, 665, 668, 670, 673, 675],
          "summary": {
            "covered_lines": 7,
            "num_statements": 7,
            "percent_covered": 100.0,
            "percent_covered_display": "100.00",
            "missing_lines": 0,
            "excluded_lines": 0,
            "percent_statements_covered": 100.0,
            "percent_statements_covered_display": "100.00"
          },
          "missing_lines": [],
          "excluded_lines": [],
          "start_line": 654
        },
        "EnhancedAISelector.get_performance_metrics": {
          "executed_lines": [683],
          "summary": {
            "covered_lines": 1,
            "num_statements": 1,
            "percent_covered": 100.0,
            "percent_covered_display": "100.00",
            "missing_lines": 0,
            "excluded_lines": 0,
            "percent_statements_covered": 100.0,
            "percent_statements_covered_display": "100.00"
          },
          "missing_lines": [],
          "excluded_lines": [],
          "start_line": 681
        },
        "EnhancedAISelector.clear_cache": {
          "executed_lines": [695],
          "summary": {
            "covered_lines": 1,
            "num_statements": 1,
            "percent_covered": 100.0,
            "percent_covered_display": "100.00",
            "missing_lines": 0,
            "excluded_lines": 0,
            "percent_statements_covered": 100.0,
            "percent_statements_covered_display": "100.00"
          },
          "missing_lines": [],
          "excluded_lines": [],
          "start_line": 693
        },
        "EnhancedAISelector.select_tool": {
          "executed_lines": [706],
          "summary": {
            "covered_lines": 1,
            "num_statements": 1,
            "percent_covered": 100.0,
            "percent_covered_display": "100.00",
            "missing_lines": 0,
            "excluded_lines": 0,
            "percent_statements_covered": 100.0,
            "percent_statements_covered_display": "100.00"
          },
          "missing_lines": [],
          "excluded_lines": [],
          "start_line": 698
        },
        "EnhancedAISelector.select_tools_multi": {
          "executed_lines": [716],
          "summary": {
            "covered_lines": 1,
            "num_statements": 1,
            "percent_covered": 100.0,
            "percent_covered_display": "100.00",
            "missing_lines": 0,
            "excluded_lines": 0,
            "percent_statements_covered": 100.0,
            "percent_statements_covered_display": "100.00"
          },
          "missing_lines": [],
          "excluded_lines": [],
          "start_line": 708
        },
        "": {
          "executed_lines": [
            3, 5, 6, 7, 8, 9, 11, 13, 15, 18, 20, 21, 22, 25, 28, 29, 30, 31,
            32, 33, 36, 37, 38, 41, 42, 45, 46, 49, 51, 52, 64, 65, 87, 88, 96,
            97, 113, 116, 157, 160, 171, 211, 251, 280, 309, 352, 355, 362, 401,
            408, 411, 442, 452, 498, 517, 585, 640, 654, 681, 693, 698, 708
          ],
          "summary": {
            "covered_lines": 62,
            "num_statements": 62,
            "percent_covered": 100.0,
            "percent_covered_display": "100.00",
            "missing_lines": 0,
            "excluded_lines": 16,
            "percent_statements_covered": 100.0,
            "percent_statements_covered_display": "100.00"
          },
          "missing_lines": [],
          "excluded_lines": [
            134, 135, 136, 137, 138, 139, 140, 141, 145, 146, 147, 148, 149,
            150, 151, 152
          ],
          "start_line": 1
        }
      },
      "classes": {
        "AIProvider": {
          "executed_lines": [],
          "summary": {
            "covered_lines": 0,
            "num_statements": 0,
            "percent_covered": 100.0,
            "percent_covered_display": "100.00",
            "missing_lines": 0,
            "excluded_lines": 0,
            "percent_statements_covered": 100.0,
            "percent_statements_covered_display": "100.00"
          },
          "missing_lines": [],
          "excluded_lines": [],
          "start_line": 18
        },
        "AIModel": {
          "executed_lines": [
            54, 62, 68, 85, 90, 94, 99, 100, 101, 102, 103, 104, 105, 106, 107,
            108, 110
          ],
          "summary": {
            "covered_lines": 17,
            "num_statements": 17,
            "percent_covered": 100.0,
            "percent_covered_display": "100.00",
            "missing_lines": 0,
            "excluded_lines": 0,
            "percent_statements_covered": 100.0,
            "percent_statements_covered_display": "100.00"
          },
          "missing_lines": [],
          "excluded_lines": [],
          "start_line": 25
        },
        "BaseAISelector": {
          "executed_lines": [129, 130, 131, 132],
          "summary": {
            "covered_lines": 4,
            "num_statements": 4,
            "percent_covered": 100.0,
            "percent_covered_display": "100.00",
            "missing_lines": 0,
            "excluded_lines": 4,
            "percent_statements_covered": 100.0,
            "percent_statements_covered_display": "100.00"
          },
          "missing_lines": [],
          "excluded_lines": [142, 143, 153, 154],
          "start_line": 113
        },
        "OllamaSelector": {
          "executed_lines": [
            168, 169, 179, 180, 182, 186, 193, 194, 195, 197, 198, 201, 202,
            207, 209, 219, 220, 222, 226, 233, 234, 237, 238, 241, 249, 253,
            254, 255, 267, 268, 269, 270, 271, 272, 273, 276, 277, 278, 282,
            283, 284, 285, 286, 287, 289, 291, 292, 293, 295, 296, 307, 313,
            314, 315, 316, 320, 322, 326, 330, 331, 335, 336, 337, 341, 349
          ],
          "summary": {
            "covered_lines": 65,
            "num_statements": 96,
            "percent_covered": 67.70833333333333,
            "percent_covered_display": "67.71",
            "missing_lines": 31,
            "excluded_lines": 0,
            "percent_statements_covered": 67.70833333333333,
            "percent_statements_covered_display": "67.71"
          },
          "missing_lines": [
            199, 235, 239, 242, 247, 274, 275, 297, 298, 300, 301, 302, 303,
            304, 305, 317, 318, 323, 324, 327, 328, 332, 333, 338, 339, 342,
            343, 344, 345, 346, 347
          ],
          "excluded_lines": [],
          "start_line": 157
        },
        "CostTracker": {
          "executed_lines": [
            356, 357, 358, 359, 360, 369, 372, 373, 379, 380, 383, 385, 386,
            387, 391, 392, 394, 395, 399
          ],
          "summary": {
            "covered_lines": 19,
            "num_statements": 22,
            "percent_covered": 86.36363636363636,
            "percent_covered_display": "86.36",
            "missing_lines": 3,
            "excluded_lines": 0,
            "percent_statements_covered": 86.36363636363636,
            "percent_statements_covered_display": "86.36"
          },
          "missing_lines": [403, 404, 405],
          "excluded_lines": [],
          "start_line": 352
        },
        "EnhancedAISelector": {
          "executed_lines": [
            432, 433, 434, 435, 436, 437, 438, 439, 440, 444, 459, 460, 463,
            464, 465, 466, 467, 469, 474, 476, 481, 483, 490, 496, 505, 507,
            508, 510, 527, 528, 531, 534, 537, 540, 548, 551, 552, 553, 558,
            560, 561, 562, 563, 564, 566, 571, 573, 574, 576, 577, 578, 579,
            580, 581, 583, 595, 599, 600, 602, 604, 611, 612, 613, 614, 615,
            617, 624, 627, 628, 630, 631, 632, 633, 634, 635, 636, 638, 642,
            645, 646, 663, 664, 665, 668, 670, 673, 675, 683, 695, 706, 716
          ],
          "summary": {
            "covered_lines": 91,
            "num_statements": 116,
            "percent_covered": 78.44827586206897,
            "percent_covered_display": "78.45",
            "missing_lines": 25,
            "excluded_lines": 0,
            "percent_statements_covered": 78.44827586206897,
            "percent_statements_covered_display": "78.45"
          },
          "missing_lines": [
            471, 541, 542, 544, 545, 554, 555, 567, 568, 596, 605, 606, 607,
            608, 618, 619, 620, 621, 622, 625, 647, 648, 649, 650, 652
          ],
          "excluded_lines": [],
          "start_line": 408
        },
        "": {
          "executed_lines": [
            3, 5, 6, 7, 8, 9, 11, 13, 15, 18, 20, 21, 22, 25, 28, 29, 30, 31,
            32, 33, 36, 37, 38, 41, 42, 45, 46, 49, 51, 52, 64, 65, 87, 88, 96,
            97, 113, 116, 157, 160, 171, 211, 251, 280, 309, 352, 355, 362, 401,
            408, 411, 442, 452, 498, 517, 585, 640, 654, 681, 693, 698, 708
          ],
          "summary": {
            "covered_lines": 62,
            "num_statements": 62,
            "percent_covered": 100.0,
            "percent_covered_display": "100.00",
            "missing_lines": 0,
            "excluded_lines": 16,
            "percent_statements_covered": 100.0,
            "percent_statements_covered_display": "100.00"
          },
          "missing_lines": [],
          "excluded_lines": [
            134, 135, 136, 137, 138, 139, 140, 141, 145, 146, 147, 148, 149,
            150, 151, 152
          ],
          "start_line": 1
        }
      }
    },
    "tool_router/ai/feedback.py": {
      "executed_lines": [
        3, 5, 6, 7, 8, 9, 10, 11, 12, 13, 14, 17, 19, 20, 21, 24, 25, 28, 29,
        30, 31, 32, 33, 34, 35, 36, 39, 40, 43, 44, 45, 46, 47, 48, 49, 51, 52,
        53, 55, 56, 57, 58, 59, 61, 62, 67, 68, 71, 72, 73, 74, 75, 78, 86, 87,
        91, 92, 93, 94, 96, 97, 99, 102, 103, 106, 107, 110, 114, 118, 122, 125,
        127, 128, 130, 133, 134, 137, 138, 141, 145, 149, 150, 152, 154, 155,
        158, 161, 162, 163, 166, 167, 168, 171, 172, 173, 175, 181, 191, 192,
        193, 195, 205, 208, 209, 210, 211, 212, 214, 217, 218, 219, 220, 223,
        224, 225, 228, 229, 230, 233, 234, 235, 236, 239, 240, 241, 242, 245,
        246, 249, 250, 251, 252, 255, 256, 257, 260, 261, 262, 265, 266, 268,
        269, 277, 279, 280, 281, 284, 288, 289, 291, 292, 293, 296, 299, 301,
        311, 325, 344, 381, 408, 410, 412, 414, 416, 421, 422, 424, 425, 426,
        427, 428, 429, 430, 431, 434, 435, 436, 437, 439, 440, 446, 448, 449,
        450, 456, 460, 462, 463, 464, 465, 466, 469, 473, 478, 479, 480, 481
      ],
      "summary": {
        "covered_lines": 197,
        "num_statements": 252,
        "percent_covered": 78.17460317460318,
        "percent_covered_display": "78.17",
        "missing_lines": 55,
        "excluded_lines": 0,
        "percent_statements_covered": 78.17460317460318,
        "percent_statements_covered_display": "78.17"
      },
      "missing_lines": [
        64, 111, 115, 119, 123, 142, 146, 303, 304, 305, 307, 309, 313, 314,
        315, 318, 319, 320, 322, 323, 327, 328, 331, 332, 333, 336, 342, 346,
        347, 348, 350, 360, 361, 362, 369, 374, 379, 383, 384, 386, 389, 390,
        391, 392, 393, 394, 397, 398, 401, 402, 403, 404, 406, 457, 458
      ],
      "excluded_lines": [],
      "functions": {
        "ToolStats.total": {
          "executed_lines": [53],
          "summary": {
            "covered_lines": 1,
            "num_statements": 1,
            "percent_covered": 100.0,
            "percent_covered_display": "100.00",
            "missing_lines": 0,
            "excluded_lines": 0,
            "percent_statements_covered": 100.0,
            "percent_statements_covered_display": "100.00"
          },
          "missing_lines": [],
          "excluded_lines": [],
          "start_line": 52
        },
        "ToolStats.success_rate": {
          "executed_lines": [57, 58, 59],
          "summary": {
            "covered_lines": 3,
            "num_statements": 3,
            "percent_covered": 100.0,
            "percent_covered_display": "100.00",
            "missing_lines": 0,
            "excluded_lines": 0,
            "percent_statements_covered": 100.0,
            "percent_statements_covered_display": "100.00"
          },
          "missing_lines": [],
          "excluded_lines": [],
          "start_line": 56
        },
        "ToolStats.confidence_score": {
          "executed_lines": [],
          "summary": {
            "covered_lines": 0,
            "num_statements": 1,
            "percent_covered": 0.0,
            "percent_covered_display": "0.00",
            "missing_lines": 1,
            "excluded_lines": 0,
            "percent_statements_covered": 0.0,
            "percent_statements_covered_display": "0.00"
          },
          "missing_lines": [64],
          "excluded_lines": [],
          "start_line": 62
        },
        "FeedbackStore.__init__": {
          "executed_lines": [87, 91, 92, 93, 94],
          "summary": {
            "covered_lines": 5,
            "num_statements": 5,
            "percent_covered": 100.0,
            "percent_covered_display": "100.00",
            "missing_lines": 0,
            "excluded_lines": 0,
            "percent_statements_covered": 100.0,
            "percent_statements_covered_display": "100.00"
          },
          "missing_lines": [],
          "excluded_lines": [],
          "start_line": 86
        },
        "FeedbackStore._classify_task_type": {
          "executed_lines": [99, 102, 103, 106, 107, 110, 114, 118, 122, 125],
          "summary": {
            "covered_lines": 10,
            "num_statements": 14,
            "percent_covered": 71.42857142857143,
            "percent_covered_display": "71.43",
            "missing_lines": 4,
            "excluded_lines": 0,
            "percent_statements_covered": 71.42857142857143,
            "percent_statements_covered_display": "71.43"
          },
          "missing_lines": [111, 115, 119, 123],
          "excluded_lines": [],
          "start_line": 97
        },
        "FeedbackStore._classify_intent": {
          "executed_lines": [130, 133, 134, 137, 138, 141, 145, 149, 150, 152],
          "summary": {
            "covered_lines": 10,
            "num_statements": 12,
            "percent_covered": 83.33333333333333,
            "percent_covered_display": "83.33",
            "missing_lines": 2,
            "excluded_lines": 0,
            "percent_statements_covered": 83.33333333333333,
            "percent_statements_covered_display": "83.33"
          },
          "missing_lines": [142, 146],
          "excluded_lines": [],
          "start_line": 128
        },
        "FeedbackStore._extract_entities": {
          "executed_lines": [
            158, 161, 162, 163, 166, 167, 168, 171, 172, 173, 175
          ],
          "summary": {
            "covered_lines": 11,
            "num_statements": 11,
            "percent_covered": 100.0,
            "percent_covered_display": "100.00",
            "missing_lines": 0,
            "excluded_lines": 0,
            "percent_statements_covered": 100.0,
            "percent_statements_covered_display": "100.00"
          },
          "missing_lines": [],
          "excluded_lines": [],
          "start_line": 155
        },
        "FeedbackStore.record": {
          "executed_lines": [
            191, 192, 193, 195, 205, 208, 209, 210, 211, 212, 214, 217, 218,
            219, 220, 223, 224, 225, 228, 229, 230, 233, 234, 235, 236, 239,
            240, 241, 242, 245, 246, 249, 250, 251, 252, 255, 256, 257, 260,
            261, 262, 265, 266, 268, 269
          ],
          "summary": {
            "covered_lines": 45,
            "num_statements": 45,
            "percent_covered": 100.0,
            "percent_covered_display": "100.00",
            "missing_lines": 0,
            "excluded_lines": 0,
            "percent_statements_covered": 100.0,
            "percent_statements_covered_display": "100.00"
          },
          "missing_lines": [],
          "excluded_lines": [],
          "start_line": 181
        },
        "FeedbackStore.get_boost": {
          "executed_lines": [
            279, 280, 281, 284, 288, 289, 291, 292, 293, 296, 299
          ],
          "summary": {
            "covered_lines": 11,
            "num_statements": 11,
            "percent_covered": 100.0,
            "percent_covered_display": "100.00",
            "missing_lines": 0,
            "excluded_lines": 0,
            "percent_statements_covered": 100.0,
            "percent_statements_covered_display": "100.00"
          },
          "missing_lines": [],
          "excluded_lines": [],
          "start_line": 277
        },
        "FeedbackStore.get_task_type_boost": {
          "executed_lines": [],
          "summary": {
            "covered_lines": 0,
            "num_statements": 5,
            "percent_covered": 0.0,
            "percent_covered_display": "0.00",
            "missing_lines": 5,
            "excluded_lines": 0,
            "percent_statements_covered": 0.0,
            "percent_statements_covered_display": "0.00"
          },
          "missing_lines": [303, 304, 305, 307, 309],
          "excluded_lines": [],
          "start_line": 301
        },
        "FeedbackStore.get_intent_boost": {
          "executed_lines": [],
          "summary": {
            "covered_lines": 0,
            "num_statements": 8,
            "percent_covered": 0.0,
            "percent_covered_display": "0.00",
            "missing_lines": 8,
            "excluded_lines": 0,
            "percent_statements_covered": 0.0,
            "percent_statements_covered_display": "0.00"
          },
          "missing_lines": [313, 314, 315, 318, 319, 320, 322, 323],
          "excluded_lines": [],
          "start_line": 311
        },
        "FeedbackStore.get_comprehensive_boost": {
          "executed_lines": [],
          "summary": {
            "covered_lines": 0,
            "num_statements": 7,
            "percent_covered": 0.0,
            "percent_covered_display": "0.00",
            "missing_lines": 7,
            "excluded_lines": 0,
            "percent_statements_covered": 0.0,
            "percent_statements_covered_display": "0.00"
          },
          "missing_lines": [327, 328, 331, 332, 333, 336, 342],
          "excluded_lines": [],
          "start_line": 325
        },
        "FeedbackStore.get_learning_insights": {
          "executed_lines": [],
          "summary": {
            "covered_lines": 0,
            "num_statements": 10,
            "percent_covered": 0.0,
            "percent_covered_display": "0.00",
            "missing_lines": 10,
            "excluded_lines": 0,
            "percent_statements_covered": 0.0,
            "percent_statements_covered_display": "0.00"
          },
          "missing_lines": [346, 347, 348, 350, 360, 361, 362, 369, 374, 379],
          "excluded_lines": [],
          "start_line": 344
        },
        "FeedbackStore.get_adaptive_hints": {
          "executed_lines": [],
          "summary": {
            "covered_lines": 0,
            "num_statements": 16,
            "percent_covered": 0.0,
            "percent_covered_display": "0.00",
            "missing_lines": 16,
            "excluded_lines": 0,
            "percent_statements_covered": 0.0,
            "percent_statements_covered_display": "0.00"
          },
          "missing_lines": [
            383, 384, 386, 389, 390, 391, 392, 393, 394, 397, 398, 401, 402,
            403, 404, 406
          ],
          "excluded_lines": [],
          "start_line": 381
        },
        "FeedbackStore.get_stats": {
          "executed_lines": [410],
          "summary": {
            "covered_lines": 1,
            "num_statements": 1,
            "percent_covered": 100.0,
            "percent_covered_display": "100.00",
            "missing_lines": 0,
            "excluded_lines": 0,
            "percent_statements_covered": 100.0,
            "percent_statements_covered_display": "100.00"
          },
          "missing_lines": [],
          "excluded_lines": [],
          "start_line": 408
        },
        "FeedbackStore.get_all_stats": {
          "executed_lines": [414],
          "summary": {
            "covered_lines": 1,
            "num_statements": 1,
            "percent_covered": 100.0,
            "percent_covered_display": "100.00",
            "missing_lines": 0,
            "excluded_lines": 0,
            "percent_statements_covered": 100.0,
            "percent_statements_covered_display": "100.00"
          },
          "missing_lines": [],
          "excluded_lines": [],
          "start_line": 412
        },
        "FeedbackStore.similar_task_tools": {
          "executed_lines": [
            421, 422, 424, 425, 426, 427, 428, 429, 430, 431, 434, 435, 436,
            437, 439, 440
          ],
          "summary": {
            "covered_lines": 16,
            "num_statements": 16,
            "percent_covered": 100.0,
            "percent_covered_display": "100.00",
            "missing_lines": 0,
            "excluded_lines": 0,
            "percent_statements_covered": 100.0,
            "percent_statements_covered_display": "100.00"
          },
          "missing_lines": [],
          "excluded_lines": [],
          "start_line": 416
        },
        "FeedbackStore._persist": {
          "executed_lines": [448, 449, 450, 456],
          "summary": {
            "covered_lines": 4,
            "num_statements": 6,
            "percent_covered": 66.66666666666667,
            "percent_covered_display": "66.67",
            "missing_lines": 2,
            "excluded_lines": 0,
            "percent_statements_covered": 66.66666666666667,
            "percent_statements_covered_display": "66.67"
          },
          "missing_lines": [457, 458],
          "excluded_lines": [],
          "start_line": 446
        },
        "FeedbackStore._load": {
          "executed_lines": [
            462, 463, 464, 465, 466, 469, 473, 478, 479, 480, 481
          ],
          "summary": {
            "covered_lines": 11,
            "num_statements": 11,
            "percent_covered": 100.0,
            "percent_covered_display": "100.00",
            "missing_lines": 0,
            "excluded_lines": 0,
            "percent_statements_covered": 100.0,
            "percent_statements_covered_display": "100.00"
          },
          "missing_lines": [],
          "excluded_lines": [],
          "start_line": 460
        },
        "": {
          "executed_lines": [
            3, 5, 6, 7, 8, 9, 10, 11, 12, 13, 14, 17, 19, 20, 21, 24, 25, 28,
            29, 30, 31, 32, 33, 34, 35, 36, 39, 40, 43, 44, 45, 46, 47, 48, 49,
            51, 52, 55, 56, 61, 62, 67, 68, 71, 72, 73, 74, 75, 78, 86, 96, 97,
            127, 128, 154, 155, 181, 277, 301, 311, 325, 344, 381, 408, 412,
            416, 446, 460
          ],
          "summary": {
            "covered_lines": 68,
            "num_statements": 68,
            "percent_covered": 100.0,
            "percent_covered_display": "100.00",
            "missing_lines": 0,
            "excluded_lines": 0,
            "percent_statements_covered": 100.0,
            "percent_statements_covered_display": "100.00"
          },
          "missing_lines": [],
          "excluded_lines": [],
          "start_line": 1
        }
      },
      "classes": {
        "FeedbackEntry": {
          "executed_lines": [],
          "summary": {
            "covered_lines": 0,
            "num_statements": 0,
            "percent_covered": 100.0,
            "percent_covered_display": "100.00",
            "missing_lines": 0,
            "excluded_lines": 0,
            "percent_statements_covered": 100.0,
            "percent_statements_covered_display": "100.00"
          },
          "missing_lines": [],
          "excluded_lines": [],
          "start_line": 25
        },
        "ToolStats": {
          "executed_lines": [53, 57, 58, 59],
          "summary": {
            "covered_lines": 4,
            "num_statements": 5,
            "percent_covered": 80.0,
            "percent_covered_display": "80.00",
            "missing_lines": 1,
            "excluded_lines": 0,
            "percent_statements_covered": 80.0,
            "percent_statements_covered_display": "80.00"
          },
          "missing_lines": [64],
          "excluded_lines": [],
          "start_line": 40
        },
        "TaskPattern": {
          "executed_lines": [],
          "summary": {
            "covered_lines": 0,
            "num_statements": 0,
            "percent_covered": 100.0,
            "percent_covered_display": "100.00",
            "missing_lines": 0,
            "excluded_lines": 0,
            "percent_statements_covered": 100.0,
            "percent_statements_covered_display": "100.00"
          },
          "missing_lines": [],
          "excluded_lines": [],
          "start_line": 68
        },
        "FeedbackStore": {
          "executed_lines": [
            87, 91, 92, 93, 94, 99, 102, 103, 106, 107, 110, 114, 118, 122, 125,
            130, 133, 134, 137, 138, 141, 145, 149, 150, 152, 158, 161, 162,
            163, 166, 167, 168, 171, 172, 173, 175, 191, 192, 193, 195, 205,
[...]
            "missing_lines": 15,
            "excluded_lines": 0,
            "percent_statements_covered": 0.0,
            "percent_statements_covered_display": "0.00"
          },
          "missing_lines": [
            480, 481, 482, 485, 486, 487, 488, 491, 494, 495, 496, 497, 498,
            501, 503
          ],
          "excluded_lines": [],
          "start_line": 478
        },
        "": {
          "executed_lines": [],
          "summary": {
            "covered_lines": 0,
            "num_statements": 59,
            "percent_covered": 0.0,
            "percent_covered_display": "0.00",
            "missing_lines": 59,
            "excluded_lines": 14,
            "percent_statements_covered": 0.0,
            "percent_statements_covered_display": "0.00"
          },
          "missing_lines": [
            11, 13, 14, 15, 16, 17, 18, 19, 21, 24, 26, 27, 28, 29, 32, 33, 35,
            36, 37, 38, 39, 40, 41, 42, 43, 44, 45, 46, 47, 48, 49, 51, 57, 58,
            64, 65, 81, 84, 94, 133, 152, 181, 194, 220, 233, 245, 254, 268,
            318, 338, 345, 371, 403, 406, 410, 453, 463, 467, 478
          ],
          "excluded_lines": [
            506, 508, 510, 511, 512, 513, 516, 517, 518, 519, 522, 524, 525, 526
          ],
          "start_line": 1
        }
      },
      "classes": {
        "KnowledgeStatus": {
          "executed_lines": [],
          "summary": {
            "covered_lines": 0,
            "num_statements": 0,
            "percent_covered": 100.0,
            "percent_covered_display": "100.00",
            "missing_lines": 0,
            "excluded_lines": 0,
            "percent_statements_covered": 100.0,
            "percent_statements_covered_display": "100.00"
          },
          "missing_lines": [],
          "excluded_lines": [],
          "start_line": 24
        },
        "KnowledgeItem": {
          "executed_lines": [],
          "summary": {
            "covered_lines": 0,
            "num_statements": 13,
            "percent_covered": 0.0,
            "percent_covered_display": "0.00",
            "missing_lines": 13,
            "excluded_lines": 0,
            "percent_statements_covered": 0.0,
            "percent_statements_covered_display": "0.00"
          },
          "missing_lines": [52, 53, 54, 55, 60, 61, 62, 67, 68, 69, 71, 72, 74],
          "excluded_lines": [],
          "start_line": 33
        },
        "KnowledgeBase": {
          "executed_lines": [],
          "summary": {
            "covered_lines": 0,
            "num_statements": 79,
            "percent_covered": 0.0,
            "percent_covered_display": "0.00",
            "missing_lines": 79,
            "excluded_lines": 0,
            "percent_statements_covered": 0.0,
            "percent_statements_covered_display": "0.00"
          },
          "missing_lines": [
            86, 87, 89, 90, 92, 96, 97, 117, 121, 125, 135, 137, 150, 154, 155,
            179, 183, 184, 188, 189, 190, 192, 197, 198, 207, 209, 210, 211,
            213, 214, 216, 218, 223, 224, 231, 235, 236, 243, 247, 248, 256,
            257, 258, 259, 261, 262, 270, 272, 273, 276, 282, 285, 296, 299,
            306, 311, 320, 340, 342, 343, 347, 349, 350, 351, 352, 353, 368,
            369, 373, 374, 376, 377, 378, 379, 394, 395, 397, 398, 400
          ],
          "excluded_lines": [],
          "start_line": 81
        },
        "KnowledgeIndexer": {
          "executed_lines": [],
          "summary": {
            "covered_lines": 0,
            "num_statements": 55,
            "percent_covered": 0.0,
            "percent_covered_display": "0.00",
            "missing_lines": 55,
            "excluded_lines": 0,
            "percent_statements_covered": 0.0,
            "percent_statements_covered_display": "0.00"
          },
          "missing_lines": [
            407, 408, 412, 413, 414, 417, 418, 424, 425, 426, 427, 428, 429,
            430, 433, 434, 435, 438, 439, 440, 441, 444, 445, 447, 448, 449,
            450, 451, 455, 457, 458, 459, 461, 465, 469, 471, 472, 473, 474,
            476, 480, 481, 482, 485, 486, 487, 488, 491, 494, 495, 496, 497,
            498, 501, 503
          ],
          "excluded_lines": [],
          "start_line": 403
        },
        "": {
          "executed_lines": [],
          "summary": {
            "covered_lines": 0,
            "num_statements": 59,
            "percent_covered": 0.0,
            "percent_covered_display": "0.00",
            "missing_lines": 59,
            "excluded_lines": 14,
            "percent_statements_covered": 0.0,
            "percent_statements_covered_display": "0.00"
          },
          "missing_lines": [
            11, 13, 14, 15, 16, 17, 18, 19, 21, 24, 26, 27, 28, 29, 32, 33, 35,
            36, 37, 38, 39, 40, 41, 42, 43, 44, 45, 46, 47, 48, 49, 51, 57, 58,
            64, 65, 81, 84, 94, 133, 152, 181, 194, 220, 233, 245, 254, 268,
            318, 338, 345, 371, 403, 406, 410, 453, 463, 467, 478
          ],
          "excluded_lines": [
            506, 508, 510, 511, 512, 513, 516, 517, 518, 519, 522, 524, 525, 526
          ],
          "start_line": 1
        }
      }
    },
    "tool_router/training/training_pipeline.py": {
      "executed_lines": [],
      "summary": {
        "covered_lines": 0,
        "num_statements": 184,
        "percent_covered": 0.0,
        "percent_covered_display": "0.00",
        "missing_lines": 184,
        "excluded_lines": 38,
        "percent_statements_covered": 0.0,
        "percent_statements_covered_display": "0.00"
      },
      "missing_lines": [
        12, 14, 15, 16, 17, 18, 20, 21, 23, 26, 29, 31, 32, 33, 36, 37, 38, 41,
        50, 52, 54, 56, 57, 60, 61, 64, 65, 68, 69, 72, 73, 76, 77, 80, 90, 91,
        93, 94, 95, 96, 97, 99, 101, 103, 104, 105, 107, 108, 110, 112, 113,
        114, 115, 117, 119, 121, 123, 125, 126, 127, 130, 131, 132, 135, 136,
        137, 140, 141, 143, 144, 146, 148, 150, 152, 154, 155, 156, 158, 160,
        161, 162, 164, 166, 168, 170, 171, 174, 175, 177, 179, 181, 182, 184,
        185, 187, 189, 191, 193, 194, 195, 196, 198, 200, 201, 202, 203, 205,
        206, 208, 210, 211, 212, 213, 214, 215, 216, 218, 220, 223, 226, 227,
        229, 230, 243, 245, 247, 249, 252, 253, 256, 257, 258, 259, 261, 262,
        263, 265, 273, 279, 281, 283, 286, 289, 290, 293, 296, 303, 304, 306,
        308, 319, 321, 323, 326, 327, 328, 329, 332, 333, 336, 337, 338, 340,
        341, 342, 344, 346, 348, 356, 359, 360, 362, 364, 366, 367, 370, 371,
        372, 373, 376, 377, 379, 380, 384
      ],
      "excluded_lines": [
        441, 443, 445, 447, 448, 450, 451, 452, 453, 454, 456, 457, 458, 459,
        460, 461, 463, 464, 465, 467, 468, 469, 470, 471, 472, 474, 475, 476,
        477, 479, 480, 482, 483, 484, 485, 488, 489, 490
      ],
      "functions": {
        "TrainingPipeline.__init__": {
          "executed_lines": [],
          "summary": {
            "covered_lines": 0,
            "num_statements": 7,
            "percent_covered": 0.0,
            "percent_covered_display": "0.00",
            "missing_lines": 7,
            "excluded_lines": 0,
            "percent_statements_covered": 0.0,
            "percent_statements_covered_display": "0.00"
          },
          "missing_lines": [31, 32, 33, 36, 37, 38, 41],
          "excluded_lines": [],
          "start_line": 29
        },
        "TrainingPipeline.run_training_pipeline": {
          "executed_lines": [],
          "summary": {
            "covered_lines": 0,
            "num_statements": 22,
            "percent_covered": 0.0,
            "percent_covered_display": "0.00",
            "missing_lines": 22,
            "excluded_lines": 0,
            "percent_statements_covered": 0.0,
            "percent_statements_covered_display": "0.00"
          },
          "missing_lines": [
            52, 54, 56, 57, 60, 61, 64, 65, 68, 69, 72, 73, 76, 77, 80, 90, 91,
            93, 94, 95, 96, 97
          ],
          "excluded_lines": [],
          "start_line": 50
        },
        "TrainingPipeline._extract_patterns": {
          "executed_lines": [],
          "summary": {
            "covered_lines": 0,
            "num_statements": 12,
            "percent_covered": 0.0,
            "percent_covered_display": "0.00",
            "missing_lines": 12,
            "excluded_lines": 0,
            "percent_statements_covered": 0.0,
            "percent_statements_covered_display": "0.00"
          },
          "missing_lines": [
            101, 103, 104, 105, 107, 108, 110, 112, 113, 114, 115, 117
          ],
          "excluded_lines": [],
          "start_line": 99
        },
        "TrainingPipeline._validate_patterns": {
          "executed_lines": [],
          "summary": {
            "covered_lines": 0,
            "num_statements": 15,
            "percent_covered": 0.0,
            "percent_covered_display": "0.00",
            "missing_lines": 15,
            "excluded_lines": 0,
            "percent_statements_covered": 0.0,
            "percent_statements_covered_display": "0.00"
          },
          "missing_lines": [
            121, 123, 125, 126, 127, 130, 131, 132, 135, 136, 137, 140, 141,
            143, 144
          ],
          "excluded_lines": [],
          "start_line": 119
        },
        "TrainingPipeline._validate_pattern_by_category": {
          "executed_lines": [],
          "summary": {
            "covered_lines": 0,
            "num_statements": 11,
            "percent_covered": 0.0,
            "percent_covered_display": "0.00",
            "missing_lines": 11,
            "excluded_lines": 0,
            "percent_statements_covered": 0.0,
            "percent_statements_covered_display": "0.00"
          },
          "missing_lines": [
            148, 150, 152, 154, 155, 156, 158, 160, 161, 162, 164
          ],
          "excluded_lines": [],
          "start_line": 146
        },
        "TrainingPipeline._is_duplicate_pattern": {
          "executed_lines": [],
          "summary": {
            "covered_lines": 0,
            "num_statements": 6,
            "percent_covered": 0.0,
            "percent_covered_display": "0.00",
            "missing_lines": 6,
            "excluded_lines": 0,
            "percent_statements_covered": 0.0,
            "percent_statements_covered_display": "0.00"
          },
          "missing_lines": [168, 170, 171, 174, 175, 177],
          "excluded_lines": [],
          "start_line": 166
        },
        "TrainingPipeline._text_similarity": {
          "executed_lines": [],
          "summary": {
            "covered_lines": 0,
            "num_statements": 5,
            "percent_covered": 0.0,
            "percent_covered_display": "0.00",
            "missing_lines": 5,
            "excluded_lines": 0,
            "percent_statements_covered": 0.0,
            "percent_statements_covered_display": "0.00"
          },
          "missing_lines": [181, 182, 184, 185, 187],
          "excluded_lines": [],
          "start_line": 179
        },
        "TrainingPipeline._populate_knowledge_base": {
          "executed_lines": [],
          "summary": {
            "covered_lines": 0,
            "num_statements": 12,
            "percent_covered": 0.0,
            "percent_covered_display": "0.00",
            "missing_lines": 12,
            "excluded_lines": 0,
            "percent_statements_covered": 0.0,
            "percent_statements_covered_display": "0.00"
          },
          "missing_lines": [
            191, 193, 194, 195, 196, 198, 200, 201, 202, 203, 205, 206
          ],
          "excluded_lines": [],
          "start_line": 189
        },
        "TrainingPipeline._build_indexes": {
          "executed_lines": [],
          "summary": {
            "covered_lines": 0,
            "num_statements": 7,
            "percent_covered": 0.0,
            "percent_covered_display": "0.00",
            "missing_lines": 7,
            "excluded_lines": 0,
            "percent_statements_covered": 0.0,
            "percent_statements_covered_display": "0.00"
          },
          "missing_lines": [210, 211, 212, 213, 214, 215, 216],
          "excluded_lines": [],
          "start_line": 208
        },
        "TrainingPipeline._train_specialists": {
          "executed_lines": [],
          "summary": {
            "covered_lines": 0,
            "num_statements": 8,
            "percent_covered": 0.0,
            "percent_covered_display": "0.00",
            "missing_lines": 8,
            "excluded_lines": 0,
            "percent_statements_covered": 0.0,
            "percent_statements_covered_display": "0.00"
          },
          "missing_lines": [220, 223, 226, 227, 229, 230, 243, 245],
          "excluded_lines": [],
          "start_line": 218
        },
        "TrainingPipeline._evaluate_training": {
          "executed_lines": [],
          "summary": {
            "covered_lines": 0,
            "num_statements": 13,
            "percent_covered": 0.0,
            "percent_covered_display": "0.00",
            "missing_lines": 13,
            "excluded_lines": 0,
            "percent_statements_covered": 0.0,
            "percent_statements_covered_display": "0.00"
          },
          "missing_lines": [
            249, 252, 253, 256, 257, 258, 259, 261, 262, 263, 265, 273, 279
          ],
          "excluded_lines": [],
          "start_line": 247
        },
        "TrainingPipeline.run_continuous_learning": {
          "executed_lines": [],
          "summary": {
            "covered_lines": 0,
            "num_statements": 8,
            "percent_covered": 0.0,
            "percent_covered_display": "0.00",
            "missing_lines": 8,
            "excluded_lines": 0,
            "percent_statements_covered": 0.0,
            "percent_statements_covered_display": "0.00"
          },
          "missing_lines": [283, 286, 289, 290, 293, 296, 303, 304],
          "excluded_lines": [],
          "start_line": 281
        },
        "TrainingPipeline.get_training_report": {
          "executed_lines": [],
          "summary": {
            "covered_lines": 0,
            "num_statements": 1,
            "percent_covered": 0.0,
            "percent_covered_display": "0.00",
            "missing_lines": 1,
            "excluded_lines": 0,
            "percent_statements_covered": 0.0,
            "percent_statements_covered_display": "0.00"
          },
          "missing_lines": [308],
          "excluded_lines": [],
          "start_line": 306
        },
        "TrainingPipeline._generate_recommendations": {
          "executed_lines": [],
          "summary": {
            "covered_lines": 0,
            "num_statements": 15,
            "percent_covered": 0.0,
            "percent_covered_display": "0.00",
            "missing_lines": 15,
            "excluded_lines": 0,
            "percent_statements_covered": 0.0,
            "percent_statements_covered_display": "0.00"
          },
          "missing_lines": [
            321, 323, 326, 327, 328, 329, 332, 333, 336, 337, 338, 340, 341,
            342, 344
          ],
          "excluded_lines": [],
          "start_line": 319
        },
        "TrainingPipeline.export_training_data": {
          "executed_lines": [],
          "summary": {
            "covered_lines": 0,
            "num_statements": 5,
            "percent_covered": 0.0,
            "percent_covered_display": "0.00",
            "missing_lines": 5,
            "excluded_lines": 0,
            "percent_statements_covered": 0.0,
            "percent_statements_covered_display": "0.00"
          },
          "missing_lines": [348, 356, 359, 360, 362],
          "excluded_lines": [],
          "start_line": 346
        },
        "TrainingPipeline.import_training_data": {
          "executed_lines": [],
          "summary": {
            "covered_lines": 0,
            "num_statements": 10,
            "percent_covered": 0.0,
            "percent_covered_display": "0.00",
            "missing_lines": 10,
            "excluded_lines": 0,
            "percent_statements_covered": 0.0,
            "percent_statements_covered_display": "0.00"
          },
          "missing_lines": [366, 367, 370, 371, 372, 373, 376, 377, 379, 380],
          "excluded_lines": [],
          "start_line": 364
        },
        "": {
          "executed_lines": [],
          "summary": {
            "covered_lines": 0,
            "num_statements": 27,
            "percent_covered": 0.0,
            "percent_covered_display": "0.00",
            "missing_lines": 27,
            "excluded_lines": 38,
            "percent_statements_covered": 0.0,
            "percent_statements_covered_display": "0.00"
          },
          "missing_lines": [
            12, 14, 15, 16, 17, 18, 20, 21, 23, 26, 29, 50, 99, 119, 146, 166,
            179, 189, 208, 218, 247, 281, 306, 319, 346, 364, 384
          ],
          "excluded_lines": [
            441, 443, 445, 447, 448, 450, 451, 452, 453, 454, 456, 457, 458,
            459, 460, 461, 463, 464, 465, 467, 468, 469, 470, 471, 472, 474,
            475, 476, 477, 479, 480, 482, 483, 484, 485, 488, 489, 490
          ],
          "start_line": 1
        }
      },
      "classes": {
        "TrainingPipeline": {
          "executed_lines": [],
          "summary": {
            "covered_lines": 0,
            "num_statements": 157,
            "percent_covered": 0.0,
            "percent_covered_display": "0.00",
            "missing_lines": 157,
            "excluded_lines": 0,
            "percent_statements_covered": 0.0,
            "percent_statements_covered_display": "0.00"
          },
          "missing_lines": [
            31, 32, 33, 36, 37, 38, 41, 52, 54, 56, 57, 60, 61, 64, 65, 68, 69,
            72, 73, 76, 77, 80, 90, 91, 93, 94, 95, 96, 97, 101, 103, 104, 105,
            107, 108, 110, 112, 113, 114, 115, 117, 121, 123, 125, 126, 127,
            130, 131, 132, 135, 136, 137, 140, 141, 143, 144, 148, 150, 152,
            154, 155, 156, 158, 160, 161, 162, 164, 168, 170, 171, 174, 175,
            177, 181, 182, 184, 185, 187, 191, 193, 194, 195, 196, 198, 200,
            201, 202, 203, 205, 206, 210, 211, 212, 213, 214, 215, 216, 220,
            223, 226, 227, 229, 230, 243, 245, 249, 252, 253, 256, 257, 258,
            259, 261, 262, 263, 265, 273, 279, 283, 286, 289, 290, 293, 296,
            303, 304, 308, 321, 323, 326, 327, 328, 329, 332, 333, 336, 337,
            338, 340, 341, 342, 344, 348, 356, 359, 360, 362, 366, 367, 370,
            371, 372, 373, 376, 377, 379, 380
          ],
          "excluded_lines": [],
          "start_line": 26
        },
        "": {
          "executed_lines": [],
          "summary": {
            "covered_lines": 0,
            "num_statements": 27,
            "percent_covered": 0.0,
            "percent_covered_display": "0.00",
            "missing_lines": 27,
            "excluded_lines": 38,
            "percent_statements_covered": 0.0,
            "percent_statements_covered_display": "0.00"
          },
          "missing_lines": [
            12, 14, 15, 16, 17, 18, 20, 21, 23, 26, 29, 50, 99, 119, 146, 166,
            179, 189, 208, 218, 247, 281, 306, 319, 346, 364, 384
          ],
          "excluded_lines": [
            441, 443, 445, 447, 448, 450, 451, 452, 453, 454, 456, 457, 458,
            459, 460, 461, 463, 464, 465, 467, 468, 469, 470, 471, 472, 474,
            475, 476, 477, 479, 480, 482, 483, 484, 485, 488, 489, 490
          ],
          "start_line": 1
        }
      }
    }
  },
  "totals": {
    "covered_lines": 2059,
    "num_statements": 4588,
    "percent_covered": 44.87794245858762,
    "percent_covered_display": "44.88",
    "missing_lines": 2529,
    "excluded_lines": 142,
    "percent_statements_covered": 44.87794245858762,
    "percent_statements_covered_display": "44.88"
  }
}
