{
  "meta": {
    "format": 3,
    "version": "7.13.4",
    "timestamp": "2026-02-16T21:47:52.651072",
    "branch_coverage": false,
    "show_contexts": false
  },
  "files": {
    "src/tool_router/__init__.py": {
      "executed_lines": [],
      "summary": {
        "covered_lines": 0,
        "num_statements": 0,
        "percent_covered": 100.0,
        "percent_covered_display": "100.00",
        "missing_lines": 0,
        "excluded_lines": 0,
        "percent_statements_covered": 100.0,
        "percent_statements_covered_display": "100.00"
      },
      "missing_lines": [],
      "excluded_lines": [],
      "functions": {
        "": {
          "executed_lines": [],
          "summary": {
            "covered_lines": 0,
            "num_statements": 0,
            "percent_covered": 100.0,
            "percent_covered_display": "100.00",
            "missing_lines": 0,
            "excluded_lines": 0,
            "percent_statements_covered": 100.0,
            "percent_statements_covered_display": "100.00"
          },
          "missing_lines": [],
          "excluded_lines": [],
          "start_line": 1
        }
      },
      "classes": {
        "": {
          "executed_lines": [],
          "summary": {
            "covered_lines": 0,
            "num_statements": 0,
            "percent_covered": 100.0,
            "percent_covered_display": "100.00",
            "missing_lines": 0,
            "excluded_lines": 0,
            "percent_statements_covered": 100.0,
            "percent_statements_covered_display": "100.00"
          },
          "missing_lines": [],
          "excluded_lines": [],
          "start_line": 1
        }
      }
    },
    "src/tool_router/ai/__init__.py": {
      "executed_lines": [3, 6],
      "summary": {
        "covered_lines": 2,
        "num_statements": 2,
        "percent_covered": 100.0,
        "percent_covered_display": "100.00",
        "missing_lines": 0,
        "excluded_lines": 0,
        "percent_statements_covered": 100.0,
        "percent_statements_covered_display": "100.00"
      },
      "missing_lines": [],
      "excluded_lines": [],
      "functions": {
        "": {
          "executed_lines": [3, 6],
          "summary": {
            "covered_lines": 2,
            "num_statements": 2,
            "percent_covered": 100.0,
            "percent_covered_display": "100.00",
            "missing_lines": 0,
            "excluded_lines": 0,
            "percent_statements_covered": 100.0,
            "percent_statements_covered_display": "100.00"
          },
          "missing_lines": [],
          "excluded_lines": [],
          "start_line": 1
        }
      },
      "classes": {
        "": {
          "executed_lines": [3, 6],
          "summary": {
            "covered_lines": 2,
            "num_statements": 2,
            "percent_covered": 100.0,
            "percent_covered_display": "100.00",
            "missing_lines": 0,
            "excluded_lines": 0,
            "percent_statements_covered": 100.0,
            "percent_statements_covered_display": "100.00"
          },
          "missing_lines": [],
          "excluded_lines": [],
          "start_line": 1
        }
      }
    },
    "src/tool_router/ai/prompts.py": {
      "executed_lines": [3, 34, 43, 44, 45, 46, 48, 50, 52, 55, 65, 67, 68, 69],
      "summary": {
        "covered_lines": 14,
        "num_statements": 15,
        "percent_covered": 93.33333333333333,
        "percent_covered_display": "93.33",
        "missing_lines": 1,
        "excluded_lines": 0,
        "percent_statements_covered": 93.33333333333333,
        "percent_statements_covered_display": "93.33"
      },
      "missing_lines": [49],
      "excluded_lines": [],
      "functions": {
        "format_tool_list": {
          "executed_lines": [43, 44, 45, 46, 48, 50, 52],
          "summary": {
            "covered_lines": 7,
            "num_statements": 8,
            "percent_covered": 87.5,
            "percent_covered_display": "87.50",
            "missing_lines": 1,
            "excluded_lines": 0,
            "percent_statements_covered": 87.5,
            "percent_statements_covered_display": "87.50"
          },
          "missing_lines": [49],
          "excluded_lines": [],
          "start_line": 34
        },
        "build_selection_prompt": {
          "executed_lines": [65, 67, 68, 69],
          "summary": {
            "covered_lines": 4,
            "num_statements": 4,
            "percent_covered": 100.0,
            "percent_covered_display": "100.00",
            "missing_lines": 0,
            "excluded_lines": 0,
            "percent_statements_covered": 100.0,
            "percent_statements_covered_display": "100.00"
          },
          "missing_lines": [],
          "excluded_lines": [],
          "start_line": 55
        },
        "": {
          "executed_lines": [3, 34, 55],
          "summary": {
            "covered_lines": 3,
            "num_statements": 3,
            "percent_covered": 100.0,
            "percent_covered_display": "100.00",
            "missing_lines": 0,
            "excluded_lines": 0,
            "percent_statements_covered": 100.0,
            "percent_statements_covered_display": "100.00"
          },
          "missing_lines": [],
          "excluded_lines": [],
          "start_line": 1
        }
      },
      "classes": {
        "": {
          "executed_lines": [
            3, 34, 43, 44, 45, 46, 48, 50, 52, 55, 65, 67, 68, 69
          ],
          "summary": {
            "covered_lines": 14,
            "num_statements": 15,
            "percent_covered": 93.33333333333333,
            "percent_covered_display": "93.33",
            "missing_lines": 1,
            "excluded_lines": 0,
            "percent_statements_covered": 93.33333333333333,
            "percent_statements_covered_display": "93.33"
          },
          "missing_lines": [49],
          "excluded_lines": [],
          "start_line": 1
        }
      }
    },
    "src/tool_router/ai/selector.py": {
      "executed_lines": [
        3, 5, 6, 8, 10, 11, 14, 17, 24, 37, 38, 39, 40, 42, 58, 59, 60, 62, 63,
        64, 66, 67, 68, 70, 71, 73, 75, 76, 77, 78, 79, 80, 81, 82, 83, 85, 94,
        105, 106, 112, 114, 115, 117, 125, 135, 137, 138, 139, 140, 143, 144,
        145, 151, 152, 153, 155, 156, 157, 160, 161, 166, 167, 168, 169, 170,
        171, 172, 173, 175, 189, 203
      ],
      "summary": {
        "covered_lines": 71,
        "num_statements": 101,
        "percent_covered": 70.29702970297029,
        "percent_covered_display": "70.30",
        "missing_lines": 30,
        "excluded_lines": 0,
        "percent_statements_covered": 70.29702970297029,
        "percent_statements_covered_display": "70.30"
      },
      "missing_lines": [
        118, 119, 120, 122, 123, 146, 147, 148, 162, 163, 181, 182, 183, 184,
        185, 186, 187, 195, 197, 198, 199, 200, 201, 209, 210, 211, 216, 217,
        218, 219
      ],
      "excluded_lines": [],
      "functions": {
        "AIToolSelector.__init__": {
          "executed_lines": [37, 38, 39, 40],
          "summary": {
            "covered_lines": 4,
            "num_statements": 4,
            "percent_covered": 100.0,
            "percent_covered_display": "100.00",
            "missing_lines": 0,
            "excluded_lines": 0,
            "percent_statements_covered": 100.0,
            "percent_statements_covered_display": "100.00"
          },
          "missing_lines": [],
          "excluded_lines": [],
          "start_line": 24
        },
        "AIToolSelector.select_tool": {
          "executed_lines": [
            58, 59, 60, 62, 63, 64, 66, 67, 68, 70, 71, 73, 75, 76, 77, 78, 79,
            80, 81, 82, 83
          ],
          "summary": {
            "covered_lines": 21,
            "num_statements": 21,
            "percent_covered": 100.0,
            "percent_covered_display": "100.00",
            "missing_lines": 0,
            "excluded_lines": 0,
            "percent_statements_covered": 100.0,
            "percent_statements_covered_display": "100.00"
          },
          "missing_lines": [],
          "excluded_lines": [],
          "start_line": 42
        },
        "AIToolSelector._call_ollama": {
          "executed_lines": [94, 105, 106, 112, 114, 115, 117],
          "summary": {
            "covered_lines": 7,
            "num_statements": 12,
            "percent_covered": 58.333333333333336,
            "percent_covered_display": "58.33",
            "missing_lines": 5,
            "excluded_lines": 0,
            "percent_statements_covered": 58.333333333333336,
            "percent_statements_covered_display": "58.33"
          },
          "missing_lines": [118, 119, 120, 122, 123],
          "excluded_lines": [],
          "start_line": 85
        },
        "AIToolSelector._parse_response": {
          "executed_lines": [
            135, 137, 138, 139, 140, 143, 144, 145, 151, 152, 153, 155, 156,
            157, 160, 161, 166, 167, 168, 169, 170, 171, 172, 173, 175
          ],
          "summary": {
            "covered_lines": 25,
            "num_statements": 37,
            "percent_covered": 67.56756756756756,
            "percent_covered_display": "67.57",
            "missing_lines": 12,
            "excluded_lines": 0,
            "percent_statements_covered": 67.56756756756756,
            "percent_statements_covered_display": "67.57"
          },
          "missing_lines": [
            146, 147, 148, 162, 163, 181, 182, 183, 184, 185, 186, 187
          ],
          "excluded_lines": [],
          "start_line": 125
        },
        "AIToolSelector.is_available": {
          "executed_lines": [],
          "summary": {
            "covered_lines": 0,
            "num_statements": 6,
            "percent_covered": 0.0,
            "percent_covered_display": "0.00",
            "missing_lines": 6,
            "excluded_lines": 0,
            "percent_statements_covered": 0.0,
            "percent_statements_covered_display": "0.00"
          },
          "missing_lines": [195, 197, 198, 199, 200, 201],
          "excluded_lines": [],
          "start_line": 189
        },
        "AIToolSelector.pull_model": {
          "executed_lines": [],
          "summary": {
            "covered_lines": 0,
            "num_statements": 7,
            "percent_covered": 0.0,
            "percent_covered_display": "0.00",
            "missing_lines": 7,
            "excluded_lines": 0,
            "percent_statements_covered": 0.0,
            "percent_statements_covered_display": "0.00"
          },
          "missing_lines": [209, 210, 211, 216, 217, 218, 219],
          "excluded_lines": [],
          "start_line": 203
        },
        "": {
          "executed_lines": [
            3, 5, 6, 8, 10, 11, 14, 17, 24, 42, 85, 125, 189, 203
          ],
          "summary": {
            "covered_lines": 14,
            "num_statements": 14,
            "percent_covered": 100.0,
            "percent_covered_display": "100.00",
            "missing_lines": 0,
            "excluded_lines": 0,
            "percent_statements_covered": 100.0,
            "percent_statements_covered_display": "100.00"
          },
          "missing_lines": [],
          "excluded_lines": [],
          "start_line": 1
        }
      },
      "classes": {
        "AIToolSelector": {
          "executed_lines": [
            37, 38, 39, 40, 58, 59, 60, 62, 63, 64, 66, 67, 68, 70, 71, 73, 75,
            76, 77, 78, 79, 80, 81, 82, 83, 94, 105, 106, 112, 114, 115, 117,
            135, 137, 138, 139, 140, 143, 144, 145, 151, 152, 153, 155, 156,
            157, 160, 161, 166, 167, 168, 169, 170, 171, 172, 173, 175
          ],
          "summary": {
            "covered_lines": 57,
            "num_statements": 87,
            "percent_covered": 65.51724137931035,
            "percent_covered_display": "65.52",
            "missing_lines": 30,
            "excluded_lines": 0,
            "percent_statements_covered": 65.51724137931035,
            "percent_statements_covered_display": "65.52"
          },
          "missing_lines": [
            118, 119, 120, 122, 123, 146, 147, 148, 162, 163, 181, 182, 183,
            184, 185, 186, 187, 195, 197, 198, 199, 200, 201, 209, 210, 211,
            216, 217, 218, 219
          ],
          "excluded_lines": [],
          "start_line": 17
        },
        "": {
          "executed_lines": [
            3, 5, 6, 8, 10, 11, 14, 17, 24, 42, 85, 125, 189, 203
          ],
          "summary": {
            "covered_lines": 14,
            "num_statements": 14,
            "percent_covered": 100.0,
            "percent_covered_display": "100.00",
            "missing_lines": 0,
            "excluded_lines": 0,
            "percent_statements_covered": 100.0,
            "percent_statements_covered_display": "100.00"
          },
          "missing_lines": [],
          "excluded_lines": [],
          "start_line": 1
        }
      }
    },
    "src/tool_router/api/__init__.py": {
      "executed_lines": [],
      "summary": {
        "covered_lines": 0,
        "num_statements": 0,
        "percent_covered": 100.0,
        "percent_covered_display": "100.00",
        "missing_lines": 0,
        "excluded_lines": 0,
        "percent_statements_covered": 100.0,
        "percent_statements_covered_display": "100.00"
      },
      "missing_lines": [],
      "excluded_lines": [],
      "functions": {
        "": {
          "executed_lines": [],
          "summary": {
            "covered_lines": 0,
            "num_statements": 0,
            "percent_covered": 100.0,
            "percent_covered_display": "100.00",
            "missing_lines": 0,
            "excluded_lines": 0,
            "percent_statements_covered": 100.0,
            "percent_statements_covered_display": "100.00"
          },
          "missing_lines": [],
          "excluded_lines": [],
          "start_line": 1
        }
      },
      "classes": {
        "": {
          "executed_lines": [],
          "summary": {
            "covered_lines": 0,
            "num_statements": 0,
            "percent_covered": 100.0,
            "percent_covered_display": "100.00",
            "missing_lines": 0,
            "excluded_lines": 0,
            "percent_statements_covered": 100.0,
            "percent_statements_covered_display": "100.00"
          },
          "missing_lines": [],
          "excluded_lines": [],
          "start_line": 1
        }
      }
    },
    "src/tool_router/api/features.py": {
      "executed_lines": [
        10, 12, 14, 17, 20, 21, 27, 28, 29, 32, 33, 34, 35, 36, 37, 39, 40, 41,
        44, 45, 54, 55, 56, 58, 59, 61, 78, 79, 82, 83, 95, 96, 97, 98, 103,
        104, 110, 111, 113, 114, 117, 118, 125, 126, 137, 151, 152, 155, 156,
        162, 163, 164, 174, 175, 178, 179
      ],
      "summary": {
        "covered_lines": 56,
        "num_statements": 68,
        "percent_covered": 82.3529411764706,
        "percent_covered_display": "82.35",
        "missing_lines": 12,
        "excluded_lines": 0,
        "percent_statements_covered": 82.3529411764706,
        "percent_statements_covered_display": "82.35"
      },
      "missing_lines": [
        105, 119, 127, 185, 186, 187, 189, 190, 191, 193, 194, 195
      ],
      "excluded_lines": [],
      "functions": {
        "list_features": {
          "executed_lines": [27, 28, 29, 32, 33, 34, 35, 36, 37, 39, 40, 41],
          "summary": {
            "covered_lines": 12,
            "num_statements": 12,
            "percent_covered": 100.0,
            "percent_covered_display": "100.00",
            "missing_lines": 0,
            "excluded_lines": 0,
            "percent_statements_covered": 100.0,
            "percent_statements_covered_display": "100.00"
          },
          "missing_lines": [],
          "excluded_lines": [],
          "start_line": 21
        },
        "get_feature": {
          "executed_lines": [54, 55, 56, 58, 59, 61, 78, 79],
          "summary": {
            "covered_lines": 8,
            "num_statements": 8,
            "percent_covered": 100.0,
            "percent_covered_display": "100.00",
            "missing_lines": 0,
            "excluded_lines": 0,
            "percent_statements_covered": 100.0,
            "percent_statements_covered_display": "100.00"
          },
          "missing_lines": [],
          "excluded_lines": [],
          "start_line": 45
        },
        "update_feature": {
          "executed_lines": [
            95, 96, 97, 98, 103, 104, 110, 111, 113, 114, 117, 118, 125, 126,
            137, 151, 152
          ],
          "summary": {
            "covered_lines": 17,
            "num_statements": 20,
            "percent_covered": 85.0,
            "percent_covered_display": "85.00",
            "missing_lines": 3,
            "excluded_lines": 0,
            "percent_statements_covered": 85.0,
            "percent_statements_covered_display": "85.00"
          },
          "missing_lines": [105, 119, 127],
          "excluded_lines": [],
          "start_line": 83
        },
        "reload_features": {
          "executed_lines": [162, 163, 164, 174, 175],
          "summary": {
            "covered_lines": 5,
            "num_statements": 5,
            "percent_covered": 100.0,
            "percent_covered_display": "100.00",
            "missing_lines": 0,
            "excluded_lines": 0,
            "percent_statements_covered": 100.0,
            "percent_statements_covered_display": "100.00"
          },
          "missing_lines": [],
          "excluded_lines": [],
          "start_line": 156
        },
        "list_categories": {
          "executed_lines": [],
          "summary": {
            "covered_lines": 0,
            "num_statements": 9,
            "percent_covered": 0.0,
            "percent_covered_display": "0.00",
            "missing_lines": 9,
            "excluded_lines": 0,
            "percent_statements_covered": 0.0,
            "percent_statements_covered_display": "0.00"
          },
          "missing_lines": [185, 186, 187, 189, 190, 191, 193, 194, 195],
          "excluded_lines": [],
          "start_line": 179
        },
        "": {
          "executed_lines": [
            10, 12, 14, 17, 20, 21, 44, 45, 82, 83, 155, 156, 178, 179
          ],
          "summary": {
            "covered_lines": 14,
            "num_statements": 14,
            "percent_covered": 100.0,
            "percent_covered_display": "100.00",
            "missing_lines": 0,
            "excluded_lines": 0,
            "percent_statements_covered": 100.0,
            "percent_statements_covered_display": "100.00"
          },
          "missing_lines": [],
          "excluded_lines": [],
          "start_line": 1
        }
      },
      "classes": {
        "": {
          "executed_lines": [
            10, 12, 14, 17, 20, 21, 27, 28, 29, 32, 33, 34, 35, 36, 37, 39, 40,
            41, 44, 45, 54, 55, 56, 58, 59, 61, 78, 79, 82, 83, 95, 96, 97, 98,
            103, 104, 110, 111, 113, 114, 117, 118, 125, 126, 137, 151, 152,
            155, 156, 162, 163, 164, 174, 175, 178, 179
          ],
          "summary": {
            "covered_lines": 56,
            "num_statements": 68,
            "percent_covered": 82.3529411764706,
            "percent_covered_display": "82.35",
            "missing_lines": 12,
            "excluded_lines": 0,
            "percent_statements_covered": 82.3529411764706,
            "percent_statements_covered_display": "82.35"
          },
          "missing_lines": [
            105, 119, 127, 185, 186, 187, 189, 190, 191, 193, 194, 195
          ],
          "excluded_lines": [],
          "start_line": 1
        }
      }
    },
    "src/tool_router/api/health.py": {
      "executed_lines": [
        3, 5, 7, 8, 9, 12, 29, 32, 47, 48, 50, 56, 57, 59, 60, 61, 65, 66, 68
      ],
      "summary": {
        "covered_lines": 19,
        "num_statements": 20,
        "percent_covered": 95.0,
        "percent_covered_display": "95.00",
        "missing_lines": 1,
        "excluded_lines": 0,
        "percent_statements_covered": 95.0,
        "percent_statements_covered_display": "95.00"
      },
      "missing_lines": [30],
      "excluded_lines": [],
      "functions": {
        "get_ai_router_health": {
          "executed_lines": [
            29, 32, 47, 48, 50, 56, 57, 59, 60, 61, 65, 66, 68
          ],
          "summary": {
            "covered_lines": 13,
            "num_statements": 14,
            "percent_covered": 92.85714285714286,
            "percent_covered_display": "92.86",
            "missing_lines": 1,
            "excluded_lines": 0,
            "percent_statements_covered": 92.85714285714286,
            "percent_statements_covered_display": "92.86"
          },
          "missing_lines": [30],
          "excluded_lines": [],
          "start_line": 12
        },
        "": {
          "executed_lines": [3, 5, 7, 8, 9, 12],
          "summary": {
            "covered_lines": 6,
            "num_statements": 6,
            "percent_covered": 100.0,
            "percent_covered_display": "100.00",
            "missing_lines": 0,
            "excluded_lines": 0,
            "percent_statements_covered": 100.0,
            "percent_statements_covered_display": "100.00"
          },
          "missing_lines": [],
          "excluded_lines": [],
          "start_line": 1
        }
      },
      "classes": {
        "": {
          "executed_lines": [
            3, 5, 7, 8, 9, 12, 29, 32, 47, 48, 50, 56, 57, 59, 60, 61, 65, 66,
            68
          ],
          "summary": {
            "covered_lines": 19,
            "num_statements": 20,
            "percent_covered": 95.0,
            "percent_covered_display": "95.00",
            "missing_lines": 1,
            "excluded_lines": 0,
            "percent_statements_covered": 95.0,
            "percent_statements_covered_display": "95.00"
          },
          "missing_lines": [30],
          "excluded_lines": [],
          "start_line": 1
        }
      }
    },
    "src/tool_router/api/ide_config.py": {
      "executed_lines": [
        6, 8, 11, 41, 42, 43, 44, 45, 46, 47, 48, 49, 50, 51, 52, 53, 54, 55,
        57, 58, 61, 78, 79, 80, 82, 93, 99
      ],
      "summary": {
        "covered_lines": 27,
        "num_statements": 27,
        "percent_covered": 100.0,
        "percent_covered_display": "100.00",
        "missing_lines": 0,
        "excluded_lines": 0,
        "percent_statements_covered": 100.0,
        "percent_statements_covered_display": "100.00"
      },
      "missing_lines": [],
      "excluded_lines": [],
      "functions": {
        "generate_ide_config": {
          "executed_lines": [
            41, 42, 43, 44, 45, 46, 47, 48, 49, 50, 51, 52, 53, 54, 55, 57, 58
          ],
          "summary": {
            "covered_lines": 17,
            "num_statements": 17,
            "percent_covered": 100.0,
            "percent_covered_display": "100.00",
            "missing_lines": 0,
            "excluded_lines": 0,
            "percent_statements_covered": 100.0,
            "percent_statements_covered_display": "100.00"
          },
          "missing_lines": [],
          "excluded_lines": [],
          "start_line": 11
        },
        "_generate_mcp_config": {
          "executed_lines": [78, 79, 80, 82],
          "summary": {
            "covered_lines": 4,
            "num_statements": 4,
            "percent_covered": 100.0,
            "percent_covered_display": "100.00",
            "missing_lines": 0,
            "excluded_lines": 0,
            "percent_statements_covered": 100.0,
            "percent_statements_covered_display": "100.00"
          },
          "missing_lines": [],
          "excluded_lines": [],
          "start_line": 61
        },
        "get_ide_config_paths": {
          "executed_lines": [99],
          "summary": {
            "covered_lines": 1,
            "num_statements": 1,
            "percent_covered": 100.0,
            "percent_covered_display": "100.00",
            "missing_lines": 0,
            "excluded_lines": 0,
            "percent_statements_covered": 100.0,
            "percent_statements_covered_display": "100.00"
          },
          "missing_lines": [],
          "excluded_lines": [],
          "start_line": 93
        },
        "": {
          "executed_lines": [6, 8, 11, 61, 93],
          "summary": {
            "covered_lines": 5,
            "num_statements": 5,
            "percent_covered": 100.0,
            "percent_covered_display": "100.00",
            "missing_lines": 0,
            "excluded_lines": 0,
            "percent_statements_covered": 100.0,
            "percent_statements_covered_display": "100.00"
          },
          "missing_lines": [],
          "excluded_lines": [],
          "start_line": 1
        }
      },
      "classes": {
        "": {
          "executed_lines": [
            6, 8, 11, 41, 42, 43, 44, 45, 46, 47, 48, 49, 50, 51, 52, 53, 54,
            55, 57, 58, 61, 78, 79, 80, 82, 93, 99
          ],
          "summary": {
            "covered_lines": 27,
            "num_statements": 27,
            "percent_covered": 100.0,
            "percent_covered_display": "100.00",
            "missing_lines": 0,
            "excluded_lines": 0,
            "percent_statements_covered": 100.0,
            "percent_statements_covered_display": "100.00"
          },
          "missing_lines": [],
          "excluded_lines": [],
          "start_line": 1
        }
      }
    },
    "src/tool_router/api/lifecycle.py": {
      "executed_lines": [
        3, 5, 6, 7, 8, 9, 13, 14, 15, 17, 19, 20, 21, 22, 23, 29, 31, 63, 65,
        66, 67, 68, 71, 83, 84, 85, 87, 88, 89, 91, 92, 95, 96, 97, 98, 100,
        107, 113, 115, 116, 126, 127, 128, 130, 131, 132, 133, 134, 135, 136,
        138, 140, 150, 159, 161, 162, 166, 167, 168, 169, 170, 177, 183, 193,
        195, 202, 204, 210, 212, 215, 216, 219, 220, 223, 224, 225, 226, 227,
        228, 230, 231, 232, 235, 236, 238, 239, 245, 246, 247, 248, 249, 253,
        255, 256, 264, 273, 276, 285
      ],
      "summary": {
        "covered_lines": 98,
        "num_statements": 124,
        "percent_covered": 79.03225806451613,
        "percent_covered_display": "79.03",
        "missing_lines": 26,
        "excluded_lines": 0,
        "percent_statements_covered": 79.03225806451613,
        "percent_statements_covered_display": "79.03"
      },
      "missing_lines": [
        24, 25, 26, 27, 33, 35, 36, 38, 40, 41, 42, 43, 44, 45, 46, 47, 48, 50,
        52, 55, 57, 59, 196, 205, 217, 234
      ],
      "excluded_lines": [],
      "functions": {
        "lock_file": {
          "executed_lines": [19, 20, 21, 22, 23],
          "summary": {
            "covered_lines": 5,
            "num_statements": 9,
            "percent_covered": 55.55555555555556,
            "percent_covered_display": "55.56",
            "missing_lines": 4,
            "excluded_lines": 0,
            "percent_statements_covered": 55.55555555555556,
            "percent_statements_covered_display": "55.56"
          },
          "missing_lines": [24, 25, 26, 27],
          "excluded_lines": [],
          "start_line": 17
        },
        "unlock_file": {
          "executed_lines": [31],
          "summary": {
            "covered_lines": 1,
            "num_statements": 1,
            "percent_covered": 100.0,
            "percent_covered_display": "100.00",
            "missing_lines": 0,
            "excluded_lines": 0,
            "percent_statements_covered": 100.0,
            "percent_statements_covered_display": "100.00"
          },
          "missing_lines": [],
          "excluded_lines": [],
          "start_line": 29
        },
        "get_virtual_servers_file": {
          "executed_lines": [65, 66, 67, 68],
          "summary": {
            "covered_lines": 4,
            "num_statements": 4,
            "percent_covered": 100.0,
            "percent_covered_display": "100.00",
            "missing_lines": 0,
            "excluded_lines": 0,
            "percent_statements_covered": 100.0,
            "percent_statements_covered_display": "100.00"
          },
          "missing_lines": [],
          "excluded_lines": [],
          "start_line": 63
        },
        "parse_server_line": {
          "executed_lines": [
            83, 84, 85, 87, 88, 89, 91, 92, 95, 96, 97, 98, 100
          ],
          "summary": {
            "covered_lines": 13,
            "num_statements": 13,
            "percent_covered": 100.0,
            "percent_covered_display": "100.00",
            "missing_lines": 0,
            "excluded_lines": 0,
            "percent_statements_covered": 100.0,
            "percent_statements_covered_display": "100.00"
          },
          "missing_lines": [],
          "excluded_lines": [],
          "start_line": 71
        },
        "list_virtual_servers": {
          "executed_lines": [
            113, 115, 116, 126, 127, 128, 130, 131, 132, 133, 134, 135, 136,
            138, 140
          ],
          "summary": {
            "covered_lines": 15,
            "num_statements": 15,
            "percent_covered": 100.0,
            "percent_covered_display": "100.00",
            "missing_lines": 0,
            "excluded_lines": 0,
            "percent_statements_covered": 100.0,
            "percent_statements_covered_display": "100.00"
          },
          "missing_lines": [],
          "excluded_lines": [],
          "start_line": 107
        },
        "get_server_status": {
          "executed_lines": [159, 161, 162, 166, 167, 168, 169, 170, 177],
          "summary": {
            "covered_lines": 9,
            "num_statements": 9,
            "percent_covered": 100.0,
            "percent_covered_display": "100.00",
            "missing_lines": 0,
            "excluded_lines": 0,
            "percent_statements_covered": 100.0,
            "percent_statements_covered_display": "100.00"
          },
          "missing_lines": [],
          "excluded_lines": [],
          "start_line": 150
        },
        "update_server_status": {
          "executed_lines": [
            193, 195, 202, 204, 210, 212, 215, 216, 219, 220, 223, 224, 225,
            226, 227, 228, 230, 231, 232, 235, 236, 238, 239, 245, 246, 247,
            248, 249, 253, 255, 256
          ],
          "summary": {
            "covered_lines": 31,
            "num_statements": 35,
            "percent_covered": 88.57142857142857,
            "percent_covered_display": "88.57",
            "missing_lines": 4,
            "excluded_lines": 0,
            "percent_statements_covered": 88.57142857142857,
            "percent_statements_covered_display": "88.57"
          },
          "missing_lines": [196, 205, 217, 234],
          "excluded_lines": [],
          "start_line": 183
        },
        "enable_server": {
          "executed_lines": [273],
          "summary": {
            "covered_lines": 1,
            "num_statements": 1,
            "percent_covered": 100.0,
            "percent_covered_display": "100.00",
            "missing_lines": 0,
            "excluded_lines": 0,
            "percent_statements_covered": 100.0,
            "percent_statements_covered_display": "100.00"
          },
          "missing_lines": [],
          "excluded_lines": [],
          "start_line": 264
        },
        "disable_server": {
          "executed_lines": [285],
          "summary": {
            "covered_lines": 1,
            "num_statements": 1,
            "percent_covered": 100.0,
            "percent_covered_display": "100.00",
            "missing_lines": 0,
            "excluded_lines": 0,
            "percent_statements_covered": 100.0,
            "percent_statements_covered_display": "100.00"
          },
          "missing_lines": [],
          "excluded_lines": [],
          "start_line": 276
        },
        "": {
          "executed_lines": [
            3, 5, 6, 7, 8, 9, 13, 14, 15, 17, 29, 63, 71, 107, 150, 183, 264,
            276
          ],
          "summary": {
            "covered_lines": 18,
            "num_statements": 36,
            "percent_covered": 50.0,
            "percent_covered_display": "50.00",
            "missing_lines": 18,
            "excluded_lines": 0,
            "percent_statements_covered": 50.0,
            "percent_statements_covered_display": "50.00"
          },
          "missing_lines": [
            33, 35, 36, 38, 40, 41, 42, 43, 44, 45, 46, 47, 48, 50, 52, 55, 57,
            59
          ],
          "excluded_lines": [],
          "start_line": 1
        }
      },
      "classes": {
        "": {
          "executed_lines": [
            3, 5, 6, 7, 8, 9, 13, 14, 15, 17, 19, 20, 21, 22, 23, 29, 31, 63,
            65, 66, 67, 68, 71, 83, 84, 85, 87, 88, 89, 91, 92, 95, 96, 97, 98,
            100, 107, 113, 115, 116, 126, 127, 128, 130, 131, 132, 133, 134,
            135, 136, 138, 140, 150, 159, 161, 162, 166, 167, 168, 169, 170,
            177, 183, 193, 195, 202, 204, 210, 212, 215, 216, 219, 220, 223,
            224, 225, 226, 227, 228, 230, 231, 232, 235, 236, 238, 239, 245,
            246, 247, 248, 249, 253, 255, 256, 264, 273, 276, 285
          ],
          "summary": {
            "covered_lines": 98,
            "num_statements": 124,
            "percent_covered": 79.03225806451613,
            "percent_covered_display": "79.03",
            "missing_lines": 26,
            "excluded_lines": 0,
            "percent_statements_covered": 79.03225806451613,
            "percent_statements_covered_display": "79.03"
          },
          "missing_lines": [
            24, 25, 26, 27, 33, 35, 36, 38, 40, 41, 42, 43, 44, 45, 46, 47, 48,
            50, 52, 55, 57, 59, 196, 205, 217, 234
          ],
          "excluded_lines": [],
          "start_line": 1
        }
      }
    },
    "src/tool_router/api/metrics.py": {
      "executed_lines": [3, 5, 7, 10, 21, 24, 47, 51, 52, 57, 62],
      "summary": {
        "covered_lines": 11,
        "num_statements": 11,
        "percent_covered": 100.0,
        "percent_covered_display": "100.00",
        "missing_lines": 0,
        "excluded_lines": 0,
        "percent_statements_covered": 100.0,
        "percent_statements_covered_display": "100.00"
      },
      "missing_lines": [],
      "excluded_lines": [],
      "functions": {
        "get_ai_router_metrics": {
          "executed_lines": [21, 24, 47, 51, 52, 57, 62],
          "summary": {
            "covered_lines": 7,
            "num_statements": 7,
            "percent_covered": 100.0,
            "percent_covered_display": "100.00",
            "missing_lines": 0,
            "excluded_lines": 0,
            "percent_statements_covered": 100.0,
            "percent_statements_covered_display": "100.00"
          },
          "missing_lines": [],
          "excluded_lines": [],
          "start_line": 10
        },
        "": {
          "executed_lines": [3, 5, 7, 10],
          "summary": {
            "covered_lines": 4,
            "num_statements": 4,
            "percent_covered": 100.0,
            "percent_covered_display": "100.00",
            "missing_lines": 0,
            "excluded_lines": 0,
            "percent_statements_covered": 100.0,
            "percent_statements_covered_display": "100.00"
          },
          "missing_lines": [],
          "excluded_lines": [],
          "start_line": 1
        }
      },
      "classes": {
        "": {
          "executed_lines": [3, 5, 7, 10, 21, 24, 47, 51, 52, 57, 62],
          "summary": {
            "covered_lines": 11,
            "num_statements": 11,
            "percent_covered": 100.0,
            "percent_covered_display": "100.00",
            "missing_lines": 0,
            "excluded_lines": 0,
            "percent_statements_covered": 100.0,
            "percent_statements_covered_display": "100.00"
          },
          "missing_lines": [],
          "excluded_lines": [],
          "start_line": 1
        }
      }
    },
    "src/tool_router/api/rest.py": {
      "executed_lines": [
        6, 7, 9, 11, 19, 25, 26, 27, 28, 29, 32, 41, 42, 43, 44, 45, 46, 47, 50,
        60, 61, 62, 64, 65, 66, 68, 70, 71, 72, 73, 74, 78, 92, 94, 96, 97, 101,
        102, 106, 107, 114, 127, 128, 131, 133, 134, 138, 139, 143, 144, 150
      ],
      "summary": {
        "covered_lines": 51,
        "num_statements": 75,
        "percent_covered": 68.0,
        "percent_covered_display": "68.00",
        "missing_lines": 24,
        "excluded_lines": 7,
        "percent_statements_covered": 68.0,
        "percent_statements_covered_display": "68.00"
      },
      "missing_lines": [
        98, 99, 103, 104, 108, 109, 110, 135, 136, 140, 141, 145, 146, 162, 163,
        164, 165, 166, 167, 169, 172, 173, 174, 176
      ],
      "excluded_lines": [179, 181, 183, 185, 186, 187, 188],
      "functions": {
        "handle_list_servers": {
          "executed_lines": [25, 26, 27, 28, 29],
          "summary": {
            "covered_lines": 5,
            "num_statements": 5,
            "percent_covered": 100.0,
            "percent_covered_display": "100.00",
            "missing_lines": 0,
            "excluded_lines": 0,
            "percent_statements_covered": 100.0,
            "percent_statements_covered_display": "100.00"
          },
          "missing_lines": [],
          "excluded_lines": [],
          "start_line": 19
        },
        "handle_get_server": {
          "executed_lines": [41, 42, 43, 44, 45, 46, 47],
          "summary": {
            "covered_lines": 7,
            "num_statements": 7,
            "percent_covered": 100.0,
            "percent_covered_display": "100.00",
            "missing_lines": 0,
            "excluded_lines": 0,
            "percent_statements_covered": 100.0,
            "percent_statements_covered_display": "100.00"
          },
          "missing_lines": [],
          "excluded_lines": [],
          "start_line": 32
        },
        "handle_update_server": {
          "executed_lines": [60, 61, 62, 64, 65, 66, 68, 70, 71, 72, 73, 74],
          "summary": {
            "covered_lines": 12,
            "num_statements": 12,
            "percent_covered": 100.0,
            "percent_covered_display": "100.00",
            "missing_lines": 0,
            "excluded_lines": 0,
            "percent_statements_covered": 100.0,
            "percent_statements_covered_display": "100.00"
          },
          "missing_lines": [],
          "excluded_lines": [],
          "start_line": 50
        },
        "register_flask_routes": {
          "executed_lines": [92, 94, 96, 97, 101, 102, 106, 107],
          "summary": {
            "covered_lines": 8,
            "num_statements": 8,
            "percent_covered": 100.0,
            "percent_covered_display": "100.00",
            "missing_lines": 0,
            "excluded_lines": 0,
            "percent_statements_covered": 100.0,
            "percent_statements_covered_display": "100.00"
          },
          "missing_lines": [],
          "excluded_lines": [],
          "start_line": 78
        },
        "register_flask_routes.list_servers_endpoint": {
          "executed_lines": [],
          "summary": {
            "covered_lines": 0,
            "num_statements": 2,
            "percent_covered": 0.0,
            "percent_covered_display": "0.00",
            "missing_lines": 2,
            "excluded_lines": 0,
            "percent_statements_covered": 0.0,
            "percent_statements_covered_display": "0.00"
          },
          "missing_lines": [98, 99],
          "excluded_lines": [],
          "start_line": 97
        },
        "register_flask_routes.get_server_endpoint": {
          "executed_lines": [],
          "summary": {
            "covered_lines": 0,
            "num_statements": 2,
            "percent_covered": 0.0,
            "percent_covered_display": "0.00",
            "missing_lines": 2,
            "excluded_lines": 0,
            "percent_statements_covered": 0.0,
            "percent_statements_covered_display": "0.00"
          },
          "missing_lines": [103, 104],
          "excluded_lines": [],
          "start_line": 102
        },
        "register_flask_routes.update_server_endpoint": {
          "executed_lines": [],
          "summary": {
            "covered_lines": 0,
            "num_statements": 3,
            "percent_covered": 0.0,
            "percent_covered_display": "0.00",
            "missing_lines": 3,
            "excluded_lines": 0,
            "percent_statements_covered": 0.0,
            "percent_statements_covered_display": "0.00"
          },
          "missing_lines": [108, 109, 110],
          "excluded_lines": [],
          "start_line": 107
        },
        "register_fastapi_routes": {
          "executed_lines": [127, 128, 131, 133, 134, 138, 139, 143, 144],
          "summary": {
            "covered_lines": 9,
            "num_statements": 9,
            "percent_covered": 100.0,
            "percent_covered_display": "100.00",
            "missing_lines": 0,
            "excluded_lines": 0,
            "percent_statements_covered": 100.0,
            "percent_statements_covered_display": "100.00"
          },
          "missing_lines": [],
          "excluded_lines": [],
          "start_line": 114
        },
        "register_fastapi_routes.list_servers_endpoint": {
          "executed_lines": [],
          "summary": {
            "covered_lines": 0,
            "num_statements": 2,
            "percent_covered": 0.0,
            "percent_covered_display": "0.00",
            "missing_lines": 2,
            "excluded_lines": 0,
            "percent_statements_covered": 0.0,
            "percent_statements_covered_display": "0.00"
          },
          "missing_lines": [135, 136],
          "excluded_lines": [],
          "start_line": 134
        },
        "register_fastapi_routes.get_server_endpoint": {
          "executed_lines": [],
          "summary": {
            "covered_lines": 0,
            "num_statements": 2,
            "percent_covered": 0.0,
            "percent_covered_display": "0.00",
            "missing_lines": 2,
            "excluded_lines": 0,
            "percent_statements_covered": 0.0,
            "percent_statements_covered_display": "0.00"
          },
          "missing_lines": [140, 141],
          "excluded_lines": [],
          "start_line": 139
        },
        "register_fastapi_routes.update_server_endpoint": {
          "executed_lines": [],
          "summary": {
            "covered_lines": 0,
            "num_statements": 2,
            "percent_covered": 0.0,
            "percent_covered_display": "0.00",
            "missing_lines": 2,
            "excluded_lines": 0,
            "percent_statements_covered": 0.0,
            "percent_statements_covered_display": "0.00"
          },
          "missing_lines": [145, 146],
          "excluded_lines": [],
          "start_line": 144
        },
        "create_wsgi_app": {
          "executed_lines": [],
          "summary": {
            "covered_lines": 0,
            "num_statements": 11,
            "percent_covered": 0.0,
            "percent_covered_display": "0.00",
            "missing_lines": 11,
            "excluded_lines": 0,
            "percent_statements_covered": 0.0,
            "percent_statements_covered_display": "0.00"
          },
          "missing_lines": [
            162, 163, 164, 165, 166, 167, 169, 172, 173, 174, 176
          ],
          "excluded_lines": [],
          "start_line": 150
        },
        "": {
          "executed_lines": [6, 7, 9, 11, 19, 32, 50, 78, 114, 150],
          "summary": {
            "covered_lines": 10,
            "num_statements": 10,
            "percent_covered": 100.0,
            "percent_covered_display": "100.00",
            "missing_lines": 0,
            "excluded_lines": 7,
            "percent_statements_covered": 100.0,
            "percent_statements_covered_display": "100.00"
          },
          "missing_lines": [],
          "excluded_lines": [179, 181, 183, 185, 186, 187, 188],
          "start_line": 1
        }
      },
      "classes": {
        "": {
          "executed_lines": [
            6, 7, 9, 11, 19, 25, 26, 27, 28, 29, 32, 41, 42, 43, 44, 45, 46, 47,
            50, 60, 61, 62, 64, 65, 66, 68, 70, 71, 72, 73, 74, 78, 92, 94, 96,
            97, 101, 102, 106, 107, 114, 127, 128, 131, 133, 134, 138, 139, 143,
            144, 150
          ],
          "summary": {
            "covered_lines": 51,
            "num_statements": 75,
            "percent_covered": 68.0,
            "percent_covered_display": "68.00",
            "missing_lines": 24,
            "excluded_lines": 7,
            "percent_statements_covered": 68.0,
            "percent_statements_covered_display": "68.00"
          },
          "missing_lines": [
            98, 99, 103, 104, 108, 109, 110, 135, 136, 140, 141, 145, 146, 162,
            163, 164, 165, 166, 167, 169, 172, 173, 174, 176
          ],
          "excluded_lines": [179, 181, 183, 185, 186, 187, 188],
          "start_line": 1
        }
      }
    },
    "src/tool_router/args/__init__.py": {
      "executed_lines": [3, 6],
      "summary": {
        "covered_lines": 2,
        "num_statements": 2,
        "percent_covered": 100.0,
        "percent_covered_display": "100.00",
        "missing_lines": 0,
        "excluded_lines": 0,
        "percent_statements_covered": 100.0,
        "percent_statements_covered_display": "100.00"
      },
      "missing_lines": [],
      "excluded_lines": [],
      "functions": {
        "": {
          "executed_lines": [3, 6],
          "summary": {
            "covered_lines": 2,
            "num_statements": 2,
            "percent_covered": 100.0,
            "percent_covered_display": "100.00",
            "missing_lines": 0,
            "excluded_lines": 0,
            "percent_statements_covered": 100.0,
            "percent_statements_covered_display": "100.00"
          },
          "missing_lines": [],
          "excluded_lines": [],
          "start_line": 1
        }
      },
      "classes": {
        "": {
          "executed_lines": [3, 6],
          "summary": {
            "covered_lines": 2,
            "num_statements": 2,
            "percent_covered": 100.0,
            "percent_covered_display": "100.00",
            "missing_lines": 0,
            "excluded_lines": 0,
            "percent_statements_covered": 100.0,
            "percent_statements_covered_display": "100.00"
          },
          "missing_lines": [],
          "excluded_lines": [],
          "start_line": 1
        }
      }
    },
    "src/tool_router/args/builder.py": {
      "executed_lines": [
        1, 3, 7, 21, 34, 35, 36, 37, 40, 41, 42, 43, 46, 47, 48, 49, 52, 53, 54,
        57, 58
      ],
      "summary": {
        "covered_lines": 21,
        "num_statements": 21,
        "percent_covered": 100.0,
        "percent_covered_display": "100.00",
        "missing_lines": 0,
        "excluded_lines": 0,
        "percent_statements_covered": 100.0,
        "percent_statements_covered_display": "100.00"
      },
      "missing_lines": [],
      "excluded_lines": [],
      "functions": {
        "build_arguments": {
          "executed_lines": [
            34, 35, 36, 37, 40, 41, 42, 43, 46, 47, 48, 49, 52, 53, 54, 57, 58
          ],
          "summary": {
            "covered_lines": 17,
            "num_statements": 17,
            "percent_covered": 100.0,
            "percent_covered_display": "100.00",
            "missing_lines": 0,
            "excluded_lines": 0,
            "percent_statements_covered": 100.0,
            "percent_statements_covered_display": "100.00"
          },
          "missing_lines": [],
          "excluded_lines": [],
          "start_line": 21
        },
        "": {
          "executed_lines": [1, 3, 7, 21],
          "summary": {
            "covered_lines": 4,
            "num_statements": 4,
            "percent_covered": 100.0,
            "percent_covered_display": "100.00",
            "missing_lines": 0,
            "excluded_lines": 0,
            "percent_statements_covered": 100.0,
            "percent_statements_covered_display": "100.00"
          },
          "missing_lines": [],
          "excluded_lines": [],
          "start_line": 1
        }
      },
      "classes": {
        "": {
          "executed_lines": [
            1, 3, 7, 21, 34, 35, 36, 37, 40, 41, 42, 43, 46, 47, 48, 49, 52, 53,
            54, 57, 58
          ],
          "summary": {
            "covered_lines": 21,
            "num_statements": 21,
            "percent_covered": 100.0,
            "percent_covered_display": "100.00",
            "missing_lines": 0,
            "excluded_lines": 0,
            "percent_statements_covered": 100.0,
            "percent_statements_covered_display": "100.00"
          },
          "missing_lines": [],
          "excluded_lines": [],
          "start_line": 1
        }
      }
    },
    "src/tool_router/core/__init__.py": {
      "executed_lines": [3],
      "summary": {
        "covered_lines": 1,
        "num_statements": 1,
        "percent_covered": 100.0,
        "percent_covered_display": "100.00",
        "missing_lines": 0,
        "excluded_lines": 0,
        "percent_statements_covered": 100.0,
        "percent_statements_covered_display": "100.00"
      },
      "missing_lines": [],
      "excluded_lines": [],
      "functions": {
        "": {
          "executed_lines": [3],
          "summary": {
            "covered_lines": 1,
            "num_statements": 1,
            "percent_covered": 100.0,
            "percent_covered_display": "100.00",
            "missing_lines": 0,
            "excluded_lines": 0,
            "percent_statements_covered": 100.0,
            "percent_statements_covered_display": "100.00"
          },
          "missing_lines": [],
          "excluded_lines": [],
          "start_line": 1
        }
      },
      "classes": {
        "": {
          "executed_lines": [3],
          "summary": {
            "covered_lines": 1,
            "num_statements": 1,
            "percent_covered": 100.0,
            "percent_covered_display": "100.00",
            "missing_lines": 0,
            "excluded_lines": 0,
            "percent_statements_covered": 100.0,
            "percent_statements_covered_display": "100.00"
          },
          "missing_lines": [],
          "excluded_lines": [],
          "start_line": 1
        }
      }
    },
    "src/tool_router/core/config.py": {
      "executed_lines": [
        3, 5, 6, 9, 10, 13, 14, 15, 16, 17, 19, 20, 26, 27, 28, 29, 30, 33, 34,
        35, 36, 37, 39, 40, 41, 42, 43, 45, 46, 47, 48, 49, 51, 60, 61, 64, 65,
        66, 67, 68, 69, 70, 72, 73, 82, 83, 84, 85, 87, 88, 89, 90, 91, 94, 95,
        96, 97, 98, 100, 101, 102, 105, 106, 107, 108, 109, 111, 112, 113, 115,
        126, 127, 130, 131, 132, 133, 135, 136, 142, 143, 144, 145, 146, 148,
        149, 150, 151, 152, 154
      ],
      "summary": {
        "covered_lines": 89,
        "num_statements": 89,
        "percent_covered": 100.0,
        "percent_covered_display": "100.00",
        "missing_lines": 0,
        "excluded_lines": 0,
        "percent_statements_covered": 100.0,
        "percent_statements_covered_display": "100.00"
      },
      "missing_lines": [],
      "excluded_lines": [],
      "functions": {
        "GatewayConfig.load_from_environment": {
          "executed_lines": [
            26, 27, 28, 29, 30, 33, 34, 35, 36, 37, 39, 40, 41, 42, 43, 45, 46,
            47, 48, 49, 51
          ],
          "summary": {
            "covered_lines": 21,
            "num_statements": 21,
            "percent_covered": 100.0,
            "percent_covered_display": "100.00",
            "missing_lines": 0,
            "excluded_lines": 0,
            "percent_statements_covered": 100.0,
            "percent_statements_covered_display": "100.00"
          },
          "missing_lines": [],
          "excluded_lines": [],
          "start_line": 20
        },
        "AIRouterConfig.load_from_environment": {
          "executed_lines": [
            82, 83, 84, 85, 87, 88, 89, 90, 91, 94, 95, 96, 97, 98, 100, 101,
            102, 105, 106, 107, 108, 109, 111, 112, 113, 115
          ],
          "summary": {
            "covered_lines": 26,
            "num_statements": 26,
            "percent_covered": 100.0,
            "percent_covered_display": "100.00",
            "missing_lines": 0,
            "excluded_lines": 0,
            "percent_statements_covered": 100.0,
            "percent_statements_covered_display": "100.00"
          },
          "missing_lines": [],
          "excluded_lines": [],
          "start_line": 73
        },
        "ToolRouterConfig.load_from_environment": {
          "executed_lines": [
            142, 143, 144, 145, 146, 148, 149, 150, 151, 152, 154
          ],
          "summary": {
            "covered_lines": 11,
            "num_statements": 11,
            "percent_covered": 100.0,
            "percent_covered_display": "100.00",
            "missing_lines": 0,
            "excluded_lines": 0,
            "percent_statements_covered": 100.0,
            "percent_statements_covered_display": "100.00"
          },
          "missing_lines": [],
          "excluded_lines": [],
          "start_line": 136
        },
        "": {
          "executed_lines": [
            3, 5, 6, 9, 10, 13, 14, 15, 16, 17, 19, 20, 60, 61, 64, 65, 66, 67,
            68, 69, 70, 72, 73, 126, 127, 130, 131, 132, 133, 135, 136
          ],
          "summary": {
            "covered_lines": 31,
            "num_statements": 31,
            "percent_covered": 100.0,
            "percent_covered_display": "100.00",
            "missing_lines": 0,
            "excluded_lines": 0,
            "percent_statements_covered": 100.0,
            "percent_statements_covered_display": "100.00"
          },
          "missing_lines": [],
          "excluded_lines": [],
          "start_line": 1
        }
      },
      "classes": {
        "GatewayConfig": {
          "executed_lines": [
            26, 27, 28, 29, 30, 33, 34, 35, 36, 37, 39, 40, 41, 42, 43, 45, 46,
            47, 48, 49, 51
          ],
          "summary": {
            "covered_lines": 21,
            "num_statements": 21,
            "percent_covered": 100.0,
            "percent_covered_display": "100.00",
            "missing_lines": 0,
            "excluded_lines": 0,
            "percent_statements_covered": 100.0,
            "percent_statements_covered_display": "100.00"
          },
          "missing_lines": [],
          "excluded_lines": [],
          "start_line": 10
        },
        "AIRouterConfig": {
          "executed_lines": [
            82, 83, 84, 85, 87, 88, 89, 90, 91, 94, 95, 96, 97, 98, 100, 101,
            102, 105, 106, 107, 108, 109, 111, 112, 113, 115
          ],
          "summary": {
            "covered_lines": 26,
            "num_statements": 26,
            "percent_covered": 100.0,
            "percent_covered_display": "100.00",
            "missing_lines": 0,
            "excluded_lines": 0,
            "percent_statements_covered": 100.0,
            "percent_statements_covered_display": "100.00"
          },
          "missing_lines": [],
          "excluded_lines": [],
          "start_line": 61
        },
        "ToolRouterConfig": {
          "executed_lines": [
            142, 143, 144, 145, 146, 148, 149, 150, 151, 152, 154
          ],
          "summary": {
            "covered_lines": 11,
            "num_statements": 11,
            "percent_covered": 100.0,
            "percent_covered_display": "100.00",
            "missing_lines": 0,
            "excluded_lines": 0,
            "percent_statements_covered": 100.0,
            "percent_statements_covered_display": "100.00"
          },
          "missing_lines": [],
          "excluded_lines": [],
          "start_line": 127
        },
        "": {
          "executed_lines": [
            3, 5, 6, 9, 10, 13, 14, 15, 16, 17, 19, 20, 60, 61, 64, 65, 66, 67,
            68, 69, 70, 72, 73, 126, 127, 130, 131, 132, 133, 135, 136
          ],
          "summary": {
            "covered_lines": 31,
            "num_statements": 31,
            "percent_covered": 100.0,
            "percent_covered_display": "100.00",
            "missing_lines": 0,
            "excluded_lines": 0,
            "percent_statements_covered": 100.0,
            "percent_statements_covered_display": "100.00"
          },
          "missing_lines": [],
          "excluded_lines": [],
          "start_line": 1
        }
      }
    },
    "src/tool_router/core/features.py": {
      "executed_lines": [
        13, 14, 15, 16, 18, 21, 22, 29, 30, 31, 34, 35, 38, 39, 45, 46, 51, 52,
        53, 54, 56, 58, 60, 62, 63, 64, 66, 67, 69, 70, 79, 81, 83, 85, 87, 88,
        89, 90, 93, 94, 95, 96, 98, 107, 108, 110, 119, 121, 127, 129, 138, 144,
        154, 155, 156, 158, 159, 161, 167, 169, 172, 177, 178, 186, 189, 192,
        193, 195, 196, 197, 199, 205, 219, 222, 229, 231, 234, 243, 246, 253,
        254
      ],
      "summary": {
        "covered_lines": 81,
        "num_statements": 83,
        "percent_covered": 97.59036144578313,
        "percent_covered_display": "97.59",
        "missing_lines": 2,
        "excluded_lines": 0,
        "percent_statements_covered": 97.59036144578313,
        "percent_statements_covered_display": "97.59"
      },
      "missing_lines": [187, 230],
      "excluded_lines": [],
      "functions": {
        "FeatureFlags.load": {
          "executed_lines": [51, 52, 53, 54],
          "summary": {
            "covered_lines": 4,
            "num_statements": 4,
            "percent_covered": 100.0,
            "percent_covered_display": "100.00",
            "missing_lines": 0,
            "excluded_lines": 0,
            "percent_statements_covered": 100.0,
            "percent_statements_covered_display": "100.00"
          },
          "missing_lines": [],
          "excluded_lines": [],
          "start_line": 46
        },
        "FeatureFlags._load_from_yaml": {
          "executed_lines": [58, 60, 62, 63, 64, 66, 67, 69, 70, 79, 81],
          "summary": {
            "covered_lines": 11,
            "num_statements": 11,
            "percent_covered": 100.0,
            "percent_covered_display": "100.00",
            "missing_lines": 0,
            "excluded_lines": 0,
            "percent_statements_covered": 100.0,
            "percent_statements_covered_display": "100.00"
          },
          "missing_lines": [],
          "excluded_lines": [],
          "start_line": 56
        },
        "FeatureFlags._load_from_environment": {
          "executed_lines": [85, 87, 88, 89, 90, 93, 94, 95, 96],
          "summary": {
            "covered_lines": 9,
            "num_statements": 9,
            "percent_covered": 100.0,
            "percent_covered_display": "100.00",
            "missing_lines": 0,
            "excluded_lines": 0,
            "percent_statements_covered": 100.0,
            "percent_statements_covered_display": "100.00"
          },
          "missing_lines": [],
          "excluded_lines": [],
          "start_line": 83
        },
        "FeatureFlags.is_enabled": {
          "executed_lines": [107, 108],
          "summary": {
            "covered_lines": 2,
            "num_statements": 2,
            "percent_covered": 100.0,
            "percent_covered_display": "100.00",
            "missing_lines": 0,
            "excluded_lines": 0,
            "percent_statements_covered": 100.0,
            "percent_statements_covered_display": "100.00"
          },
          "missing_lines": [],
          "excluded_lines": [],
          "start_line": 98
        },
        "FeatureFlags.get_feature": {
          "executed_lines": [119],
          "summary": {
            "covered_lines": 1,
            "num_statements": 1,
            "percent_covered": 100.0,
            "percent_covered_display": "100.00",
            "missing_lines": 0,
            "excluded_lines": 0,
            "percent_statements_covered": 100.0,
            "percent_statements_covered_display": "100.00"
          },
          "missing_lines": [],
          "excluded_lines": [],
          "start_line": 110
        },
        "FeatureFlags.get_all_features": {
          "executed_lines": [127],
          "summary": {
            "covered_lines": 1,
            "num_statements": 1,
            "percent_covered": 100.0,
            "percent_covered_display": "100.00",
            "missing_lines": 0,
            "excluded_lines": 0,
            "percent_statements_covered": 100.0,
            "percent_statements_covered_display": "100.00"
          },
          "missing_lines": [],
          "excluded_lines": [],
          "start_line": 121
        },
        "FeatureFlags.get_features_by_category": {
          "executed_lines": [138],
          "summary": {
            "covered_lines": 1,
            "num_statements": 1,
            "percent_covered": 100.0,
            "percent_covered_display": "100.00",
            "missing_lines": 0,
            "excluded_lines": 0,
            "percent_statements_covered": 100.0,
            "percent_statements_covered_display": "100.00"
          },
          "missing_lines": [],
          "excluded_lines": [],
          "start_line": 129
        },
        "FeatureFlags.update_feature": {
          "executed_lines": [154, 155, 156, 158, 159],
          "summary": {
            "covered_lines": 5,
            "num_statements": 5,
            "percent_covered": 100.0,
            "percent_covered_display": "100.00",
            "missing_lines": 0,
            "excluded_lines": 0,
            "percent_statements_covered": 100.0,
            "percent_statements_covered_display": "100.00"
          },
          "missing_lines": [],
          "excluded_lines": [],
          "start_line": 144
        },
        "FeatureFlags.save_to_yaml": {
          "executed_lines": [
            167, 169, 172, 177, 178, 186, 189, 192, 193, 195, 196, 197
          ],
          "summary": {
            "covered_lines": 12,
            "num_statements": 13,
            "percent_covered": 92.3076923076923,
            "percent_covered_display": "92.31",
            "missing_lines": 1,
            "excluded_lines": 0,
            "percent_statements_covered": 92.3076923076923,
            "percent_statements_covered_display": "92.31"
          },
          "missing_lines": [187],
          "excluded_lines": [],
          "start_line": 161
        },
        "FeatureFlags.to_dict": {
          "executed_lines": [205],
          "summary": {
            "covered_lines": 1,
            "num_statements": 1,
            "percent_covered": 100.0,
            "percent_covered_display": "100.00",
            "missing_lines": 0,
            "excluded_lines": 0,
            "percent_statements_covered": 100.0,
            "percent_statements_covered_display": "100.00"
          },
          "missing_lines": [],
          "excluded_lines": [],
          "start_line": 199
        },
        "get_feature_flags": {
          "executed_lines": [229, 231],
          "summary": {
            "covered_lines": 2,
            "num_statements": 3,
            "percent_covered": 66.66666666666667,
            "percent_covered_display": "66.67",
            "missing_lines": 1,
            "excluded_lines": 0,
            "percent_statements_covered": 66.66666666666667,
            "percent_statements_covered_display": "66.67"
          },
          "missing_lines": [230],
          "excluded_lines": [],
          "start_line": 222
        },
        "is_feature_enabled": {
          "executed_lines": [243],
          "summary": {
            "covered_lines": 1,
            "num_statements": 1,
            "percent_covered": 100.0,
            "percent_covered_display": "100.00",
            "missing_lines": 0,
            "excluded_lines": 0,
            "percent_statements_covered": 100.0,
            "percent_statements_covered_display": "100.00"
          },
          "missing_lines": [],
          "excluded_lines": [],
          "start_line": 234
        },
        "reload_feature_flags": {
          "executed_lines": [253, 254],
          "summary": {
            "covered_lines": 2,
            "num_statements": 2,
            "percent_covered": 100.0,
            "percent_covered_display": "100.00",
            "missing_lines": 0,
            "excluded_lines": 0,
            "percent_statements_covered": 100.0,
            "percent_statements_covered_display": "100.00"
          },
          "missing_lines": [],
          "excluded_lines": [],
          "start_line": 246
        },
        "": {
          "executed_lines": [
            13, 14, 15, 16, 18, 21, 22, 29, 30, 31, 34, 35, 38, 39, 45, 46, 56,
            83, 98, 110, 121, 129, 144, 161, 199, 219, 222, 234, 246
          ],
          "summary": {
            "covered_lines": 29,
            "num_statements": 29,
            "percent_covered": 100.0,
            "percent_covered_display": "100.00",
            "missing_lines": 0,
            "excluded_lines": 0,
            "percent_statements_covered": 100.0,
            "percent_statements_covered_display": "100.00"
          },
          "missing_lines": [],
          "excluded_lines": [],
          "start_line": 1
        }
      },
      "classes": {
        "Feature": {
          "executed_lines": [],
          "summary": {
            "covered_lines": 0,
            "num_statements": 0,
            "percent_covered": 100.0,
            "percent_covered_display": "100.00",
            "missing_lines": 0,
            "excluded_lines": 0,
            "percent_statements_covered": 100.0,
            "percent_statements_covered_display": "100.00"
          },
          "missing_lines": [],
          "excluded_lines": [],
          "start_line": 22
        },
        "FeatureFlags": {
          "executed_lines": [
            51, 52, 53, 54, 58, 60, 62, 63, 64, 66, 67, 69, 70, 79, 81, 85, 87,
            88, 89, 90, 93, 94, 95, 96, 107, 108, 119, 127, 138, 154, 155, 156,
            158, 159, 167, 169, 172, 177, 178, 186, 189, 192, 193, 195, 196,
            197, 205
          ],
          "summary": {
            "covered_lines": 47,
            "num_statements": 48,
            "percent_covered": 97.91666666666667,
            "percent_covered_display": "97.92",
            "missing_lines": 1,
            "excluded_lines": 0,
            "percent_statements_covered": 97.91666666666667,
            "percent_statements_covered_display": "97.92"
          },
          "missing_lines": [187],
          "excluded_lines": [],
          "start_line": 35
        },
        "": {
          "executed_lines": [
            13, 14, 15, 16, 18, 21, 22, 29, 30, 31, 34, 35, 38, 39, 45, 46, 56,
            83, 98, 110, 121, 129, 144, 161, 199, 219, 222, 229, 231, 234, 243,
            246, 253, 254
          ],
          "summary": {
            "covered_lines": 34,
            "num_statements": 35,
            "percent_covered": 97.14285714285714,
            "percent_covered_display": "97.14",
            "missing_lines": 1,
            "excluded_lines": 0,
            "percent_statements_covered": 97.14285714285714,
            "percent_statements_covered_display": "97.14"
          },
          "missing_lines": [230],
          "excluded_lines": [],
          "start_line": 1
        }
      }
    },
    "src/tool_router/gateway/__init__.py": {
      "executed_lines": [3, 6],
      "summary": {
        "covered_lines": 2,
        "num_statements": 2,
        "percent_covered": 100.0,
        "percent_covered_display": "100.00",
        "missing_lines": 0,
        "excluded_lines": 0,
        "percent_statements_covered": 100.0,
        "percent_statements_covered_display": "100.00"
      },
      "missing_lines": [],
      "excluded_lines": [],
      "functions": {
        "": {
          "executed_lines": [3, 6],
          "summary": {
            "covered_lines": 2,
            "num_statements": 2,
            "percent_covered": 100.0,
            "percent_covered_display": "100.00",
            "missing_lines": 0,
            "excluded_lines": 0,
            "percent_statements_covered": 100.0,
            "percent_statements_covered_display": "100.00"
          },
          "missing_lines": [],
          "excluded_lines": [],
          "start_line": 1
        }
      },
      "classes": {
        "": {
          "executed_lines": [3, 6],
          "summary": {
            "covered_lines": 2,
            "num_statements": 2,
            "percent_covered": 100.0,
            "percent_covered_display": "100.00",
            "missing_lines": 0,
            "excluded_lines": 0,
            "percent_statements_covered": 100.0,
            "percent_statements_covered_display": "100.00"
          },
          "missing_lines": [],
          "excluded_lines": [],
          "start_line": 1
        }
      }
    },
    "src/tool_router/gateway/client.py": {
      "executed_lines": [
        1, 3, 4, 5, 6, 7, 8, 9, 10, 12, 15, 24, 27, 28, 31, 32, 33, 34, 37, 38,
        39, 40, 41, 44, 45, 48, 52, 55, 57, 59, 60, 63, 66, 67, 68, 70, 71, 72,
        73, 74, 76, 77, 78, 79, 80, 95, 98, 104, 105, 106, 108, 110, 115, 118,
        121, 122, 124, 125, 126, 128, 129, 130, 131, 133, 147, 152, 157, 164,
        174, 176, 177, 178, 179, 180, 182, 183, 184, 185, 186, 188, 198, 199,
        206, 207, 208, 209, 210, 212, 213, 214, 215, 216, 221, 225, 227, 228,
        229, 232, 234, 235, 236
      ],
      "summary": {
        "covered_lines": 101,
        "num_statements": 127,
        "percent_covered": 79.5275590551181,
        "percent_covered_display": "79.53",
        "missing_lines": 26,
        "excluded_lines": 10,
        "percent_statements_covered": 79.5275590551181,
        "percent_statements_covered_display": "79.53"
      },
      "missing_lines": [
        49, 53, 132, 134, 135, 136, 137, 138, 141, 142, 143, 144, 145, 146, 148,
        149, 150, 151, 153, 154, 155, 156, 158, 159, 161, 162
      ],
      "excluded_lines": [83, 84, 85, 86, 87, 88, 89, 90, 91, 92],
      "functions": {
        "_validate_url_security": {
          "executed_lines": [
            24, 27, 28, 31, 32, 33, 34, 37, 38, 39, 40, 41, 44, 45, 48, 52, 55,
            57, 59, 60
          ],
          "summary": {
            "covered_lines": 20,
            "num_statements": 22,
            "percent_covered": 90.9090909090909,
            "percent_covered_display": "90.91",
            "missing_lines": 2,
            "excluded_lines": 0,
            "percent_statements_covered": 90.9090909090909,
            "percent_statements_covered_display": "90.91"
          },
          "missing_lines": [49, 53],
          "excluded_lines": [],
          "start_line": 15
        },
        "RedirectHandler.__init__": {
          "executed_lines": [67, 68],
          "summary": {
            "covered_lines": 2,
            "num_statements": 2,
            "percent_covered": 100.0,
            "percent_covered_display": "100.00",
            "missing_lines": 0,
            "excluded_lines": 0,
            "percent_statements_covered": 100.0,
            "percent_statements_covered_display": "100.00"
          },
          "missing_lines": [],
          "excluded_lines": [],
          "start_line": 66
        },
        "RedirectHandler.http_error_302": {
          "executed_lines": [71, 72, 73, 74],
          "summary": {
            "covered_lines": 4,
            "num_statements": 4,
            "percent_covered": 100.0,
            "percent_covered_display": "100.00",
            "missing_lines": 0,
            "excluded_lines": 0,
            "percent_statements_covered": 100.0,
            "percent_statements_covered_display": "100.00"
          },
          "missing_lines": [],
          "excluded_lines": [],
          "start_line": 70
        },
        "RedirectHandler.http_error_301": {
          "executed_lines": [77, 78, 79, 80],
          "summary": {
            "covered_lines": 4,
            "num_statements": 4,
            "percent_covered": 100.0,
            "percent_covered_display": "100.00",
            "missing_lines": 0,
            "excluded_lines": 0,
            "percent_statements_covered": 100.0,
            "percent_statements_covered_display": "100.00"
          },
          "missing_lines": [],
          "excluded_lines": [],
          "start_line": 76
        },
        "GatewayClient.get_tools": {
          "executed_lines": [],
          "summary": {
            "covered_lines": 0,
            "num_statements": 0,
            "percent_covered": 100.0,
            "percent_covered_display": "100.00",
            "missing_lines": 0,
            "excluded_lines": 2,
            "percent_statements_covered": 100.0,
            "percent_statements_covered_display": "100.00"
          },
          "missing_lines": [],
          "excluded_lines": [87, 88],
          "start_line": 86
        },
        "GatewayClient.call_tool": {
          "executed_lines": [],
          "summary": {
            "covered_lines": 0,
            "num_statements": 0,
            "percent_covered": 100.0,
            "percent_covered_display": "100.00",
            "missing_lines": 0,
            "excluded_lines": 2,
            "percent_statements_covered": 100.0,
            "percent_statements_covered_display": "100.00"
          },
          "missing_lines": [],
          "excluded_lines": [91, 92],
          "start_line": 90
        },
        "HTTPGatewayClient.__init__": {
          "executed_lines": [104, 105, 106],
          "summary": {
            "covered_lines": 3,
            "num_statements": 3,
            "percent_covered": 100.0,
            "percent_covered_display": "100.00",
            "missing_lines": 0,
            "excluded_lines": 0,
            "percent_statements_covered": 100.0,
            "percent_statements_covered_display": "100.00"
          },
          "missing_lines": [],
          "excluded_lines": [],
          "start_line": 98
        },
        "HTTPGatewayClient._headers": {
          "executed_lines": [110],
          "summary": {
            "covered_lines": 1,
            "num_statements": 1,
            "percent_covered": 100.0,
            "percent_covered_display": "100.00",
            "missing_lines": 0,
            "excluded_lines": 0,
            "percent_statements_covered": 100.0,
            "percent_statements_covered_display": "100.00"
          },
          "missing_lines": [],
          "excluded_lines": [],
          "start_line": 108
        },
        "HTTPGatewayClient._make_request": {
          "executed_lines": [
            118, 121, 122, 124, 125, 126, 128, 129, 130, 131, 133, 147, 152, 157
          ],
          "summary": {
            "covered_lines": 14,
            "num_statements": 38,
            "percent_covered": 36.8421052631579,
            "percent_covered_display": "36.84",
            "missing_lines": 24,
            "excluded_lines": 0,
            "percent_statements_covered": 36.8421052631579,
            "percent_statements_covered_display": "36.84"
          },
          "missing_lines": [
            132, 134, 135, 136, 137, 138, 141, 142, 143, 144, 145, 146, 148,
            149, 150, 151, 153, 154, 155, 156, 158, 159, 161, 162
          ],
          "excluded_lines": [],
          "start_line": 115
        },
        "HTTPGatewayClient.get_tools": {
          "executed_lines": [
            174, 176, 177, 178, 179, 180, 182, 183, 184, 185, 186
          ],
          "summary": {
            "covered_lines": 11,
            "num_statements": 11,
            "percent_covered": 100.0,
            "percent_covered_display": "100.00",
            "missing_lines": 0,
            "excluded_lines": 0,
            "percent_statements_covered": 100.0,
            "percent_statements_covered_display": "100.00"
          },
          "missing_lines": [],
          "excluded_lines": [],
          "start_line": 164
        },
        "HTTPGatewayClient.call_tool": {
          "executed_lines": [
            198, 199, 206, 207, 208, 209, 210, 212, 213, 214, 215, 216, 221
          ],
          "summary": {
            "covered_lines": 13,
            "num_statements": 13,
            "percent_covered": 100.0,
            "percent_covered_display": "100.00",
            "missing_lines": 0,
            "excluded_lines": 0,
            "percent_statements_covered": 100.0,
            "percent_statements_covered_display": "100.00"
          },
          "missing_lines": [],
          "excluded_lines": [],
          "start_line": 188
        },
        "get_tools": {
          "executed_lines": [227, 228, 229],
          "summary": {
            "covered_lines": 3,
            "num_statements": 3,
            "percent_covered": 100.0,
            "percent_covered_display": "100.00",
            "missing_lines": 0,
            "excluded_lines": 0,
            "percent_statements_covered": 100.0,
            "percent_statements_covered_display": "100.00"
          },
          "missing_lines": [],
          "excluded_lines": [],
          "start_line": 225
        },
        "call_tool": {
          "executed_lines": [234, 235, 236],
          "summary": {
            "covered_lines": 3,
            "num_statements": 3,
            "percent_covered": 100.0,
            "percent_covered_display": "100.00",
            "missing_lines": 0,
            "excluded_lines": 0,
            "percent_statements_covered": 100.0,
            "percent_statements_covered_display": "100.00"
          },
          "missing_lines": [],
          "excluded_lines": [],
          "start_line": 232
        },
        "": {
          "executed_lines": [
            1, 3, 4, 5, 6, 7, 8, 9, 10, 12, 15, 63, 66, 70, 76, 95, 98, 108,
            115, 164, 188, 225, 232
          ],
          "summary": {
            "covered_lines": 23,
            "num_statements": 23,
            "percent_covered": 100.0,
            "percent_covered_display": "100.00",
            "missing_lines": 0,
            "excluded_lines": 6,
            "percent_statements_covered": 100.0,
            "percent_statements_covered_display": "100.00"
          },
          "missing_lines": [],
          "excluded_lines": [83, 84, 85, 86, 89, 90],
          "start_line": 1
        }
      },
      "classes": {
        "RedirectHandler": {
          "executed_lines": [67, 68, 71, 72, 73, 74, 77, 78, 79, 80],
          "summary": {
            "covered_lines": 10,
            "num_statements": 10,
            "percent_covered": 100.0,
            "percent_covered_display": "100.00",
            "missing_lines": 0,
            "excluded_lines": 0,
            "percent_statements_covered": 100.0,
            "percent_statements_covered_display": "100.00"
          },
          "missing_lines": [],
          "excluded_lines": [],
          "start_line": 63
        },
        "GatewayClient": {
          "executed_lines": [],
          "summary": {
            "covered_lines": 0,
            "num_statements": 0,
            "percent_covered": 100.0,
            "percent_covered_display": "100.00",
            "missing_lines": 0,
            "excluded_lines": 4,
            "percent_statements_covered": 100.0,
            "percent_statements_covered_display": "100.00"
          },
          "missing_lines": [],
[...]
          ],
          "summary": {
            "covered_lines": 28,
            "num_statements": 29,
            "percent_covered": 96.55172413793103,
            "percent_covered_display": "96.55",
            "missing_lines": 1,
            "excluded_lines": 0,
            "percent_statements_covered": 96.55172413793103,
            "percent_statements_covered_display": "96.55"
          },
          "missing_lines": [59],
          "excluded_lines": [],
          "start_line": 1
        }
      }
    },
    "src/tool_router/observability/metrics.py": {
      "executed_lines": [
        3, 5, 6, 7, 8, 9, 12, 13, 16, 17, 20, 21, 24, 25, 26, 27, 28, 30, 31,
        33, 34, 36, 45, 48, 55, 56, 57, 58, 59, 61, 68, 70, 71, 75, 77, 78, 81,
        82, 84, 91, 93, 94, 98, 100, 102, 111, 112, 113, 115, 116, 118, 127,
        128, 130, 136, 137, 142, 143, 144, 145, 153, 155, 157, 158, 159, 162,
        163, 169, 172, 175, 182, 183, 184, 186, 188, 189, 191, 193, 194
      ],
      "summary": {
        "covered_lines": 79,
        "num_statements": 83,
        "percent_covered": 95.18072289156626,
        "percent_covered_display": "95.18",
        "missing_lines": 4,
        "excluded_lines": 0,
        "percent_statements_covered": 95.18072289156626,
        "percent_statements_covered_display": "95.18"
      },
      "missing_lines": [73, 74, 96, 97],
      "excluded_lines": [],
      "functions": {
        "MetricStats.from_values": {
          "executed_lines": [33, 34, 36],
          "summary": {
            "covered_lines": 3,
            "num_statements": 3,
            "percent_covered": 100.0,
            "percent_covered_display": "100.00",
            "missing_lines": 0,
            "excluded_lines": 0,
            "percent_statements_covered": 100.0,
            "percent_statements_covered_display": "100.00"
          },
          "missing_lines": [],
          "excluded_lines": [],
          "start_line": 31
        },
        "MetricsCollector.__init__": {
          "executed_lines": [55, 56, 57, 58, 59],
          "summary": {
            "covered_lines": 5,
            "num_statements": 5,
            "percent_covered": 100.0,
            "percent_covered_display": "100.00",
            "missing_lines": 0,
            "excluded_lines": 0,
            "percent_statements_covered": 100.0,
            "percent_statements_covered_display": "100.00"
          },
          "missing_lines": [],
          "excluded_lines": [],
          "start_line": 48
        },
        "MetricsCollector.record_timing": {
          "executed_lines": [68, 70, 71, 75, 77, 78, 81, 82],
          "summary": {
            "covered_lines": 8,
            "num_statements": 10,
            "percent_covered": 80.0,
            "percent_covered_display": "80.00",
            "missing_lines": 2,
            "excluded_lines": 0,
            "percent_statements_covered": 80.0,
            "percent_statements_covered_display": "80.00"
          },
          "missing_lines": [73, 74],
          "excluded_lines": [],
          "start_line": 61
        },
        "MetricsCollector.increment_counter": {
          "executed_lines": [91, 93, 94, 98, 100],
          "summary": {
            "covered_lines": 5,
            "num_statements": 7,
            "percent_covered": 71.42857142857143,
            "percent_covered_display": "71.43",
            "missing_lines": 2,
            "excluded_lines": 0,
            "percent_statements_covered": 71.42857142857143,
            "percent_statements_covered_display": "71.43"
          },
          "missing_lines": [96, 97],
          "excluded_lines": [],
          "start_line": 84
        },
        "MetricsCollector.get_stats": {
          "executed_lines": [111, 112, 113, 115, 116],
          "summary": {
            "covered_lines": 5,
            "num_statements": 5,
            "percent_covered": 100.0,
            "percent_covered_display": "100.00",
            "missing_lines": 0,
            "excluded_lines": 0,
            "percent_statements_covered": 100.0,
            "percent_statements_covered_display": "100.00"
          },
          "missing_lines": [],
          "excluded_lines": [],
          "start_line": 102
        },
        "MetricsCollector.get_counter": {
          "executed_lines": [127, 128],
          "summary": {
            "covered_lines": 2,
            "num_statements": 2,
            "percent_covered": 100.0,
            "percent_covered_display": "100.00",
            "missing_lines": 0,
            "excluded_lines": 0,
            "percent_statements_covered": 100.0,
            "percent_statements_covered_display": "100.00"
          },
          "missing_lines": [],
          "excluded_lines": [],
          "start_line": 118
        },
        "MetricsCollector.get_all_metrics": {
          "executed_lines": [136, 137, 142, 143, 144, 145, 153],
          "summary": {
            "covered_lines": 7,
            "num_statements": 7,
            "percent_covered": 100.0,
            "percent_covered_display": "100.00",
            "missing_lines": 0,
            "excluded_lines": 0,
            "percent_statements_covered": 100.0,
            "percent_statements_covered_display": "100.00"
          },
          "missing_lines": [],
          "excluded_lines": [],
          "start_line": 130
        },
        "MetricsCollector.reset": {
          "executed_lines": [157, 158, 159],
          "summary": {
            "covered_lines": 3,
            "num_statements": 3,
            "percent_covered": 100.0,
            "percent_covered_display": "100.00",
            "missing_lines": 0,
            "excluded_lines": 0,
            "percent_statements_covered": 100.0,
            "percent_statements_covered_display": "100.00"
          },
          "missing_lines": [],
          "excluded_lines": [],
          "start_line": 155
        },
        "get_metrics": {
          "executed_lines": [169],
          "summary": {
            "covered_lines": 1,
            "num_statements": 1,
            "percent_covered": 100.0,
            "percent_covered_display": "100.00",
            "missing_lines": 0,
            "excluded_lines": 0,
            "percent_statements_covered": 100.0,
            "percent_statements_covered_display": "100.00"
          },
          "missing_lines": [],
          "excluded_lines": [],
          "start_line": 163
        },
        "TimingContext.__init__": {
          "executed_lines": [182, 183, 184],
          "summary": {
            "covered_lines": 3,
            "num_statements": 3,
            "percent_covered": 100.0,
            "percent_covered_display": "100.00",
            "missing_lines": 0,
            "excluded_lines": 0,
            "percent_statements_covered": 100.0,
            "percent_statements_covered_display": "100.00"
          },
          "missing_lines": [],
          "excluded_lines": [],
          "start_line": 175
        },
        "TimingContext.__enter__": {
          "executed_lines": [188, 189],
          "summary": {
            "covered_lines": 2,
            "num_statements": 2,
            "percent_covered": 100.0,
            "percent_covered_display": "100.00",
            "missing_lines": 0,
            "excluded_lines": 0,
            "percent_statements_covered": 100.0,
            "percent_statements_covered_display": "100.00"
          },
          "missing_lines": [],
          "excluded_lines": [],
          "start_line": 186
        },
        "TimingContext.__exit__": {
          "executed_lines": [193, 194],
          "summary": {
            "covered_lines": 2,
            "num_statements": 2,
            "percent_covered": 100.0,
            "percent_covered_display": "100.00",
            "missing_lines": 0,
            "excluded_lines": 0,
            "percent_statements_covered": 100.0,
            "percent_statements_covered_display": "100.00"
          },
          "missing_lines": [],
          "excluded_lines": [],
          "start_line": 191
        },
        "": {
          "executed_lines": [
            3, 5, 6, 7, 8, 9, 12, 13, 16, 17, 20, 21, 24, 25, 26, 27, 28, 30,
            31, 45, 48, 61, 84, 102, 118, 130, 155, 162, 163, 172, 175, 186, 191
          ],
          "summary": {
            "covered_lines": 33,
            "num_statements": 33,
            "percent_covered": 100.0,
            "percent_covered_display": "100.00",
            "missing_lines": 0,
            "excluded_lines": 0,
            "percent_statements_covered": 100.0,
            "percent_statements_covered_display": "100.00"
          },
          "missing_lines": [],
          "excluded_lines": [],
          "start_line": 1
        }
      },
      "classes": {
        "MetricValue": {
          "executed_lines": [],
          "summary": {
            "covered_lines": 0,
            "num_statements": 0,
            "percent_covered": 100.0,
            "percent_covered_display": "100.00",
            "missing_lines": 0,
            "excluded_lines": 0,
            "percent_statements_covered": 100.0,
            "percent_statements_covered_display": "100.00"
          },
          "missing_lines": [],
          "excluded_lines": [],
          "start_line": 13
        },
        "MetricStats": {
          "executed_lines": [33, 34, 36],
          "summary": {
            "covered_lines": 3,
            "num_statements": 3,
            "percent_covered": 100.0,
            "percent_covered_display": "100.00",
            "missing_lines": 0,
            "excluded_lines": 0,
            "percent_statements_covered": 100.0,
            "percent_statements_covered_display": "100.00"
          },
          "missing_lines": [],
          "excluded_lines": [],
          "start_line": 21
        },
        "MetricsCollector": {
          "executed_lines": [
            55, 56, 57, 58, 59, 68, 70, 71, 75, 77, 78, 81, 82, 91, 93, 94, 98,
            100, 111, 112, 113, 115, 116, 127, 128, 136, 137, 142, 143, 144,
            145, 153, 157, 158, 159
          ],
          "summary": {
            "covered_lines": 35,
            "num_statements": 39,
            "percent_covered": 89.74358974358974,
            "percent_covered_display": "89.74",
            "missing_lines": 4,
            "excluded_lines": 0,
            "percent_statements_covered": 89.74358974358974,
            "percent_statements_covered_display": "89.74"
          },
          "missing_lines": [73, 74, 96, 97],
          "excluded_lines": [],
          "start_line": 45
        },
        "TimingContext": {
          "executed_lines": [182, 183, 184, 188, 189, 193, 194],
          "summary": {
            "covered_lines": 7,
            "num_statements": 7,
            "percent_covered": 100.0,
            "percent_covered_display": "100.00",
            "missing_lines": 0,
            "excluded_lines": 0,
            "percent_statements_covered": 100.0,
            "percent_statements_covered_display": "100.00"
          },
          "missing_lines": [],
          "excluded_lines": [],
          "start_line": 172
        },
        "": {
          "executed_lines": [
            3, 5, 6, 7, 8, 9, 12, 13, 16, 17, 20, 21, 24, 25, 26, 27, 28, 30,
            31, 45, 48, 61, 84, 102, 118, 130, 155, 162, 163, 169, 172, 175,
            186, 191
          ],
          "summary": {
            "covered_lines": 34,
            "num_statements": 34,
            "percent_covered": 100.0,
            "percent_covered_display": "100.00",
            "missing_lines": 0,
            "excluded_lines": 0,
            "percent_statements_covered": 100.0,
            "percent_statements_covered_display": "100.00"
          },
          "missing_lines": [],
          "excluded_lines": [],
          "start_line": 1
        }
      }
    },
    "src/tool_router/scoring/__init__.py": {
      "executed_lines": [3, 7, 8, 10],
      "summary": {
        "covered_lines": 4,
        "num_statements": 4,
        "percent_covered": 100.0,
        "percent_covered_display": "100.00",
        "missing_lines": 0,
        "excluded_lines": 0,
        "percent_statements_covered": 100.0,
        "percent_statements_covered_display": "100.00"
      },
      "missing_lines": [],
      "excluded_lines": [],
      "functions": {
        "": {
          "executed_lines": [3, 7, 8, 10],
          "summary": {
            "covered_lines": 4,
            "num_statements": 4,
            "percent_covered": 100.0,
            "percent_covered_display": "100.00",
            "missing_lines": 0,
            "excluded_lines": 0,
            "percent_statements_covered": 100.0,
            "percent_statements_covered_display": "100.00"
          },
          "missing_lines": [],
          "excluded_lines": [],
          "start_line": 1
        }
      },
      "classes": {
        "": {
          "executed_lines": [3, 7, 8, 10],
          "summary": {
            "covered_lines": 4,
            "num_statements": 4,
            "percent_covered": 100.0,
            "percent_covered_display": "100.00",
            "missing_lines": 0,
            "excluded_lines": 0,
            "percent_statements_covered": 100.0,
            "percent_statements_covered_display": "100.00"
          },
          "missing_lines": [],
          "excluded_lines": [],
          "start_line": 1
        }
      }
    },
    "src/tool_router/scoring/matcher.py": {
      "executed_lines": [
        1, 3, 4, 8, 20, 22, 23, 26, 28, 29, 30, 31, 32, 35, 37, 38, 39, 40, 41,
        42, 45, 47, 48, 49, 51, 52, 55, 57, 58, 59, 61, 62, 63, 66, 67, 68, 71,
        72, 74, 82, 85, 105, 106, 109, 111, 114, 115, 118, 125, 126, 128, 129,
        132, 135, 158, 159, 161, 162, 163, 165, 167, 170, 171, 173, 175, 178
      ],
      "summary": {
        "covered_lines": 66,
        "num_statements": 66,
        "percent_covered": 100.0,
        "percent_covered_display": "100.00",
        "missing_lines": 0,
        "excluded_lines": 0,
        "percent_statements_covered": 100.0,
        "percent_statements_covered_display": "100.00"
      },
      "missing_lines": [],
      "excluded_lines": [],
      "functions": {
        "_extract_normalized_tokens": {
          "executed_lines": [22, 23],
          "summary": {
            "covered_lines": 2,
            "num_statements": 2,
            "percent_covered": 100.0,
            "percent_covered_display": "100.00",
            "missing_lines": 0,
            "excluded_lines": 0,
            "percent_statements_covered": 100.0,
            "percent_statements_covered_display": "100.00"
          },
          "missing_lines": [],
          "excluded_lines": [],
          "start_line": 20
        },
        "_enrich_tokens_with_synonyms": {
          "executed_lines": [28, 29, 30, 31, 32],
          "summary": {
            "covered_lines": 5,
            "num_statements": 5,
            "percent_covered": 100.0,
            "percent_covered_display": "100.00",
            "missing_lines": 0,
            "excluded_lines": 0,
            "percent_statements_covered": 100.0,
            "percent_statements_covered_display": "100.00"
          },
          "missing_lines": [],
          "excluded_lines": [],
          "start_line": 26
        },
        "_calculate_substring_match_score": {
          "executed_lines": [37, 38, 39, 40, 41, 42],
          "summary": {
            "covered_lines": 6,
            "num_statements": 6,
            "percent_covered": 100.0,
            "percent_covered_display": "100.00",
            "missing_lines": 0,
            "excluded_lines": 0,
            "percent_statements_covered": 100.0,
            "percent_statements_covered_display": "100.00"
          },
          "missing_lines": [],
          "excluded_lines": [],
          "start_line": 35
        },
        "calculate_tool_relevance_score": {
          "executed_lines": [
            47, 48, 49, 51, 52, 55, 57, 58, 59, 61, 62, 63, 66, 67, 68, 71, 72,
            74, 82
          ],
          "summary": {
            "covered_lines": 19,
            "num_statements": 19,
            "percent_covered": 100.0,
            "percent_covered_display": "100.00",
            "missing_lines": 0,
            "excluded_lines": 0,
            "percent_statements_covered": 100.0,
            "percent_statements_covered_display": "100.00"
          },
          "missing_lines": [],
          "excluded_lines": [],
          "start_line": 45
        },
        "calculate_hybrid_score": {
          "executed_lines": [105, 106, 109, 111, 114, 115],
          "summary": {
            "covered_lines": 6,
            "num_statements": 6,
            "percent_covered": 100.0,
            "percent_covered_display": "100.00",
            "missing_lines": 0,
            "excluded_lines": 0,
            "percent_statements_covered": 100.0,
            "percent_statements_covered_display": "100.00"
          },
          "missing_lines": [],
          "excluded_lines": [],
          "start_line": 85
        },
        "select_top_matching_tools": {
          "executed_lines": [125, 126, 128, 129, 132],
          "summary": {
            "covered_lines": 5,
            "num_statements": 5,
            "percent_covered": 100.0,
            "percent_covered_display": "100.00",
            "missing_lines": 0,
            "excluded_lines": 0,
            "percent_statements_covered": 100.0,
            "percent_statements_covered_display": "100.00"
          },
          "missing_lines": [],
          "excluded_lines": [],
          "start_line": 118
        },
        "select_top_matching_tools_with_ai": {
          "executed_lines": [
            158, 159, 161, 162, 163, 165, 167, 170, 171, 173, 175, 178
          ],
          "summary": {
            "covered_lines": 12,
            "num_statements": 12,
            "percent_covered": 100.0,
            "percent_covered_display": "100.00",
            "missing_lines": 0,
            "excluded_lines": 0,
            "percent_statements_covered": 100.0,
            "percent_statements_covered_display": "100.00"
          },
          "missing_lines": [],
          "excluded_lines": [],
          "start_line": 135
        },
        "": {
          "executed_lines": [1, 3, 4, 8, 20, 26, 35, 45, 85, 118, 135],
          "summary": {
            "covered_lines": 11,
            "num_statements": 11,
            "percent_covered": 100.0,
            "percent_covered_display": "100.00",
            "missing_lines": 0,
            "excluded_lines": 0,
            "percent_statements_covered": 100.0,
            "percent_statements_covered_display": "100.00"
          },
          "missing_lines": [],
          "excluded_lines": [],
          "start_line": 1
        }
      },
      "classes": {
        "": {
          "executed_lines": [
            1, 3, 4, 8, 20, 22, 23, 26, 28, 29, 30, 31, 32, 35, 37, 38, 39, 40,
            41, 42, 45, 47, 48, 49, 51, 52, 55, 57, 58, 59, 61, 62, 63, 66, 67,
            68, 71, 72, 74, 82, 85, 105, 106, 109, 111, 114, 115, 118, 125, 126,
            128, 129, 132, 135, 158, 159, 161, 162, 163, 165, 167, 170, 171,
            173, 175, 178
          ],
          "summary": {
            "covered_lines": 66,
            "num_statements": 66,
            "percent_covered": 100.0,
            "percent_covered_display": "100.00",
            "missing_lines": 0,
            "excluded_lines": 0,
            "percent_statements_covered": 100.0,
            "percent_statements_covered_display": "100.00"
          },
          "missing_lines": [],
          "excluded_lines": [],
          "start_line": 1
        }
      }
    }
  },
  "totals": {
    "covered_lines": 901,
    "num_statements": 1044,
    "percent_covered": 86.30268199233717,
    "percent_covered_display": "86.30",
    "missing_lines": 143,
    "excluded_lines": 17,
    "percent_statements_covered": 86.30268199233717,
    "percent_statements_covered_display": "86.30"
  }
}
